[2023-12-12T00:06:26.195+0000] {processor.py:157} INFO - Started process (PID=94455) to work on /opt/airflow/dags/a_foobar_dag.py
[2023-12-12T00:06:26.197+0000] {processor.py:829} INFO - Processing file /opt/airflow/dags/a_foobar_dag.py for tasks to queue
[2023-12-12T00:06:26.199+0000] {logging_mixin.py:154} INFO - [2023-12-12T00:06:26.198+0000] {dagbag.py:536} INFO - Filling up the DagBag from /opt/airflow/dags/a_foobar_dag.py
[2023-12-12T00:06:26.224+0000] {processor.py:839} INFO - DAG(s) dict_keys(['a_foobar_dag']) retrieved from /opt/airflow/dags/a_foobar_dag.py
[2023-12-12T00:06:26.567+0000] {logging_mixin.py:154} INFO - [2023-12-12T00:06:26.567+0000] {dag.py:2941} INFO - Sync 1 DAGs
[2023-12-12T00:06:26.609+0000] {logging_mixin.py:154} INFO - [2023-12-12T00:06:26.609+0000] {dag.py:3722} INFO - Setting next_dagrun for a_foobar_dag to None, run_after=None
[2023-12-12T00:06:26.659+0000] {processor.py:179} INFO - Processing /opt/airflow/dags/a_foobar_dag.py took 0.473 seconds
[2023-12-12T02:04:36.930+0000] {processor.py:157} INFO - Started process (PID=94513) to work on /opt/airflow/dags/a_foobar_dag.py
[2023-12-12T02:04:36.932+0000] {processor.py:829} INFO - Processing file /opt/airflow/dags/a_foobar_dag.py for tasks to queue
[2023-12-12T02:04:36.934+0000] {logging_mixin.py:154} INFO - [2023-12-12T02:04:36.934+0000] {dagbag.py:536} INFO - Filling up the DagBag from /opt/airflow/dags/a_foobar_dag.py
[2023-12-12T02:04:36.957+0000] {processor.py:839} INFO - DAG(s) dict_keys(['a_foobar_dag']) retrieved from /opt/airflow/dags/a_foobar_dag.py
[2023-12-12T02:04:37.011+0000] {logging_mixin.py:154} INFO - [2023-12-12T02:04:37.010+0000] {dag.py:2941} INFO - Sync 1 DAGs
[2023-12-12T02:04:37.034+0000] {logging_mixin.py:154} INFO - [2023-12-12T02:04:37.034+0000] {dag.py:3722} INFO - Setting next_dagrun for a_foobar_dag to None, run_after=None
[2023-12-12T02:04:37.068+0000] {processor.py:179} INFO - Processing /opt/airflow/dags/a_foobar_dag.py took 0.143 seconds
[2023-12-12T05:05:03.133+0000] {processor.py:157} INFO - Started process (PID=94575) to work on /opt/airflow/dags/a_foobar_dag.py
[2023-12-12T05:05:03.136+0000] {processor.py:829} INFO - Processing file /opt/airflow/dags/a_foobar_dag.py for tasks to queue
[2023-12-12T05:05:03.139+0000] {logging_mixin.py:154} INFO - [2023-12-12T05:05:03.138+0000] {dagbag.py:536} INFO - Filling up the DagBag from /opt/airflow/dags/a_foobar_dag.py
[2023-12-12T05:05:03.160+0000] {processor.py:839} INFO - DAG(s) dict_keys(['a_foobar_dag']) retrieved from /opt/airflow/dags/a_foobar_dag.py
[2023-12-12T05:05:03.197+0000] {logging_mixin.py:154} INFO - [2023-12-12T05:05:03.197+0000] {dag.py:2941} INFO - Sync 1 DAGs
[2023-12-12T05:05:03.218+0000] {logging_mixin.py:154} INFO - [2023-12-12T05:05:03.218+0000] {dag.py:3722} INFO - Setting next_dagrun for a_foobar_dag to None, run_after=None
[2023-12-12T05:05:03.256+0000] {processor.py:179} INFO - Processing /opt/airflow/dags/a_foobar_dag.py took 0.129 seconds
[2023-12-12T07:05:15.577+0000] {processor.py:157} INFO - Started process (PID=94632) to work on /opt/airflow/dags/a_foobar_dag.py
[2023-12-12T07:05:15.578+0000] {processor.py:829} INFO - Processing file /opt/airflow/dags/a_foobar_dag.py for tasks to queue
[2023-12-12T07:05:15.580+0000] {logging_mixin.py:154} INFO - [2023-12-12T07:05:15.580+0000] {dagbag.py:536} INFO - Filling up the DagBag from /opt/airflow/dags/a_foobar_dag.py
[2023-12-12T07:05:15.597+0000] {processor.py:839} INFO - DAG(s) dict_keys(['a_foobar_dag']) retrieved from /opt/airflow/dags/a_foobar_dag.py
[2023-12-12T07:05:15.750+0000] {logging_mixin.py:154} INFO - [2023-12-12T07:05:15.750+0000] {dag.py:2941} INFO - Sync 1 DAGs
[2023-12-12T07:05:15.779+0000] {logging_mixin.py:154} INFO - [2023-12-12T07:05:15.779+0000] {dag.py:3722} INFO - Setting next_dagrun for a_foobar_dag to None, run_after=None
[2023-12-12T07:05:15.815+0000] {processor.py:179} INFO - Processing /opt/airflow/dags/a_foobar_dag.py took 0.246 seconds
[2023-12-12T08:19:26.610+0000] {processor.py:157} INFO - Started process (PID=94687) to work on /opt/airflow/dags/a_foobar_dag.py
[2023-12-12T08:19:26.617+0000] {processor.py:829} INFO - Processing file /opt/airflow/dags/a_foobar_dag.py for tasks to queue
[2023-12-12T08:19:26.620+0000] {logging_mixin.py:154} INFO - [2023-12-12T08:19:26.619+0000] {dagbag.py:536} INFO - Filling up the DagBag from /opt/airflow/dags/a_foobar_dag.py
[2023-12-12T08:19:26.639+0000] {processor.py:839} INFO - DAG(s) dict_keys(['a_foobar_dag']) retrieved from /opt/airflow/dags/a_foobar_dag.py
[2023-12-12T08:19:26.677+0000] {logging_mixin.py:154} INFO - [2023-12-12T08:19:26.677+0000] {dag.py:2941} INFO - Sync 1 DAGs
[2023-12-12T08:19:26.826+0000] {logging_mixin.py:154} INFO - [2023-12-12T08:19:26.802+0000] {dag.py:3722} INFO - Setting next_dagrun for a_foobar_dag to None, run_after=None
[2023-12-12T08:19:26.909+0000] {processor.py:179} INFO - Processing /opt/airflow/dags/a_foobar_dag.py took 0.307 seconds
[2023-12-12T10:57:33.968+0000] {processor.py:157} INFO - Started process (PID=94752) to work on /opt/airflow/dags/a_foobar_dag.py
[2023-12-12T10:57:33.970+0000] {processor.py:829} INFO - Processing file /opt/airflow/dags/a_foobar_dag.py for tasks to queue
[2023-12-12T10:57:33.972+0000] {logging_mixin.py:154} INFO - [2023-12-12T10:57:33.971+0000] {dagbag.py:536} INFO - Filling up the DagBag from /opt/airflow/dags/a_foobar_dag.py
[2023-12-12T10:57:33.987+0000] {processor.py:839} INFO - DAG(s) dict_keys(['a_foobar_dag']) retrieved from /opt/airflow/dags/a_foobar_dag.py
[2023-12-12T10:57:34.030+0000] {logging_mixin.py:154} INFO - [2023-12-12T10:57:34.029+0000] {dag.py:2941} INFO - Sync 1 DAGs
[2023-12-12T10:57:34.046+0000] {logging_mixin.py:154} INFO - [2023-12-12T10:57:34.046+0000] {dag.py:3722} INFO - Setting next_dagrun for a_foobar_dag to None, run_after=None
[2023-12-12T10:57:34.074+0000] {processor.py:179} INFO - Processing /opt/airflow/dags/a_foobar_dag.py took 0.112 seconds
[2023-12-12T14:07:07.442+0000] {processor.py:157} INFO - Started process (PID=94809) to work on /opt/airflow/dags/a_foobar_dag.py
[2023-12-12T14:07:07.444+0000] {processor.py:829} INFO - Processing file /opt/airflow/dags/a_foobar_dag.py for tasks to queue
[2023-12-12T14:07:07.446+0000] {logging_mixin.py:154} INFO - [2023-12-12T14:07:07.446+0000] {dagbag.py:536} INFO - Filling up the DagBag from /opt/airflow/dags/a_foobar_dag.py
[2023-12-12T14:07:07.462+0000] {processor.py:839} INFO - DAG(s) dict_keys(['a_foobar_dag']) retrieved from /opt/airflow/dags/a_foobar_dag.py
[2023-12-12T14:07:07.511+0000] {logging_mixin.py:154} INFO - [2023-12-12T14:07:07.510+0000] {dag.py:2941} INFO - Sync 1 DAGs
[2023-12-12T14:07:07.537+0000] {logging_mixin.py:154} INFO - [2023-12-12T14:07:07.536+0000] {dag.py:3722} INFO - Setting next_dagrun for a_foobar_dag to None, run_after=None
[2023-12-12T14:07:07.567+0000] {processor.py:179} INFO - Processing /opt/airflow/dags/a_foobar_dag.py took 0.132 seconds
[2023-12-12T14:07:38.017+0000] {processor.py:157} INFO - Started process (PID=94865) to work on /opt/airflow/dags/a_foobar_dag.py
[2023-12-12T14:07:38.019+0000] {processor.py:829} INFO - Processing file /opt/airflow/dags/a_foobar_dag.py for tasks to queue
[2023-12-12T14:07:38.020+0000] {logging_mixin.py:154} INFO - [2023-12-12T14:07:38.020+0000] {dagbag.py:536} INFO - Filling up the DagBag from /opt/airflow/dags/a_foobar_dag.py
[2023-12-12T14:07:38.033+0000] {processor.py:839} INFO - DAG(s) dict_keys(['a_foobar_dag']) retrieved from /opt/airflow/dags/a_foobar_dag.py
[2023-12-12T14:07:38.057+0000] {logging_mixin.py:154} INFO - [2023-12-12T14:07:38.056+0000] {dag.py:2941} INFO - Sync 1 DAGs
[2023-12-12T14:07:38.071+0000] {logging_mixin.py:154} INFO - [2023-12-12T14:07:38.071+0000] {dag.py:3722} INFO - Setting next_dagrun for a_foobar_dag to None, run_after=None
[2023-12-12T14:07:38.094+0000] {processor.py:179} INFO - Processing /opt/airflow/dags/a_foobar_dag.py took 0.082 seconds
[2023-12-12T14:08:08.635+0000] {processor.py:157} INFO - Started process (PID=94921) to work on /opt/airflow/dags/a_foobar_dag.py
[2023-12-12T14:08:08.637+0000] {processor.py:829} INFO - Processing file /opt/airflow/dags/a_foobar_dag.py for tasks to queue
[2023-12-12T14:08:08.640+0000] {logging_mixin.py:154} INFO - [2023-12-12T14:08:08.639+0000] {dagbag.py:536} INFO - Filling up the DagBag from /opt/airflow/dags/a_foobar_dag.py
[2023-12-12T14:08:08.656+0000] {processor.py:839} INFO - DAG(s) dict_keys(['a_foobar_dag']) retrieved from /opt/airflow/dags/a_foobar_dag.py
[2023-12-12T14:08:08.688+0000] {logging_mixin.py:154} INFO - [2023-12-12T14:08:08.688+0000] {dag.py:2941} INFO - Sync 1 DAGs
[2023-12-12T14:08:08.711+0000] {logging_mixin.py:154} INFO - [2023-12-12T14:08:08.711+0000] {dag.py:3722} INFO - Setting next_dagrun for a_foobar_dag to None, run_after=None
[2023-12-12T14:08:08.746+0000] {processor.py:179} INFO - Processing /opt/airflow/dags/a_foobar_dag.py took 0.119 seconds
[2023-12-12T14:08:38.948+0000] {processor.py:157} INFO - Started process (PID=94977) to work on /opt/airflow/dags/a_foobar_dag.py
[2023-12-12T14:08:38.949+0000] {processor.py:829} INFO - Processing file /opt/airflow/dags/a_foobar_dag.py for tasks to queue
[2023-12-12T14:08:38.951+0000] {logging_mixin.py:154} INFO - [2023-12-12T14:08:38.950+0000] {dagbag.py:536} INFO - Filling up the DagBag from /opt/airflow/dags/a_foobar_dag.py
[2023-12-12T14:08:38.962+0000] {processor.py:839} INFO - DAG(s) dict_keys(['a_foobar_dag']) retrieved from /opt/airflow/dags/a_foobar_dag.py
[2023-12-12T14:08:38.987+0000] {logging_mixin.py:154} INFO - [2023-12-12T14:08:38.986+0000] {dag.py:2941} INFO - Sync 1 DAGs
[2023-12-12T14:08:39.002+0000] {logging_mixin.py:154} INFO - [2023-12-12T14:08:39.002+0000] {dag.py:3722} INFO - Setting next_dagrun for a_foobar_dag to None, run_after=None
[2023-12-12T14:08:39.025+0000] {processor.py:179} INFO - Processing /opt/airflow/dags/a_foobar_dag.py took 0.083 seconds
[2023-12-12T14:09:09.956+0000] {processor.py:157} INFO - Started process (PID=95033) to work on /opt/airflow/dags/a_foobar_dag.py
[2023-12-12T14:09:09.957+0000] {processor.py:829} INFO - Processing file /opt/airflow/dags/a_foobar_dag.py for tasks to queue
[2023-12-12T14:09:09.959+0000] {logging_mixin.py:154} INFO - [2023-12-12T14:09:09.958+0000] {dagbag.py:536} INFO - Filling up the DagBag from /opt/airflow/dags/a_foobar_dag.py
[2023-12-12T14:09:09.971+0000] {processor.py:839} INFO - DAG(s) dict_keys(['a_foobar_dag']) retrieved from /opt/airflow/dags/a_foobar_dag.py
[2023-12-12T14:09:09.995+0000] {logging_mixin.py:154} INFO - [2023-12-12T14:09:09.995+0000] {dag.py:2941} INFO - Sync 1 DAGs
[2023-12-12T14:09:10.011+0000] {logging_mixin.py:154} INFO - [2023-12-12T14:09:10.011+0000] {dag.py:3722} INFO - Setting next_dagrun for a_foobar_dag to None, run_after=None
[2023-12-12T14:09:10.034+0000] {processor.py:179} INFO - Processing /opt/airflow/dags/a_foobar_dag.py took 0.083 seconds
[2023-12-12T14:09:40.280+0000] {processor.py:157} INFO - Started process (PID=95089) to work on /opt/airflow/dags/a_foobar_dag.py
[2023-12-12T14:09:40.282+0000] {processor.py:829} INFO - Processing file /opt/airflow/dags/a_foobar_dag.py for tasks to queue
[2023-12-12T14:09:40.284+0000] {logging_mixin.py:154} INFO - [2023-12-12T14:09:40.283+0000] {dagbag.py:536} INFO - Filling up the DagBag from /opt/airflow/dags/a_foobar_dag.py
[2023-12-12T14:09:40.297+0000] {processor.py:839} INFO - DAG(s) dict_keys(['a_foobar_dag']) retrieved from /opt/airflow/dags/a_foobar_dag.py
[2023-12-12T14:09:40.324+0000] {logging_mixin.py:154} INFO - [2023-12-12T14:09:40.324+0000] {dag.py:2941} INFO - Sync 1 DAGs
[2023-12-12T14:09:40.343+0000] {logging_mixin.py:154} INFO - [2023-12-12T14:09:40.343+0000] {dag.py:3722} INFO - Setting next_dagrun for a_foobar_dag to None, run_after=None
[2023-12-12T14:09:40.370+0000] {processor.py:179} INFO - Processing /opt/airflow/dags/a_foobar_dag.py took 0.095 seconds
[2023-12-12T14:10:10.858+0000] {processor.py:157} INFO - Started process (PID=95145) to work on /opt/airflow/dags/a_foobar_dag.py
[2023-12-12T14:10:10.860+0000] {processor.py:829} INFO - Processing file /opt/airflow/dags/a_foobar_dag.py for tasks to queue
[2023-12-12T14:10:10.861+0000] {logging_mixin.py:154} INFO - [2023-12-12T14:10:10.861+0000] {dagbag.py:536} INFO - Filling up the DagBag from /opt/airflow/dags/a_foobar_dag.py
[2023-12-12T14:10:10.875+0000] {processor.py:839} INFO - DAG(s) dict_keys(['a_foobar_dag']) retrieved from /opt/airflow/dags/a_foobar_dag.py
[2023-12-12T14:10:10.903+0000] {logging_mixin.py:154} INFO - [2023-12-12T14:10:10.902+0000] {dag.py:2941} INFO - Sync 1 DAGs
[2023-12-12T14:10:10.923+0000] {logging_mixin.py:154} INFO - [2023-12-12T14:10:10.923+0000] {dag.py:3722} INFO - Setting next_dagrun for a_foobar_dag to None, run_after=None
[2023-12-12T14:10:10.951+0000] {processor.py:179} INFO - Processing /opt/airflow/dags/a_foobar_dag.py took 0.097 seconds
[2023-12-12T14:10:41.361+0000] {processor.py:157} INFO - Started process (PID=95201) to work on /opt/airflow/dags/a_foobar_dag.py
[2023-12-12T14:10:41.363+0000] {processor.py:829} INFO - Processing file /opt/airflow/dags/a_foobar_dag.py for tasks to queue
[2023-12-12T14:10:41.364+0000] {logging_mixin.py:154} INFO - [2023-12-12T14:10:41.364+0000] {dagbag.py:536} INFO - Filling up the DagBag from /opt/airflow/dags/a_foobar_dag.py
[2023-12-12T14:10:41.377+0000] {processor.py:839} INFO - DAG(s) dict_keys(['a_foobar_dag']) retrieved from /opt/airflow/dags/a_foobar_dag.py
[2023-12-12T14:10:41.405+0000] {logging_mixin.py:154} INFO - [2023-12-12T14:10:41.405+0000] {dag.py:2941} INFO - Sync 1 DAGs
[2023-12-12T14:10:41.422+0000] {logging_mixin.py:154} INFO - [2023-12-12T14:10:41.422+0000] {dag.py:3722} INFO - Setting next_dagrun for a_foobar_dag to None, run_after=None
[2023-12-12T14:10:41.448+0000] {processor.py:179} INFO - Processing /opt/airflow/dags/a_foobar_dag.py took 0.092 seconds
[2023-12-12T14:11:11.586+0000] {processor.py:157} INFO - Started process (PID=95257) to work on /opt/airflow/dags/a_foobar_dag.py
[2023-12-12T14:11:11.588+0000] {processor.py:829} INFO - Processing file /opt/airflow/dags/a_foobar_dag.py for tasks to queue
[2023-12-12T14:11:11.589+0000] {logging_mixin.py:154} INFO - [2023-12-12T14:11:11.589+0000] {dagbag.py:536} INFO - Filling up the DagBag from /opt/airflow/dags/a_foobar_dag.py
[2023-12-12T14:11:11.601+0000] {processor.py:839} INFO - DAG(s) dict_keys(['a_foobar_dag']) retrieved from /opt/airflow/dags/a_foobar_dag.py
[2023-12-12T14:11:11.629+0000] {logging_mixin.py:154} INFO - [2023-12-12T14:11:11.628+0000] {dag.py:2941} INFO - Sync 1 DAGs
[2023-12-12T14:11:11.645+0000] {logging_mixin.py:154} INFO - [2023-12-12T14:11:11.644+0000] {dag.py:3722} INFO - Setting next_dagrun for a_foobar_dag to None, run_after=None
[2023-12-12T14:11:11.670+0000] {processor.py:179} INFO - Processing /opt/airflow/dags/a_foobar_dag.py took 0.088 seconds
[2023-12-12T14:11:41.980+0000] {processor.py:157} INFO - Started process (PID=95313) to work on /opt/airflow/dags/a_foobar_dag.py
[2023-12-12T14:11:41.982+0000] {processor.py:829} INFO - Processing file /opt/airflow/dags/a_foobar_dag.py for tasks to queue
[2023-12-12T14:11:41.984+0000] {logging_mixin.py:154} INFO - [2023-12-12T14:11:41.983+0000] {dagbag.py:536} INFO - Filling up the DagBag from /opt/airflow/dags/a_foobar_dag.py
[2023-12-12T14:11:42.001+0000] {processor.py:839} INFO - DAG(s) dict_keys(['a_foobar_dag']) retrieved from /opt/airflow/dags/a_foobar_dag.py
[2023-12-12T14:11:42.027+0000] {logging_mixin.py:154} INFO - [2023-12-12T14:11:42.027+0000] {dag.py:2941} INFO - Sync 1 DAGs
[2023-12-12T14:11:42.053+0000] {logging_mixin.py:154} INFO - [2023-12-12T14:11:42.053+0000] {dag.py:3722} INFO - Setting next_dagrun for a_foobar_dag to None, run_after=None
[2023-12-12T14:11:42.080+0000] {processor.py:179} INFO - Processing /opt/airflow/dags/a_foobar_dag.py took 0.106 seconds
[2023-12-12T14:12:12.673+0000] {processor.py:157} INFO - Started process (PID=95369) to work on /opt/airflow/dags/a_foobar_dag.py
[2023-12-12T14:12:12.675+0000] {processor.py:829} INFO - Processing file /opt/airflow/dags/a_foobar_dag.py for tasks to queue
[2023-12-12T14:12:12.676+0000] {logging_mixin.py:154} INFO - [2023-12-12T14:12:12.676+0000] {dagbag.py:536} INFO - Filling up the DagBag from /opt/airflow/dags/a_foobar_dag.py
[2023-12-12T14:12:12.689+0000] {processor.py:839} INFO - DAG(s) dict_keys(['a_foobar_dag']) retrieved from /opt/airflow/dags/a_foobar_dag.py
[2023-12-12T14:12:12.714+0000] {logging_mixin.py:154} INFO - [2023-12-12T14:12:12.714+0000] {dag.py:2941} INFO - Sync 1 DAGs
[2023-12-12T14:12:12.731+0000] {logging_mixin.py:154} INFO - [2023-12-12T14:12:12.730+0000] {dag.py:3722} INFO - Setting next_dagrun for a_foobar_dag to None, run_after=None
[2023-12-12T14:12:12.754+0000] {processor.py:179} INFO - Processing /opt/airflow/dags/a_foobar_dag.py took 0.085 seconds
[2023-12-12T14:12:43.146+0000] {processor.py:157} INFO - Started process (PID=95425) to work on /opt/airflow/dags/a_foobar_dag.py
[2023-12-12T14:12:43.147+0000] {processor.py:829} INFO - Processing file /opt/airflow/dags/a_foobar_dag.py for tasks to queue
[2023-12-12T14:12:43.149+0000] {logging_mixin.py:154} INFO - [2023-12-12T14:12:43.148+0000] {dagbag.py:536} INFO - Filling up the DagBag from /opt/airflow/dags/a_foobar_dag.py
[2023-12-12T14:12:43.161+0000] {processor.py:839} INFO - DAG(s) dict_keys(['a_foobar_dag']) retrieved from /opt/airflow/dags/a_foobar_dag.py
[2023-12-12T14:12:43.187+0000] {logging_mixin.py:154} INFO - [2023-12-12T14:12:43.187+0000] {dag.py:2941} INFO - Sync 1 DAGs
[2023-12-12T14:12:43.203+0000] {logging_mixin.py:154} INFO - [2023-12-12T14:12:43.203+0000] {dag.py:3722} INFO - Setting next_dagrun for a_foobar_dag to None, run_after=None
[2023-12-12T14:12:43.227+0000] {processor.py:179} INFO - Processing /opt/airflow/dags/a_foobar_dag.py took 0.086 seconds
[2023-12-12T14:13:13.361+0000] {processor.py:157} INFO - Started process (PID=95481) to work on /opt/airflow/dags/a_foobar_dag.py
[2023-12-12T14:13:13.362+0000] {processor.py:829} INFO - Processing file /opt/airflow/dags/a_foobar_dag.py for tasks to queue
[2023-12-12T14:13:13.364+0000] {logging_mixin.py:154} INFO - [2023-12-12T14:13:13.363+0000] {dagbag.py:536} INFO - Filling up the DagBag from /opt/airflow/dags/a_foobar_dag.py
[2023-12-12T14:13:13.375+0000] {processor.py:839} INFO - DAG(s) dict_keys(['a_foobar_dag']) retrieved from /opt/airflow/dags/a_foobar_dag.py
[2023-12-12T14:13:13.403+0000] {logging_mixin.py:154} INFO - [2023-12-12T14:13:13.403+0000] {dag.py:2941} INFO - Sync 1 DAGs
[2023-12-12T14:13:13.419+0000] {logging_mixin.py:154} INFO - [2023-12-12T14:13:13.418+0000] {dag.py:3722} INFO - Setting next_dagrun for a_foobar_dag to None, run_after=None
[2023-12-12T14:13:13.443+0000] {processor.py:179} INFO - Processing /opt/airflow/dags/a_foobar_dag.py took 0.086 seconds
[2023-12-12T14:13:43.748+0000] {processor.py:157} INFO - Started process (PID=95537) to work on /opt/airflow/dags/a_foobar_dag.py
[2023-12-12T14:13:43.750+0000] {processor.py:829} INFO - Processing file /opt/airflow/dags/a_foobar_dag.py for tasks to queue
[2023-12-12T14:13:43.751+0000] {logging_mixin.py:154} INFO - [2023-12-12T14:13:43.751+0000] {dagbag.py:536} INFO - Filling up the DagBag from /opt/airflow/dags/a_foobar_dag.py
[2023-12-12T14:13:43.763+0000] {processor.py:839} INFO - DAG(s) dict_keys(['a_foobar_dag']) retrieved from /opt/airflow/dags/a_foobar_dag.py
[2023-12-12T14:13:43.789+0000] {logging_mixin.py:154} INFO - [2023-12-12T14:13:43.789+0000] {dag.py:2941} INFO - Sync 1 DAGs
[2023-12-12T14:13:43.805+0000] {logging_mixin.py:154} INFO - [2023-12-12T14:13:43.805+0000] {dag.py:3722} INFO - Setting next_dagrun for a_foobar_dag to None, run_after=None
[2023-12-12T14:13:43.828+0000] {processor.py:179} INFO - Processing /opt/airflow/dags/a_foobar_dag.py took 0.085 seconds
[2023-12-12T14:14:13.962+0000] {processor.py:157} INFO - Started process (PID=95594) to work on /opt/airflow/dags/a_foobar_dag.py
[2023-12-12T14:14:13.964+0000] {processor.py:829} INFO - Processing file /opt/airflow/dags/a_foobar_dag.py for tasks to queue
[2023-12-12T14:14:13.966+0000] {logging_mixin.py:154} INFO - [2023-12-12T14:14:13.966+0000] {dagbag.py:536} INFO - Filling up the DagBag from /opt/airflow/dags/a_foobar_dag.py
[2023-12-12T14:14:13.982+0000] {processor.py:839} INFO - DAG(s) dict_keys(['a_foobar_dag']) retrieved from /opt/airflow/dags/a_foobar_dag.py
[2023-12-12T14:14:14.018+0000] {logging_mixin.py:154} INFO - [2023-12-12T14:14:14.017+0000] {dag.py:2941} INFO - Sync 1 DAGs
[2023-12-12T14:14:14.040+0000] {logging_mixin.py:154} INFO - [2023-12-12T14:14:14.040+0000] {dag.py:3722} INFO - Setting next_dagrun for a_foobar_dag to None, run_after=None
[2023-12-12T14:14:14.069+0000] {processor.py:179} INFO - Processing /opt/airflow/dags/a_foobar_dag.py took 0.113 seconds
[2023-12-12T14:14:44.155+0000] {processor.py:157} INFO - Started process (PID=95651) to work on /opt/airflow/dags/a_foobar_dag.py
[2023-12-12T14:14:44.157+0000] {processor.py:829} INFO - Processing file /opt/airflow/dags/a_foobar_dag.py for tasks to queue
[2023-12-12T14:14:44.158+0000] {logging_mixin.py:154} INFO - [2023-12-12T14:14:44.158+0000] {dagbag.py:536} INFO - Filling up the DagBag from /opt/airflow/dags/a_foobar_dag.py
[2023-12-12T14:14:44.174+0000] {processor.py:839} INFO - DAG(s) dict_keys(['a_foobar_dag']) retrieved from /opt/airflow/dags/a_foobar_dag.py
[2023-12-12T14:14:44.211+0000] {logging_mixin.py:154} INFO - [2023-12-12T14:14:44.210+0000] {dag.py:2941} INFO - Sync 1 DAGs
[2023-12-12T14:14:44.234+0000] {logging_mixin.py:154} INFO - [2023-12-12T14:14:44.233+0000] {dag.py:3722} INFO - Setting next_dagrun for a_foobar_dag to None, run_after=None
[2023-12-12T14:14:44.264+0000] {processor.py:179} INFO - Processing /opt/airflow/dags/a_foobar_dag.py took 0.115 seconds
[2023-12-12T14:15:14.469+0000] {processor.py:157} INFO - Started process (PID=95707) to work on /opt/airflow/dags/a_foobar_dag.py
[2023-12-12T14:15:14.471+0000] {processor.py:829} INFO - Processing file /opt/airflow/dags/a_foobar_dag.py for tasks to queue
[2023-12-12T14:15:14.473+0000] {logging_mixin.py:154} INFO - [2023-12-12T14:15:14.473+0000] {dagbag.py:536} INFO - Filling up the DagBag from /opt/airflow/dags/a_foobar_dag.py
[2023-12-12T14:15:14.491+0000] {processor.py:839} INFO - DAG(s) dict_keys(['a_foobar_dag']) retrieved from /opt/airflow/dags/a_foobar_dag.py
[2023-12-12T14:15:14.535+0000] {logging_mixin.py:154} INFO - [2023-12-12T14:15:14.535+0000] {dag.py:2941} INFO - Sync 1 DAGs
[2023-12-12T14:15:14.572+0000] {logging_mixin.py:154} INFO - [2023-12-12T14:15:14.571+0000] {dag.py:3722} INFO - Setting next_dagrun for a_foobar_dag to None, run_after=None
[2023-12-12T14:15:14.632+0000] {processor.py:179} INFO - Processing /opt/airflow/dags/a_foobar_dag.py took 0.171 seconds
[2023-12-12T14:15:44.803+0000] {processor.py:157} INFO - Started process (PID=95763) to work on /opt/airflow/dags/a_foobar_dag.py
[2023-12-12T14:15:44.805+0000] {processor.py:829} INFO - Processing file /opt/airflow/dags/a_foobar_dag.py for tasks to queue
[2023-12-12T14:15:44.806+0000] {logging_mixin.py:154} INFO - [2023-12-12T14:15:44.806+0000] {dagbag.py:536} INFO - Filling up the DagBag from /opt/airflow/dags/a_foobar_dag.py
[2023-12-12T14:15:44.819+0000] {processor.py:839} INFO - DAG(s) dict_keys(['a_foobar_dag']) retrieved from /opt/airflow/dags/a_foobar_dag.py
[2023-12-12T14:15:44.844+0000] {logging_mixin.py:154} INFO - [2023-12-12T14:15:44.844+0000] {dag.py:2941} INFO - Sync 1 DAGs
[2023-12-12T14:15:44.862+0000] {logging_mixin.py:154} INFO - [2023-12-12T14:15:44.862+0000] {dag.py:3722} INFO - Setting next_dagrun for a_foobar_dag to None, run_after=None
[2023-12-12T14:15:44.891+0000] {processor.py:179} INFO - Processing /opt/airflow/dags/a_foobar_dag.py took 0.092 seconds
[2023-12-12T14:16:15.408+0000] {processor.py:157} INFO - Started process (PID=95819) to work on /opt/airflow/dags/a_foobar_dag.py
[2023-12-12T14:16:15.410+0000] {processor.py:829} INFO - Processing file /opt/airflow/dags/a_foobar_dag.py for tasks to queue
[2023-12-12T14:16:15.411+0000] {logging_mixin.py:154} INFO - [2023-12-12T14:16:15.411+0000] {dagbag.py:536} INFO - Filling up the DagBag from /opt/airflow/dags/a_foobar_dag.py
[2023-12-12T14:16:15.428+0000] {processor.py:839} INFO - DAG(s) dict_keys(['a_foobar_dag']) retrieved from /opt/airflow/dags/a_foobar_dag.py
[2023-12-12T14:16:15.465+0000] {logging_mixin.py:154} INFO - [2023-12-12T14:16:15.465+0000] {dag.py:2941} INFO - Sync 1 DAGs
[2023-12-12T14:16:15.489+0000] {logging_mixin.py:154} INFO - [2023-12-12T14:16:15.489+0000] {dag.py:3722} INFO - Setting next_dagrun for a_foobar_dag to None, run_after=None
[2023-12-12T14:16:15.524+0000] {processor.py:179} INFO - Processing /opt/airflow/dags/a_foobar_dag.py took 0.122 seconds
[2023-12-12T14:16:45.700+0000] {processor.py:157} INFO - Started process (PID=95875) to work on /opt/airflow/dags/a_foobar_dag.py
[2023-12-12T14:16:45.702+0000] {processor.py:829} INFO - Processing file /opt/airflow/dags/a_foobar_dag.py for tasks to queue
[2023-12-12T14:16:45.703+0000] {logging_mixin.py:154} INFO - [2023-12-12T14:16:45.703+0000] {dagbag.py:536} INFO - Filling up the DagBag from /opt/airflow/dags/a_foobar_dag.py
[2023-12-12T14:16:45.715+0000] {processor.py:839} INFO - DAG(s) dict_keys(['a_foobar_dag']) retrieved from /opt/airflow/dags/a_foobar_dag.py
[2023-12-12T14:16:45.742+0000] {logging_mixin.py:154} INFO - [2023-12-12T14:16:45.741+0000] {dag.py:2941} INFO - Sync 1 DAGs
[2023-12-12T14:16:45.758+0000] {logging_mixin.py:154} INFO - [2023-12-12T14:16:45.758+0000] {dag.py:3722} INFO - Setting next_dagrun for a_foobar_dag to None, run_after=None
[2023-12-12T14:16:45.784+0000] {processor.py:179} INFO - Processing /opt/airflow/dags/a_foobar_dag.py took 0.088 seconds
[2023-12-12T14:17:16.129+0000] {processor.py:157} INFO - Started process (PID=95931) to work on /opt/airflow/dags/a_foobar_dag.py
[2023-12-12T14:17:16.130+0000] {processor.py:829} INFO - Processing file /opt/airflow/dags/a_foobar_dag.py for tasks to queue
[2023-12-12T14:17:16.132+0000] {logging_mixin.py:154} INFO - [2023-12-12T14:17:16.132+0000] {dagbag.py:536} INFO - Filling up the DagBag from /opt/airflow/dags/a_foobar_dag.py
[2023-12-12T14:17:16.146+0000] {processor.py:839} INFO - DAG(s) dict_keys(['a_foobar_dag']) retrieved from /opt/airflow/dags/a_foobar_dag.py
[2023-12-12T14:17:16.178+0000] {logging_mixin.py:154} INFO - [2023-12-12T14:17:16.177+0000] {dag.py:2941} INFO - Sync 1 DAGs
[2023-12-12T14:17:16.194+0000] {logging_mixin.py:154} INFO - [2023-12-12T14:17:16.194+0000] {dag.py:3722} INFO - Setting next_dagrun for a_foobar_dag to None, run_after=None
[2023-12-12T14:17:16.217+0000] {processor.py:179} INFO - Processing /opt/airflow/dags/a_foobar_dag.py took 0.093 seconds
[2023-12-12T14:17:46.542+0000] {processor.py:157} INFO - Started process (PID=95987) to work on /opt/airflow/dags/a_foobar_dag.py
[2023-12-12T14:17:46.543+0000] {processor.py:829} INFO - Processing file /opt/airflow/dags/a_foobar_dag.py for tasks to queue
[2023-12-12T14:17:46.544+0000] {logging_mixin.py:154} INFO - [2023-12-12T14:17:46.544+0000] {dagbag.py:536} INFO - Filling up the DagBag from /opt/airflow/dags/a_foobar_dag.py
[2023-12-12T14:17:46.556+0000] {processor.py:839} INFO - DAG(s) dict_keys(['a_foobar_dag']) retrieved from /opt/airflow/dags/a_foobar_dag.py
[2023-12-12T14:17:46.582+0000] {logging_mixin.py:154} INFO - [2023-12-12T14:17:46.582+0000] {dag.py:2941} INFO - Sync 1 DAGs
[2023-12-12T14:17:46.598+0000] {logging_mixin.py:154} INFO - [2023-12-12T14:17:46.598+0000] {dag.py:3722} INFO - Setting next_dagrun for a_foobar_dag to None, run_after=None
[2023-12-12T14:17:46.622+0000] {processor.py:179} INFO - Processing /opt/airflow/dags/a_foobar_dag.py took 0.086 seconds
[2023-12-12T14:18:17.036+0000] {processor.py:157} INFO - Started process (PID=96043) to work on /opt/airflow/dags/a_foobar_dag.py
[2023-12-12T14:18:17.037+0000] {processor.py:829} INFO - Processing file /opt/airflow/dags/a_foobar_dag.py for tasks to queue
[2023-12-12T14:18:17.038+0000] {logging_mixin.py:154} INFO - [2023-12-12T14:18:17.038+0000] {dagbag.py:536} INFO - Filling up the DagBag from /opt/airflow/dags/a_foobar_dag.py
[2023-12-12T14:18:17.047+0000] {processor.py:839} INFO - DAG(s) dict_keys(['a_foobar_dag']) retrieved from /opt/airflow/dags/a_foobar_dag.py
[2023-12-12T14:18:17.067+0000] {logging_mixin.py:154} INFO - [2023-12-12T14:18:17.067+0000] {dag.py:2941} INFO - Sync 1 DAGs
[2023-12-12T14:18:17.080+0000] {logging_mixin.py:154} INFO - [2023-12-12T14:18:17.080+0000] {dag.py:3722} INFO - Setting next_dagrun for a_foobar_dag to None, run_after=None
[2023-12-12T14:18:17.101+0000] {processor.py:179} INFO - Processing /opt/airflow/dags/a_foobar_dag.py took 0.068 seconds
[2023-12-12T14:18:47.205+0000] {processor.py:157} INFO - Started process (PID=96099) to work on /opt/airflow/dags/a_foobar_dag.py
[2023-12-12T14:18:47.207+0000] {processor.py:829} INFO - Processing file /opt/airflow/dags/a_foobar_dag.py for tasks to queue
[2023-12-12T14:18:47.208+0000] {logging_mixin.py:154} INFO - [2023-12-12T14:18:47.208+0000] {dagbag.py:536} INFO - Filling up the DagBag from /opt/airflow/dags/a_foobar_dag.py
[2023-12-12T14:18:47.221+0000] {processor.py:839} INFO - DAG(s) dict_keys(['a_foobar_dag']) retrieved from /opt/airflow/dags/a_foobar_dag.py
[2023-12-12T14:18:47.247+0000] {logging_mixin.py:154} INFO - [2023-12-12T14:18:47.247+0000] {dag.py:2941} INFO - Sync 1 DAGs
[2023-12-12T14:18:47.262+0000] {logging_mixin.py:154} INFO - [2023-12-12T14:18:47.262+0000] {dag.py:3722} INFO - Setting next_dagrun for a_foobar_dag to None, run_after=None
[2023-12-12T14:18:47.286+0000] {processor.py:179} INFO - Processing /opt/airflow/dags/a_foobar_dag.py took 0.085 seconds
[2023-12-12T14:19:17.510+0000] {processor.py:157} INFO - Started process (PID=96155) to work on /opt/airflow/dags/a_foobar_dag.py
[2023-12-12T14:19:17.512+0000] {processor.py:829} INFO - Processing file /opt/airflow/dags/a_foobar_dag.py for tasks to queue
[2023-12-12T14:19:17.513+0000] {logging_mixin.py:154} INFO - [2023-12-12T14:19:17.513+0000] {dagbag.py:536} INFO - Filling up the DagBag from /opt/airflow/dags/a_foobar_dag.py
[2023-12-12T14:19:17.525+0000] {processor.py:839} INFO - DAG(s) dict_keys(['a_foobar_dag']) retrieved from /opt/airflow/dags/a_foobar_dag.py
[2023-12-12T14:19:17.549+0000] {logging_mixin.py:154} INFO - [2023-12-12T14:19:17.549+0000] {dag.py:2941} INFO - Sync 1 DAGs
[2023-12-12T14:19:17.565+0000] {logging_mixin.py:154} INFO - [2023-12-12T14:19:17.565+0000] {dag.py:3722} INFO - Setting next_dagrun for a_foobar_dag to None, run_after=None
[2023-12-12T14:19:17.587+0000] {processor.py:179} INFO - Processing /opt/airflow/dags/a_foobar_dag.py took 0.081 seconds
[2023-12-12T14:19:47.697+0000] {processor.py:157} INFO - Started process (PID=96211) to work on /opt/airflow/dags/a_foobar_dag.py
[2023-12-12T14:19:47.699+0000] {processor.py:829} INFO - Processing file /opt/airflow/dags/a_foobar_dag.py for tasks to queue
[2023-12-12T14:19:47.700+0000] {logging_mixin.py:154} INFO - [2023-12-12T14:19:47.700+0000] {dagbag.py:536} INFO - Filling up the DagBag from /opt/airflow/dags/a_foobar_dag.py
[2023-12-12T14:19:47.711+0000] {processor.py:839} INFO - DAG(s) dict_keys(['a_foobar_dag']) retrieved from /opt/airflow/dags/a_foobar_dag.py
[2023-12-12T14:19:47.735+0000] {logging_mixin.py:154} INFO - [2023-12-12T14:19:47.735+0000] {dag.py:2941} INFO - Sync 1 DAGs
[2023-12-12T14:19:47.750+0000] {logging_mixin.py:154} INFO - [2023-12-12T14:19:47.749+0000] {dag.py:3722} INFO - Setting next_dagrun for a_foobar_dag to None, run_after=None
[2023-12-12T14:19:47.771+0000] {processor.py:179} INFO - Processing /opt/airflow/dags/a_foobar_dag.py took 0.079 seconds
[2023-12-12T14:20:17.852+0000] {processor.py:157} INFO - Started process (PID=96268) to work on /opt/airflow/dags/a_foobar_dag.py
[2023-12-12T14:20:17.854+0000] {processor.py:829} INFO - Processing file /opt/airflow/dags/a_foobar_dag.py for tasks to queue
[2023-12-12T14:20:17.856+0000] {logging_mixin.py:154} INFO - [2023-12-12T14:20:17.856+0000] {dagbag.py:536} INFO - Filling up the DagBag from /opt/airflow/dags/a_foobar_dag.py
[2023-12-12T14:20:17.875+0000] {processor.py:839} INFO - DAG(s) dict_keys(['a_foobar_dag']) retrieved from /opt/airflow/dags/a_foobar_dag.py
[2023-12-12T14:20:17.909+0000] {logging_mixin.py:154} INFO - [2023-12-12T14:20:17.908+0000] {dag.py:2941} INFO - Sync 1 DAGs
[2023-12-12T14:20:17.933+0000] {logging_mixin.py:154} INFO - [2023-12-12T14:20:17.933+0000] {dag.py:3722} INFO - Setting next_dagrun for a_foobar_dag to None, run_after=None
[2023-12-12T14:20:17.970+0000] {processor.py:179} INFO - Processing /opt/airflow/dags/a_foobar_dag.py took 0.126 seconds
[2023-12-12T14:20:48.232+0000] {processor.py:157} INFO - Started process (PID=96324) to work on /opt/airflow/dags/a_foobar_dag.py
[2023-12-12T14:20:48.233+0000] {processor.py:829} INFO - Processing file /opt/airflow/dags/a_foobar_dag.py for tasks to queue
[2023-12-12T14:20:48.235+0000] {logging_mixin.py:154} INFO - [2023-12-12T14:20:48.234+0000] {dagbag.py:536} INFO - Filling up the DagBag from /opt/airflow/dags/a_foobar_dag.py
[2023-12-12T14:20:48.246+0000] {processor.py:839} INFO - DAG(s) dict_keys(['a_foobar_dag']) retrieved from /opt/airflow/dags/a_foobar_dag.py
[2023-12-12T14:20:48.271+0000] {logging_mixin.py:154} INFO - [2023-12-12T14:20:48.270+0000] {dag.py:2941} INFO - Sync 1 DAGs
[2023-12-12T14:20:48.287+0000] {logging_mixin.py:154} INFO - [2023-12-12T14:20:48.287+0000] {dag.py:3722} INFO - Setting next_dagrun for a_foobar_dag to None, run_after=None
[2023-12-12T14:20:48.309+0000] {processor.py:179} INFO - Processing /opt/airflow/dags/a_foobar_dag.py took 0.082 seconds
[2023-12-12T14:21:18.831+0000] {processor.py:157} INFO - Started process (PID=96380) to work on /opt/airflow/dags/a_foobar_dag.py
[2023-12-12T14:21:18.832+0000] {processor.py:829} INFO - Processing file /opt/airflow/dags/a_foobar_dag.py for tasks to queue
[2023-12-12T14:21:18.834+0000] {logging_mixin.py:154} INFO - [2023-12-12T14:21:18.833+0000] {dagbag.py:536} INFO - Filling up the DagBag from /opt/airflow/dags/a_foobar_dag.py
[2023-12-12T14:21:18.847+0000] {processor.py:839} INFO - DAG(s) dict_keys(['a_foobar_dag']) retrieved from /opt/airflow/dags/a_foobar_dag.py
[2023-12-12T14:21:18.871+0000] {logging_mixin.py:154} INFO - [2023-12-12T14:21:18.871+0000] {dag.py:2941} INFO - Sync 1 DAGs
[2023-12-12T14:21:18.887+0000] {logging_mixin.py:154} INFO - [2023-12-12T14:21:18.887+0000] {dag.py:3722} INFO - Setting next_dagrun for a_foobar_dag to None, run_after=None
[2023-12-12T14:21:18.909+0000] {processor.py:179} INFO - Processing /opt/airflow/dags/a_foobar_dag.py took 0.083 seconds
[2023-12-12T14:21:49.044+0000] {processor.py:157} INFO - Started process (PID=96436) to work on /opt/airflow/dags/a_foobar_dag.py
[2023-12-12T14:21:49.045+0000] {processor.py:829} INFO - Processing file /opt/airflow/dags/a_foobar_dag.py for tasks to queue
[2023-12-12T14:21:49.046+0000] {logging_mixin.py:154} INFO - [2023-12-12T14:21:49.046+0000] {dagbag.py:536} INFO - Filling up the DagBag from /opt/airflow/dags/a_foobar_dag.py
[2023-12-12T14:21:49.059+0000] {processor.py:839} INFO - DAG(s) dict_keys(['a_foobar_dag']) retrieved from /opt/airflow/dags/a_foobar_dag.py
[2023-12-12T14:21:49.083+0000] {logging_mixin.py:154} INFO - [2023-12-12T14:21:49.083+0000] {dag.py:2941} INFO - Sync 1 DAGs
[2023-12-12T14:21:49.099+0000] {logging_mixin.py:154} INFO - [2023-12-12T14:21:49.099+0000] {dag.py:3722} INFO - Setting next_dagrun for a_foobar_dag to None, run_after=None
[2023-12-12T14:21:49.123+0000] {processor.py:179} INFO - Processing /opt/airflow/dags/a_foobar_dag.py took 0.084 seconds
[2023-12-12T14:22:19.688+0000] {processor.py:157} INFO - Started process (PID=96492) to work on /opt/airflow/dags/a_foobar_dag.py
[2023-12-12T14:22:19.690+0000] {processor.py:829} INFO - Processing file /opt/airflow/dags/a_foobar_dag.py for tasks to queue
[2023-12-12T14:22:19.692+0000] {logging_mixin.py:154} INFO - [2023-12-12T14:22:19.691+0000] {dagbag.py:536} INFO - Filling up the DagBag from /opt/airflow/dags/a_foobar_dag.py
[2023-12-12T14:22:19.711+0000] {processor.py:839} INFO - DAG(s) dict_keys(['a_foobar_dag']) retrieved from /opt/airflow/dags/a_foobar_dag.py
[2023-12-12T14:22:19.745+0000] {logging_mixin.py:154} INFO - [2023-12-12T14:22:19.745+0000] {dag.py:2941} INFO - Sync 1 DAGs
[2023-12-12T14:22:19.766+0000] {logging_mixin.py:154} INFO - [2023-12-12T14:22:19.766+0000] {dag.py:3722} INFO - Setting next_dagrun for a_foobar_dag to None, run_after=None
[2023-12-12T14:22:19.797+0000] {processor.py:179} INFO - Processing /opt/airflow/dags/a_foobar_dag.py took 0.115 seconds
[2023-12-12T14:22:49.990+0000] {processor.py:157} INFO - Started process (PID=96548) to work on /opt/airflow/dags/a_foobar_dag.py
[2023-12-12T14:22:49.992+0000] {processor.py:829} INFO - Processing file /opt/airflow/dags/a_foobar_dag.py for tasks to queue
[2023-12-12T14:22:49.993+0000] {logging_mixin.py:154} INFO - [2023-12-12T14:22:49.993+0000] {dagbag.py:536} INFO - Filling up the DagBag from /opt/airflow/dags/a_foobar_dag.py
[2023-12-12T14:22:50.006+0000] {processor.py:839} INFO - DAG(s) dict_keys(['a_foobar_dag']) retrieved from /opt/airflow/dags/a_foobar_dag.py
[2023-12-12T14:22:50.031+0000] {logging_mixin.py:154} INFO - [2023-12-12T14:22:50.030+0000] {dag.py:2941} INFO - Sync 1 DAGs
[2023-12-12T14:22:50.047+0000] {logging_mixin.py:154} INFO - [2023-12-12T14:22:50.046+0000] {dag.py:3722} INFO - Setting next_dagrun for a_foobar_dag to None, run_after=None
[2023-12-12T14:22:50.072+0000] {processor.py:179} INFO - Processing /opt/airflow/dags/a_foobar_dag.py took 0.086 seconds
[2023-12-12T14:23:20.363+0000] {processor.py:157} INFO - Started process (PID=96604) to work on /opt/airflow/dags/a_foobar_dag.py
[2023-12-12T14:23:20.365+0000] {processor.py:829} INFO - Processing file /opt/airflow/dags/a_foobar_dag.py for tasks to queue
[2023-12-12T14:23:20.366+0000] {logging_mixin.py:154} INFO - [2023-12-12T14:23:20.366+0000] {dagbag.py:536} INFO - Filling up the DagBag from /opt/airflow/dags/a_foobar_dag.py
[2023-12-12T14:23:20.379+0000] {processor.py:839} INFO - DAG(s) dict_keys(['a_foobar_dag']) retrieved from /opt/airflow/dags/a_foobar_dag.py
[2023-12-12T14:23:20.403+0000] {logging_mixin.py:154} INFO - [2023-12-12T14:23:20.403+0000] {dag.py:2941} INFO - Sync 1 DAGs
[2023-12-12T14:23:20.419+0000] {logging_mixin.py:154} INFO - [2023-12-12T14:23:20.418+0000] {dag.py:3722} INFO - Setting next_dagrun for a_foobar_dag to None, run_after=None
[2023-12-12T14:23:20.441+0000] {processor.py:179} INFO - Processing /opt/airflow/dags/a_foobar_dag.py took 0.083 seconds
[2023-12-12T14:23:50.534+0000] {processor.py:157} INFO - Started process (PID=96660) to work on /opt/airflow/dags/a_foobar_dag.py
[2023-12-12T14:23:50.535+0000] {processor.py:829} INFO - Processing file /opt/airflow/dags/a_foobar_dag.py for tasks to queue
[2023-12-12T14:23:50.537+0000] {logging_mixin.py:154} INFO - [2023-12-12T14:23:50.536+0000] {dagbag.py:536} INFO - Filling up the DagBag from /opt/airflow/dags/a_foobar_dag.py
[2023-12-12T14:23:50.549+0000] {processor.py:839} INFO - DAG(s) dict_keys(['a_foobar_dag']) retrieved from /opt/airflow/dags/a_foobar_dag.py
[2023-12-12T14:23:50.574+0000] {logging_mixin.py:154} INFO - [2023-12-12T14:23:50.574+0000] {dag.py:2941} INFO - Sync 1 DAGs
[2023-12-12T14:23:50.590+0000] {logging_mixin.py:154} INFO - [2023-12-12T14:23:50.589+0000] {dag.py:3722} INFO - Setting next_dagrun for a_foobar_dag to None, run_after=None
[2023-12-12T14:23:50.613+0000] {processor.py:179} INFO - Processing /opt/airflow/dags/a_foobar_dag.py took 0.083 seconds
[2023-12-12T14:24:20.931+0000] {processor.py:157} INFO - Started process (PID=96716) to work on /opt/airflow/dags/a_foobar_dag.py
[2023-12-12T14:24:20.932+0000] {processor.py:829} INFO - Processing file /opt/airflow/dags/a_foobar_dag.py for tasks to queue
[2023-12-12T14:24:20.934+0000] {logging_mixin.py:154} INFO - [2023-12-12T14:24:20.933+0000] {dagbag.py:536} INFO - Filling up the DagBag from /opt/airflow/dags/a_foobar_dag.py
[2023-12-12T14:24:20.944+0000] {processor.py:839} INFO - DAG(s) dict_keys(['a_foobar_dag']) retrieved from /opt/airflow/dags/a_foobar_dag.py
[2023-12-12T14:24:20.969+0000] {logging_mixin.py:154} INFO - [2023-12-12T14:24:20.969+0000] {dag.py:2941} INFO - Sync 1 DAGs
[2023-12-12T14:24:20.984+0000] {logging_mixin.py:154} INFO - [2023-12-12T14:24:20.984+0000] {dag.py:3722} INFO - Setting next_dagrun for a_foobar_dag to None, run_after=None
[2023-12-12T14:24:21.006+0000] {processor.py:179} INFO - Processing /opt/airflow/dags/a_foobar_dag.py took 0.079 seconds
[2023-12-12T14:24:51.153+0000] {processor.py:157} INFO - Started process (PID=96772) to work on /opt/airflow/dags/a_foobar_dag.py
[2023-12-12T14:24:51.155+0000] {processor.py:829} INFO - Processing file /opt/airflow/dags/a_foobar_dag.py for tasks to queue
[2023-12-12T14:24:51.156+0000] {logging_mixin.py:154} INFO - [2023-12-12T14:24:51.156+0000] {dagbag.py:536} INFO - Filling up the DagBag from /opt/airflow/dags/a_foobar_dag.py
[2023-12-12T14:24:51.168+0000] {processor.py:839} INFO - DAG(s) dict_keys(['a_foobar_dag']) retrieved from /opt/airflow/dags/a_foobar_dag.py
[2023-12-12T14:24:51.194+0000] {logging_mixin.py:154} INFO - [2023-12-12T14:24:51.194+0000] {dag.py:2941} INFO - Sync 1 DAGs
[2023-12-12T14:24:51.209+0000] {logging_mixin.py:154} INFO - [2023-12-12T14:24:51.209+0000] {dag.py:3722} INFO - Setting next_dagrun for a_foobar_dag to None, run_after=None
[2023-12-12T14:24:51.234+0000] {processor.py:179} INFO - Processing /opt/airflow/dags/a_foobar_dag.py took 0.085 seconds
[2023-12-12T14:25:21.333+0000] {processor.py:157} INFO - Started process (PID=96828) to work on /opt/airflow/dags/a_foobar_dag.py
[2023-12-12T14:25:21.334+0000] {processor.py:829} INFO - Processing file /opt/airflow/dags/a_foobar_dag.py for tasks to queue
[2023-12-12T14:25:21.335+0000] {logging_mixin.py:154} INFO - [2023-12-12T14:25:21.335+0000] {dagbag.py:536} INFO - Filling up the DagBag from /opt/airflow/dags/a_foobar_dag.py
[2023-12-12T14:25:21.348+0000] {processor.py:839} INFO - DAG(s) dict_keys(['a_foobar_dag']) retrieved from /opt/airflow/dags/a_foobar_dag.py
[2023-12-12T14:25:21.375+0000] {logging_mixin.py:154} INFO - [2023-12-12T14:25:21.374+0000] {dag.py:2941} INFO - Sync 1 DAGs
[2023-12-12T14:25:21.391+0000] {logging_mixin.py:154} INFO - [2023-12-12T14:25:21.391+0000] {dag.py:3722} INFO - Setting next_dagrun for a_foobar_dag to None, run_after=None
[2023-12-12T14:25:21.417+0000] {processor.py:179} INFO - Processing /opt/airflow/dags/a_foobar_dag.py took 0.088 seconds
[2023-12-12T14:25:51.740+0000] {processor.py:157} INFO - Started process (PID=96884) to work on /opt/airflow/dags/a_foobar_dag.py
[2023-12-12T14:25:51.741+0000] {processor.py:829} INFO - Processing file /opt/airflow/dags/a_foobar_dag.py for tasks to queue
[2023-12-12T14:25:51.742+0000] {logging_mixin.py:154} INFO - [2023-12-12T14:25:51.742+0000] {dagbag.py:536} INFO - Filling up the DagBag from /opt/airflow/dags/a_foobar_dag.py
[2023-12-12T14:25:51.753+0000] {processor.py:839} INFO - DAG(s) dict_keys(['a_foobar_dag']) retrieved from /opt/airflow/dags/a_foobar_dag.py
[2023-12-12T14:25:51.779+0000] {logging_mixin.py:154} INFO - [2023-12-12T14:25:51.779+0000] {dag.py:2941} INFO - Sync 1 DAGs
[2023-12-12T14:25:51.795+0000] {logging_mixin.py:154} INFO - [2023-12-12T14:25:51.795+0000] {dag.py:3722} INFO - Setting next_dagrun for a_foobar_dag to None, run_after=None
[2023-12-12T14:25:51.819+0000] {processor.py:179} INFO - Processing /opt/airflow/dags/a_foobar_dag.py took 0.083 seconds
[2023-12-12T14:26:21.959+0000] {processor.py:157} INFO - Started process (PID=96941) to work on /opt/airflow/dags/a_foobar_dag.py
[2023-12-12T14:26:21.960+0000] {processor.py:829} INFO - Processing file /opt/airflow/dags/a_foobar_dag.py for tasks to queue
[2023-12-12T14:26:21.962+0000] {logging_mixin.py:154} INFO - [2023-12-12T14:26:21.961+0000] {dagbag.py:536} INFO - Filling up the DagBag from /opt/airflow/dags/a_foobar_dag.py
[2023-12-12T14:26:21.974+0000] {processor.py:839} INFO - DAG(s) dict_keys(['a_foobar_dag']) retrieved from /opt/airflow/dags/a_foobar_dag.py
[2023-12-12T14:26:21.999+0000] {logging_mixin.py:154} INFO - [2023-12-12T14:26:21.999+0000] {dag.py:2941} INFO - Sync 1 DAGs
[2023-12-12T14:26:22.015+0000] {logging_mixin.py:154} INFO - [2023-12-12T14:26:22.014+0000] {dag.py:3722} INFO - Setting next_dagrun for a_foobar_dag to None, run_after=None
[2023-12-12T14:26:22.037+0000] {processor.py:179} INFO - Processing /opt/airflow/dags/a_foobar_dag.py took 0.082 seconds
[2023-12-12T14:26:52.162+0000] {processor.py:157} INFO - Started process (PID=96997) to work on /opt/airflow/dags/a_foobar_dag.py
[2023-12-12T14:26:52.163+0000] {processor.py:829} INFO - Processing file /opt/airflow/dags/a_foobar_dag.py for tasks to queue
[2023-12-12T14:26:52.164+0000] {logging_mixin.py:154} INFO - [2023-12-12T14:26:52.164+0000] {dagbag.py:536} INFO - Filling up the DagBag from /opt/airflow/dags/a_foobar_dag.py
[2023-12-12T14:26:52.174+0000] {processor.py:839} INFO - DAG(s) dict_keys(['a_foobar_dag']) retrieved from /opt/airflow/dags/a_foobar_dag.py
[2023-12-12T14:26:52.194+0000] {logging_mixin.py:154} INFO - [2023-12-12T14:26:52.194+0000] {dag.py:2941} INFO - Sync 1 DAGs
[2023-12-12T14:26:52.206+0000] {logging_mixin.py:154} INFO - [2023-12-12T14:26:52.206+0000] {dag.py:3722} INFO - Setting next_dagrun for a_foobar_dag to None, run_after=None
[2023-12-12T14:26:52.225+0000] {processor.py:179} INFO - Processing /opt/airflow/dags/a_foobar_dag.py took 0.066 seconds
[2023-12-12T14:27:22.791+0000] {processor.py:157} INFO - Started process (PID=97053) to work on /opt/airflow/dags/a_foobar_dag.py
[2023-12-12T14:27:22.793+0000] {processor.py:829} INFO - Processing file /opt/airflow/dags/a_foobar_dag.py for tasks to queue
[2023-12-12T14:27:22.794+0000] {logging_mixin.py:154} INFO - [2023-12-12T14:27:22.794+0000] {dagbag.py:536} INFO - Filling up the DagBag from /opt/airflow/dags/a_foobar_dag.py
[2023-12-12T14:27:22.806+0000] {processor.py:839} INFO - DAG(s) dict_keys(['a_foobar_dag']) retrieved from /opt/airflow/dags/a_foobar_dag.py
[2023-12-12T14:27:22.833+0000] {logging_mixin.py:154} INFO - [2023-12-12T14:27:22.832+0000] {dag.py:2941} INFO - Sync 1 DAGs
[2023-12-12T14:27:22.850+0000] {logging_mixin.py:154} INFO - [2023-12-12T14:27:22.850+0000] {dag.py:3722} INFO - Setting next_dagrun for a_foobar_dag to None, run_after=None
[2023-12-12T14:27:22.875+0000] {processor.py:179} INFO - Processing /opt/airflow/dags/a_foobar_dag.py took 0.088 seconds
[2023-12-12T14:27:53.034+0000] {processor.py:157} INFO - Started process (PID=97109) to work on /opt/airflow/dags/a_foobar_dag.py
[2023-12-12T14:27:53.035+0000] {processor.py:829} INFO - Processing file /opt/airflow/dags/a_foobar_dag.py for tasks to queue
[2023-12-12T14:27:53.037+0000] {logging_mixin.py:154} INFO - [2023-12-12T14:27:53.036+0000] {dagbag.py:536} INFO - Filling up the DagBag from /opt/airflow/dags/a_foobar_dag.py
[2023-12-12T14:27:53.049+0000] {processor.py:839} INFO - DAG(s) dict_keys(['a_foobar_dag']) retrieved from /opt/airflow/dags/a_foobar_dag.py
[2023-12-12T14:27:53.077+0000] {logging_mixin.py:154} INFO - [2023-12-12T14:27:53.077+0000] {dag.py:2941} INFO - Sync 1 DAGs
[2023-12-12T14:27:53.104+0000] {logging_mixin.py:154} INFO - [2023-12-12T14:27:53.103+0000] {dag.py:3722} INFO - Setting next_dagrun for a_foobar_dag to None, run_after=None
[2023-12-12T14:27:53.137+0000] {processor.py:179} INFO - Processing /opt/airflow/dags/a_foobar_dag.py took 0.107 seconds
[2023-12-12T14:28:23.304+0000] {processor.py:157} INFO - Started process (PID=97165) to work on /opt/airflow/dags/a_foobar_dag.py
[2023-12-12T14:28:23.306+0000] {processor.py:829} INFO - Processing file /opt/airflow/dags/a_foobar_dag.py for tasks to queue
[2023-12-12T14:28:23.308+0000] {logging_mixin.py:154} INFO - [2023-12-12T14:28:23.308+0000] {dagbag.py:536} INFO - Filling up the DagBag from /opt/airflow/dags/a_foobar_dag.py
[2023-12-12T14:28:23.334+0000] {processor.py:839} INFO - DAG(s) dict_keys(['a_foobar_dag']) retrieved from /opt/airflow/dags/a_foobar_dag.py
[2023-12-12T14:28:23.390+0000] {logging_mixin.py:154} INFO - [2023-12-12T14:28:23.389+0000] {dag.py:2941} INFO - Sync 1 DAGs
[2023-12-12T14:28:23.417+0000] {logging_mixin.py:154} INFO - [2023-12-12T14:28:23.417+0000] {dag.py:3722} INFO - Setting next_dagrun for a_foobar_dag to None, run_after=None
[2023-12-12T14:28:23.466+0000] {processor.py:179} INFO - Processing /opt/airflow/dags/a_foobar_dag.py took 0.170 seconds
[2023-12-12T14:28:53.920+0000] {processor.py:157} INFO - Started process (PID=97221) to work on /opt/airflow/dags/a_foobar_dag.py
[2023-12-12T14:28:53.940+0000] {processor.py:829} INFO - Processing file /opt/airflow/dags/a_foobar_dag.py for tasks to queue
[2023-12-12T14:28:53.941+0000] {logging_mixin.py:154} INFO - [2023-12-12T14:28:53.941+0000] {dagbag.py:536} INFO - Filling up the DagBag from /opt/airflow/dags/a_foobar_dag.py
[2023-12-12T14:28:53.955+0000] {processor.py:839} INFO - DAG(s) dict_keys(['a_foobar_dag']) retrieved from /opt/airflow/dags/a_foobar_dag.py
[2023-12-12T14:28:53.982+0000] {logging_mixin.py:154} INFO - [2023-12-12T14:28:53.982+0000] {dag.py:2941} INFO - Sync 1 DAGs
[2023-12-12T14:28:53.999+0000] {logging_mixin.py:154} INFO - [2023-12-12T14:28:53.998+0000] {dag.py:3722} INFO - Setting next_dagrun for a_foobar_dag to None, run_after=None
[2023-12-12T14:28:54.026+0000] {processor.py:179} INFO - Processing /opt/airflow/dags/a_foobar_dag.py took 0.110 seconds
[2023-12-12T14:29:24.217+0000] {processor.py:157} INFO - Started process (PID=97277) to work on /opt/airflow/dags/a_foobar_dag.py
[2023-12-12T14:29:24.219+0000] {processor.py:829} INFO - Processing file /opt/airflow/dags/a_foobar_dag.py for tasks to queue
[2023-12-12T14:29:24.220+0000] {logging_mixin.py:154} INFO - [2023-12-12T14:29:24.220+0000] {dagbag.py:536} INFO - Filling up the DagBag from /opt/airflow/dags/a_foobar_dag.py
[2023-12-12T14:29:24.232+0000] {processor.py:839} INFO - DAG(s) dict_keys(['a_foobar_dag']) retrieved from /opt/airflow/dags/a_foobar_dag.py
[2023-12-12T14:29:24.258+0000] {logging_mixin.py:154} INFO - [2023-12-12T14:29:24.258+0000] {dag.py:2941} INFO - Sync 1 DAGs
[2023-12-12T14:29:24.275+0000] {logging_mixin.py:154} INFO - [2023-12-12T14:29:24.275+0000] {dag.py:3722} INFO - Setting next_dagrun for a_foobar_dag to None, run_after=None
[2023-12-12T14:29:24.300+0000] {processor.py:179} INFO - Processing /opt/airflow/dags/a_foobar_dag.py took 0.087 seconds
[2023-12-12T14:29:54.501+0000] {processor.py:157} INFO - Started process (PID=97331) to work on /opt/airflow/dags/a_foobar_dag.py
[2023-12-12T14:29:54.502+0000] {processor.py:829} INFO - Processing file /opt/airflow/dags/a_foobar_dag.py for tasks to queue
[2023-12-12T14:29:54.503+0000] {logging_mixin.py:154} INFO - [2023-12-12T14:29:54.503+0000] {dagbag.py:536} INFO - Filling up the DagBag from /opt/airflow/dags/a_foobar_dag.py
[2023-12-12T14:29:54.514+0000] {processor.py:839} INFO - DAG(s) dict_keys(['a_foobar_dag']) retrieved from /opt/airflow/dags/a_foobar_dag.py
[2023-12-12T14:29:54.534+0000] {logging_mixin.py:154} INFO - [2023-12-12T14:29:54.533+0000] {dag.py:2941} INFO - Sync 1 DAGs
[2023-12-12T14:29:54.546+0000] {logging_mixin.py:154} INFO - [2023-12-12T14:29:54.546+0000] {dag.py:3722} INFO - Setting next_dagrun for a_foobar_dag to None, run_after=None
[2023-12-12T14:29:54.564+0000] {processor.py:179} INFO - Processing /opt/airflow/dags/a_foobar_dag.py took 0.066 seconds
[2023-12-12T14:30:24.789+0000] {processor.py:157} INFO - Started process (PID=97387) to work on /opt/airflow/dags/a_foobar_dag.py
[2023-12-12T14:30:24.790+0000] {processor.py:829} INFO - Processing file /opt/airflow/dags/a_foobar_dag.py for tasks to queue
[2023-12-12T14:30:24.792+0000] {logging_mixin.py:154} INFO - [2023-12-12T14:30:24.791+0000] {dagbag.py:536} INFO - Filling up the DagBag from /opt/airflow/dags/a_foobar_dag.py
[2023-12-12T14:30:24.804+0000] {processor.py:839} INFO - DAG(s) dict_keys(['a_foobar_dag']) retrieved from /opt/airflow/dags/a_foobar_dag.py
[2023-12-12T14:30:24.832+0000] {logging_mixin.py:154} INFO - [2023-12-12T14:30:24.831+0000] {dag.py:2941} INFO - Sync 1 DAGs
[2023-12-12T14:30:24.847+0000] {logging_mixin.py:154} INFO - [2023-12-12T14:30:24.846+0000] {dag.py:3722} INFO - Setting next_dagrun for a_foobar_dag to None, run_after=None
[2023-12-12T14:30:24.873+0000] {processor.py:179} INFO - Processing /opt/airflow/dags/a_foobar_dag.py took 0.088 seconds
[2023-12-12T14:30:55.335+0000] {processor.py:157} INFO - Started process (PID=97444) to work on /opt/airflow/dags/a_foobar_dag.py
[2023-12-12T14:30:55.336+0000] {processor.py:829} INFO - Processing file /opt/airflow/dags/a_foobar_dag.py for tasks to queue
[2023-12-12T14:30:55.338+0000] {logging_mixin.py:154} INFO - [2023-12-12T14:30:55.337+0000] {dagbag.py:536} INFO - Filling up the DagBag from /opt/airflow/dags/a_foobar_dag.py
[2023-12-12T14:30:55.352+0000] {processor.py:839} INFO - DAG(s) dict_keys(['a_foobar_dag']) retrieved from /opt/airflow/dags/a_foobar_dag.py
[2023-12-12T14:30:55.379+0000] {logging_mixin.py:154} INFO - [2023-12-12T14:30:55.378+0000] {dag.py:2941} INFO - Sync 1 DAGs
[2023-12-12T14:30:55.401+0000] {logging_mixin.py:154} INFO - [2023-12-12T14:30:55.401+0000] {dag.py:3722} INFO - Setting next_dagrun for a_foobar_dag to None, run_after=None
[2023-12-12T14:30:55.432+0000] {processor.py:179} INFO - Processing /opt/airflow/dags/a_foobar_dag.py took 0.101 seconds
[2023-12-12T14:31:25.465+0000] {processor.py:157} INFO - Started process (PID=97500) to work on /opt/airflow/dags/a_foobar_dag.py
[2023-12-12T14:31:25.466+0000] {processor.py:829} INFO - Processing file /opt/airflow/dags/a_foobar_dag.py for tasks to queue
[2023-12-12T14:31:25.468+0000] {logging_mixin.py:154} INFO - [2023-12-12T14:31:25.467+0000] {dagbag.py:536} INFO - Filling up the DagBag from /opt/airflow/dags/a_foobar_dag.py
[2023-12-12T14:31:25.480+0000] {processor.py:839} INFO - DAG(s) dict_keys(['a_foobar_dag']) retrieved from /opt/airflow/dags/a_foobar_dag.py
[2023-12-12T14:31:25.504+0000] {logging_mixin.py:154} INFO - [2023-12-12T14:31:25.504+0000] {dag.py:2941} INFO - Sync 1 DAGs
[2023-12-12T14:31:25.521+0000] {logging_mixin.py:154} INFO - [2023-12-12T14:31:25.520+0000] {dag.py:3722} INFO - Setting next_dagrun for a_foobar_dag to None, run_after=None
[2023-12-12T14:31:25.545+0000] {processor.py:179} INFO - Processing /opt/airflow/dags/a_foobar_dag.py took 0.085 seconds
[2023-12-12T14:31:55.620+0000] {processor.py:157} INFO - Started process (PID=97556) to work on /opt/airflow/dags/a_foobar_dag.py
[2023-12-12T14:31:55.622+0000] {processor.py:829} INFO - Processing file /opt/airflow/dags/a_foobar_dag.py for tasks to queue
[2023-12-12T14:31:55.623+0000] {logging_mixin.py:154} INFO - [2023-12-12T14:31:55.623+0000] {dagbag.py:536} INFO - Filling up the DagBag from /opt/airflow/dags/a_foobar_dag.py
[2023-12-12T14:31:55.636+0000] {processor.py:839} INFO - DAG(s) dict_keys(['a_foobar_dag']) retrieved from /opt/airflow/dags/a_foobar_dag.py
[2023-12-12T14:31:55.662+0000] {logging_mixin.py:154} INFO - [2023-12-12T14:31:55.662+0000] {dag.py:2941} INFO - Sync 1 DAGs
[2023-12-12T14:31:55.679+0000] {logging_mixin.py:154} INFO - [2023-12-12T14:31:55.678+0000] {dag.py:3722} INFO - Setting next_dagrun for a_foobar_dag to None, run_after=None
[2023-12-12T14:31:55.703+0000] {processor.py:179} INFO - Processing /opt/airflow/dags/a_foobar_dag.py took 0.087 seconds
[2023-12-12T14:32:26.123+0000] {processor.py:157} INFO - Started process (PID=97612) to work on /opt/airflow/dags/a_foobar_dag.py
[2023-12-12T14:32:26.124+0000] {processor.py:829} INFO - Processing file /opt/airflow/dags/a_foobar_dag.py for tasks to queue
[2023-12-12T14:32:26.125+0000] {logging_mixin.py:154} INFO - [2023-12-12T14:32:26.125+0000] {dagbag.py:536} INFO - Filling up the DagBag from /opt/airflow/dags/a_foobar_dag.py
[2023-12-12T14:32:26.135+0000] {processor.py:839} INFO - DAG(s) dict_keys(['a_foobar_dag']) retrieved from /opt/airflow/dags/a_foobar_dag.py
[2023-12-12T14:32:26.158+0000] {logging_mixin.py:154} INFO - [2023-12-12T14:32:26.158+0000] {dag.py:2941} INFO - Sync 1 DAGs
[2023-12-12T14:32:26.174+0000] {logging_mixin.py:154} INFO - [2023-12-12T14:32:26.174+0000] {dag.py:3722} INFO - Setting next_dagrun for a_foobar_dag to None, run_after=None
[2023-12-12T14:32:26.197+0000] {processor.py:179} INFO - Processing /opt/airflow/dags/a_foobar_dag.py took 0.078 seconds
[2023-12-12T14:32:56.546+0000] {processor.py:157} INFO - Started process (PID=97668) to work on /opt/airflow/dags/a_foobar_dag.py
[2023-12-12T14:32:56.547+0000] {processor.py:829} INFO - Processing file /opt/airflow/dags/a_foobar_dag.py for tasks to queue
[2023-12-12T14:32:56.548+0000] {logging_mixin.py:154} INFO - [2023-12-12T14:32:56.548+0000] {dagbag.py:536} INFO - Filling up the DagBag from /opt/airflow/dags/a_foobar_dag.py
[2023-12-12T14:32:56.560+0000] {processor.py:839} INFO - DAG(s) dict_keys(['a_foobar_dag']) retrieved from /opt/airflow/dags/a_foobar_dag.py
[2023-12-12T14:32:56.585+0000] {logging_mixin.py:154} INFO - [2023-12-12T14:32:56.585+0000] {dag.py:2941} INFO - Sync 1 DAGs
[2023-12-12T14:32:56.600+0000] {logging_mixin.py:154} INFO - [2023-12-12T14:32:56.600+0000] {dag.py:3722} INFO - Setting next_dagrun for a_foobar_dag to None, run_after=None
[2023-12-12T14:32:56.624+0000] {processor.py:179} INFO - Processing /opt/airflow/dags/a_foobar_dag.py took 0.082 seconds
[2023-12-12T14:33:27.237+0000] {processor.py:157} INFO - Started process (PID=97724) to work on /opt/airflow/dags/a_foobar_dag.py
[2023-12-12T14:33:27.239+0000] {processor.py:829} INFO - Processing file /opt/airflow/dags/a_foobar_dag.py for tasks to queue
[2023-12-12T14:33:27.240+0000] {logging_mixin.py:154} INFO - [2023-12-12T14:33:27.240+0000] {dagbag.py:536} INFO - Filling up the DagBag from /opt/airflow/dags/a_foobar_dag.py
[2023-12-12T14:33:27.252+0000] {processor.py:839} INFO - DAG(s) dict_keys(['a_foobar_dag']) retrieved from /opt/airflow/dags/a_foobar_dag.py
[2023-12-12T14:33:27.277+0000] {logging_mixin.py:154} INFO - [2023-12-12T14:33:27.277+0000] {dag.py:2941} INFO - Sync 1 DAGs
[2023-12-12T14:33:27.294+0000] {logging_mixin.py:154} INFO - [2023-12-12T14:33:27.293+0000] {dag.py:3722} INFO - Setting next_dagrun for a_foobar_dag to None, run_after=None
[2023-12-12T14:33:27.317+0000] {processor.py:179} INFO - Processing /opt/airflow/dags/a_foobar_dag.py took 0.084 seconds
[2023-12-12T14:33:58.028+0000] {processor.py:157} INFO - Started process (PID=97780) to work on /opt/airflow/dags/a_foobar_dag.py
[2023-12-12T14:33:58.030+0000] {processor.py:829} INFO - Processing file /opt/airflow/dags/a_foobar_dag.py for tasks to queue
[2023-12-12T14:33:58.031+0000] {logging_mixin.py:154} INFO - [2023-12-12T14:33:58.031+0000] {dagbag.py:536} INFO - Filling up the DagBag from /opt/airflow/dags/a_foobar_dag.py
[2023-12-12T14:33:58.045+0000] {processor.py:839} INFO - DAG(s) dict_keys(['a_foobar_dag']) retrieved from /opt/airflow/dags/a_foobar_dag.py
[2023-12-12T14:33:58.073+0000] {logging_mixin.py:154} INFO - [2023-12-12T14:33:58.072+0000] {dag.py:2941} INFO - Sync 1 DAGs
[2023-12-12T14:33:58.102+0000] {logging_mixin.py:154} INFO - [2023-12-12T14:33:58.101+0000] {dag.py:3722} INFO - Setting next_dagrun for a_foobar_dag to None, run_after=None
[2023-12-12T14:33:58.127+0000] {processor.py:179} INFO - Processing /opt/airflow/dags/a_foobar_dag.py took 0.103 seconds
[2023-12-12T14:34:28.516+0000] {processor.py:157} INFO - Started process (PID=97837) to work on /opt/airflow/dags/a_foobar_dag.py
[2023-12-12T14:34:28.518+0000] {processor.py:829} INFO - Processing file /opt/airflow/dags/a_foobar_dag.py for tasks to queue
[2023-12-12T14:34:28.520+0000] {logging_mixin.py:154} INFO - [2023-12-12T14:34:28.519+0000] {dagbag.py:536} INFO - Filling up the DagBag from /opt/airflow/dags/a_foobar_dag.py
[2023-12-12T14:34:28.534+0000] {processor.py:839} INFO - DAG(s) dict_keys(['a_foobar_dag']) retrieved from /opt/airflow/dags/a_foobar_dag.py
[2023-12-12T14:34:28.559+0000] {logging_mixin.py:154} INFO - [2023-12-12T14:34:28.559+0000] {dag.py:2941} INFO - Sync 1 DAGs
[2023-12-12T14:34:28.575+0000] {logging_mixin.py:154} INFO - [2023-12-12T14:34:28.575+0000] {dag.py:3722} INFO - Setting next_dagrun for a_foobar_dag to None, run_after=None
[2023-12-12T14:34:28.600+0000] {processor.py:179} INFO - Processing /opt/airflow/dags/a_foobar_dag.py took 0.088 seconds
[2023-12-12T14:34:58.685+0000] {processor.py:157} INFO - Started process (PID=97893) to work on /opt/airflow/dags/a_foobar_dag.py
[2023-12-12T14:34:58.687+0000] {processor.py:829} INFO - Processing file /opt/airflow/dags/a_foobar_dag.py for tasks to queue
[2023-12-12T14:34:58.688+0000] {logging_mixin.py:154} INFO - [2023-12-12T14:34:58.688+0000] {dagbag.py:536} INFO - Filling up the DagBag from /opt/airflow/dags/a_foobar_dag.py
[2023-12-12T14:34:58.700+0000] {processor.py:839} INFO - DAG(s) dict_keys(['a_foobar_dag']) retrieved from /opt/airflow/dags/a_foobar_dag.py
[2023-12-12T14:34:58.725+0000] {logging_mixin.py:154} INFO - [2023-12-12T14:34:58.725+0000] {dag.py:2941} INFO - Sync 1 DAGs
[2023-12-12T14:34:58.741+0000] {logging_mixin.py:154} INFO - [2023-12-12T14:34:58.740+0000] {dag.py:3722} INFO - Setting next_dagrun for a_foobar_dag to None, run_after=None
[2023-12-12T14:34:58.764+0000] {processor.py:179} INFO - Processing /opt/airflow/dags/a_foobar_dag.py took 0.084 seconds
[2023-12-12T14:35:29.143+0000] {processor.py:157} INFO - Started process (PID=97949) to work on /opt/airflow/dags/a_foobar_dag.py
[2023-12-12T14:35:29.145+0000] {processor.py:829} INFO - Processing file /opt/airflow/dags/a_foobar_dag.py for tasks to queue
[2023-12-12T14:35:29.146+0000] {logging_mixin.py:154} INFO - [2023-12-12T14:35:29.146+0000] {dagbag.py:536} INFO - Filling up the DagBag from /opt/airflow/dags/a_foobar_dag.py
[2023-12-12T14:35:29.158+0000] {processor.py:839} INFO - DAG(s) dict_keys(['a_foobar_dag']) retrieved from /opt/airflow/dags/a_foobar_dag.py
[2023-12-12T14:35:29.183+0000] {logging_mixin.py:154} INFO - [2023-12-12T14:35:29.182+0000] {dag.py:2941} INFO - Sync 1 DAGs
[2023-12-12T14:35:29.198+0000] {logging_mixin.py:154} INFO - [2023-12-12T14:35:29.198+0000] {dag.py:3722} INFO - Setting next_dagrun for a_foobar_dag to None, run_after=None
[2023-12-12T14:35:29.221+0000] {processor.py:179} INFO - Processing /opt/airflow/dags/a_foobar_dag.py took 0.082 seconds
[2023-12-12T14:35:59.607+0000] {processor.py:157} INFO - Started process (PID=98005) to work on /opt/airflow/dags/a_foobar_dag.py
[2023-12-12T14:35:59.608+0000] {processor.py:829} INFO - Processing file /opt/airflow/dags/a_foobar_dag.py for tasks to queue
[2023-12-12T14:35:59.610+0000] {logging_mixin.py:154} INFO - [2023-12-12T14:35:59.610+0000] {dagbag.py:536} INFO - Filling up the DagBag from /opt/airflow/dags/a_foobar_dag.py
[2023-12-12T14:35:59.623+0000] {processor.py:839} INFO - DAG(s) dict_keys(['a_foobar_dag']) retrieved from /opt/airflow/dags/a_foobar_dag.py
[2023-12-12T14:35:59.648+0000] {logging_mixin.py:154} INFO - [2023-12-12T14:35:59.647+0000] {dag.py:2941} INFO - Sync 1 DAGs
[2023-12-12T14:35:59.665+0000] {logging_mixin.py:154} INFO - [2023-12-12T14:35:59.665+0000] {dag.py:3722} INFO - Setting next_dagrun for a_foobar_dag to None, run_after=None
[2023-12-12T14:35:59.690+0000] {processor.py:179} INFO - Processing /opt/airflow/dags/a_foobar_dag.py took 0.087 seconds
[2023-12-12T14:36:30.070+0000] {processor.py:157} INFO - Started process (PID=98061) to work on /opt/airflow/dags/a_foobar_dag.py
[2023-12-12T14:36:30.072+0000] {processor.py:829} INFO - Processing file /opt/airflow/dags/a_foobar_dag.py for tasks to queue
[2023-12-12T14:36:30.074+0000] {logging_mixin.py:154} INFO - [2023-12-12T14:36:30.073+0000] {dagbag.py:536} INFO - Filling up the DagBag from /opt/airflow/dags/a_foobar_dag.py
[2023-12-12T14:36:30.093+0000] {processor.py:839} INFO - DAG(s) dict_keys(['a_foobar_dag']) retrieved from /opt/airflow/dags/a_foobar_dag.py
[2023-12-12T14:36:30.126+0000] {logging_mixin.py:154} INFO - [2023-12-12T14:36:30.126+0000] {dag.py:2941} INFO - Sync 1 DAGs
[2023-12-12T14:36:30.145+0000] {logging_mixin.py:154} INFO - [2023-12-12T14:36:30.145+0000] {dag.py:3722} INFO - Setting next_dagrun for a_foobar_dag to None, run_after=None
[2023-12-12T14:36:30.175+0000] {processor.py:179} INFO - Processing /opt/airflow/dags/a_foobar_dag.py took 0.111 seconds
[2023-12-12T14:37:00.474+0000] {processor.py:157} INFO - Started process (PID=98117) to work on /opt/airflow/dags/a_foobar_dag.py
[2023-12-12T14:37:00.475+0000] {processor.py:829} INFO - Processing file /opt/airflow/dags/a_foobar_dag.py for tasks to queue
[2023-12-12T14:37:00.477+0000] {logging_mixin.py:154} INFO - [2023-12-12T14:37:00.476+0000] {dagbag.py:536} INFO - Filling up the DagBag from /opt/airflow/dags/a_foobar_dag.py
[2023-12-12T14:37:00.490+0000] {processor.py:839} INFO - DAG(s) dict_keys(['a_foobar_dag']) retrieved from /opt/airflow/dags/a_foobar_dag.py
[2023-12-12T14:37:00.521+0000] {logging_mixin.py:154} INFO - [2023-12-12T14:37:00.520+0000] {dag.py:2941} INFO - Sync 1 DAGs
[2023-12-12T14:37:00.538+0000] {logging_mixin.py:154} INFO - [2023-12-12T14:37:00.538+0000] {dag.py:3722} INFO - Setting next_dagrun for a_foobar_dag to None, run_after=None
[2023-12-12T14:37:00.565+0000] {processor.py:179} INFO - Processing /opt/airflow/dags/a_foobar_dag.py took 0.096 seconds
[2023-12-12T14:37:31.037+0000] {processor.py:157} INFO - Started process (PID=98173) to work on /opt/airflow/dags/a_foobar_dag.py
[2023-12-12T14:37:31.038+0000] {processor.py:829} INFO - Processing file /opt/airflow/dags/a_foobar_dag.py for tasks to queue
[2023-12-12T14:37:31.040+0000] {logging_mixin.py:154} INFO - [2023-12-12T14:37:31.040+0000] {dagbag.py:536} INFO - Filling up the DagBag from /opt/airflow/dags/a_foobar_dag.py
[2023-12-12T14:37:31.052+0000] {processor.py:839} INFO - DAG(s) dict_keys(['a_foobar_dag']) retrieved from /opt/airflow/dags/a_foobar_dag.py
[2023-12-12T14:37:31.077+0000] {logging_mixin.py:154} INFO - [2023-12-12T14:37:31.077+0000] {dag.py:2941} INFO - Sync 1 DAGs
[2023-12-12T14:37:31.092+0000] {logging_mixin.py:154} INFO - [2023-12-12T14:37:31.092+0000] {dag.py:3722} INFO - Setting next_dagrun for a_foobar_dag to None, run_after=None
[2023-12-12T14:37:31.116+0000] {processor.py:179} INFO - Processing /opt/airflow/dags/a_foobar_dag.py took 0.083 seconds
[2023-12-12T14:38:01.457+0000] {processor.py:157} INFO - Started process (PID=98229) to work on /opt/airflow/dags/a_foobar_dag.py
[2023-12-12T14:38:01.459+0000] {processor.py:829} INFO - Processing file /opt/airflow/dags/a_foobar_dag.py for tasks to queue
[2023-12-12T14:38:01.460+0000] {logging_mixin.py:154} INFO - [2023-12-12T14:38:01.460+0000] {dagbag.py:536} INFO - Filling up the DagBag from /opt/airflow/dags/a_foobar_dag.py
[2023-12-12T14:38:01.472+0000] {processor.py:839} INFO - DAG(s) dict_keys(['a_foobar_dag']) retrieved from /opt/airflow/dags/a_foobar_dag.py
[2023-12-12T14:38:01.497+0000] {logging_mixin.py:154} INFO - [2023-12-12T14:38:01.497+0000] {dag.py:2941} INFO - Sync 1 DAGs
[2023-12-12T14:38:01.513+0000] {logging_mixin.py:154} INFO - [2023-12-12T14:38:01.513+0000] {dag.py:3722} INFO - Setting next_dagrun for a_foobar_dag to None, run_after=None
[2023-12-12T14:38:01.537+0000] {processor.py:179} INFO - Processing /opt/airflow/dags/a_foobar_dag.py took 0.084 seconds
[2023-12-12T14:38:31.905+0000] {processor.py:157} INFO - Started process (PID=98285) to work on /opt/airflow/dags/a_foobar_dag.py
[2023-12-12T14:38:31.907+0000] {processor.py:829} INFO - Processing file /opt/airflow/dags/a_foobar_dag.py for tasks to queue
[2023-12-12T14:38:31.910+0000] {logging_mixin.py:154} INFO - [2023-12-12T14:38:31.909+0000] {dagbag.py:536} INFO - Filling up the DagBag from /opt/airflow/dags/a_foobar_dag.py
[2023-12-12T14:38:31.928+0000] {processor.py:839} INFO - DAG(s) dict_keys(['a_foobar_dag']) retrieved from /opt/airflow/dags/a_foobar_dag.py
[2023-12-12T14:38:31.960+0000] {logging_mixin.py:154} INFO - [2023-12-12T14:38:31.960+0000] {dag.py:2941} INFO - Sync 1 DAGs
[2023-12-12T14:38:31.980+0000] {logging_mixin.py:154} INFO - [2023-12-12T14:38:31.980+0000] {dag.py:3722} INFO - Setting next_dagrun for a_foobar_dag to None, run_after=None
[2023-12-12T14:38:32.010+0000] {processor.py:179} INFO - Processing /opt/airflow/dags/a_foobar_dag.py took 0.111 seconds
[2023-12-12T14:39:02.429+0000] {processor.py:157} INFO - Started process (PID=98341) to work on /opt/airflow/dags/a_foobar_dag.py
[2023-12-12T14:39:02.431+0000] {processor.py:829} INFO - Processing file /opt/airflow/dags/a_foobar_dag.py for tasks to queue
[2023-12-12T14:39:02.432+0000] {logging_mixin.py:154} INFO - [2023-12-12T14:39:02.431+0000] {dagbag.py:536} INFO - Filling up the DagBag from /opt/airflow/dags/a_foobar_dag.py
[2023-12-12T14:39:02.444+0000] {processor.py:839} INFO - DAG(s) dict_keys(['a_foobar_dag']) retrieved from /opt/airflow/dags/a_foobar_dag.py
[2023-12-12T14:39:02.469+0000] {logging_mixin.py:154} INFO - [2023-12-12T14:39:02.469+0000] {dag.py:2941} INFO - Sync 1 DAGs
[2023-12-12T14:39:02.484+0000] {logging_mixin.py:154} INFO - [2023-12-12T14:39:02.484+0000] {dag.py:3722} INFO - Setting next_dagrun for a_foobar_dag to None, run_after=None
[2023-12-12T14:39:02.508+0000] {processor.py:179} INFO - Processing /opt/airflow/dags/a_foobar_dag.py took 0.083 seconds
[2023-12-12T14:39:32.826+0000] {processor.py:157} INFO - Started process (PID=98397) to work on /opt/airflow/dags/a_foobar_dag.py
[2023-12-12T14:39:32.827+0000] {processor.py:829} INFO - Processing file /opt/airflow/dags/a_foobar_dag.py for tasks to queue
[2023-12-12T14:39:32.829+0000] {logging_mixin.py:154} INFO - [2023-12-12T14:39:32.829+0000] {dagbag.py:536} INFO - Filling up the DagBag from /opt/airflow/dags/a_foobar_dag.py
[2023-12-12T14:39:32.841+0000] {processor.py:839} INFO - DAG(s) dict_keys(['a_foobar_dag']) retrieved from /opt/airflow/dags/a_foobar_dag.py
[2023-12-12T14:39:32.866+0000] {logging_mixin.py:154} INFO - [2023-12-12T14:39:32.866+0000] {dag.py:2941} INFO - Sync 1 DAGs
[2023-12-12T14:39:32.883+0000] {logging_mixin.py:154} INFO - [2023-12-12T14:39:32.883+0000] {dag.py:3722} INFO - Setting next_dagrun for a_foobar_dag to None, run_after=None
[2023-12-12T14:39:32.906+0000] {processor.py:179} INFO - Processing /opt/airflow/dags/a_foobar_dag.py took 0.085 seconds
[2023-12-12T14:40:03.516+0000] {processor.py:157} INFO - Started process (PID=98453) to work on /opt/airflow/dags/a_foobar_dag.py
[2023-12-12T14:40:03.517+0000] {processor.py:829} INFO - Processing file /opt/airflow/dags/a_foobar_dag.py for tasks to queue
[2023-12-12T14:40:03.518+0000] {logging_mixin.py:154} INFO - [2023-12-12T14:40:03.518+0000] {dagbag.py:536} INFO - Filling up the DagBag from /opt/airflow/dags/a_foobar_dag.py
[2023-12-12T14:40:03.528+0000] {processor.py:839} INFO - DAG(s) dict_keys(['a_foobar_dag']) retrieved from /opt/airflow/dags/a_foobar_dag.py
[2023-12-12T14:40:03.550+0000] {logging_mixin.py:154} INFO - [2023-12-12T14:40:03.550+0000] {dag.py:2941} INFO - Sync 1 DAGs
[2023-12-12T14:40:03.565+0000] {logging_mixin.py:154} INFO - [2023-12-12T14:40:03.564+0000] {dag.py:3722} INFO - Setting next_dagrun for a_foobar_dag to None, run_after=None
[2023-12-12T14:40:03.585+0000] {processor.py:179} INFO - Processing /opt/airflow/dags/a_foobar_dag.py took 0.073 seconds
[2023-12-12T14:40:34.083+0000] {processor.py:157} INFO - Started process (PID=98509) to work on /opt/airflow/dags/a_foobar_dag.py
[2023-12-12T14:40:34.084+0000] {processor.py:829} INFO - Processing file /opt/airflow/dags/a_foobar_dag.py for tasks to queue
[2023-12-12T14:40:34.086+0000] {logging_mixin.py:154} INFO - [2023-12-12T14:40:34.085+0000] {dagbag.py:536} INFO - Filling up the DagBag from /opt/airflow/dags/a_foobar_dag.py
[2023-12-12T14:40:34.097+0000] {processor.py:839} INFO - DAG(s) dict_keys(['a_foobar_dag']) retrieved from /opt/airflow/dags/a_foobar_dag.py
[2023-12-12T14:40:34.120+0000] {logging_mixin.py:154} INFO - [2023-12-12T14:40:34.120+0000] {dag.py:2941} INFO - Sync 1 DAGs
[2023-12-12T14:40:34.134+0000] {logging_mixin.py:154} INFO - [2023-12-12T14:40:34.134+0000] {dag.py:3722} INFO - Setting next_dagrun for a_foobar_dag to None, run_after=None
[2023-12-12T14:40:34.157+0000] {processor.py:179} INFO - Processing /opt/airflow/dags/a_foobar_dag.py took 0.078 seconds
[2023-12-12T14:41:04.676+0000] {processor.py:157} INFO - Started process (PID=98565) to work on /opt/airflow/dags/a_foobar_dag.py
[2023-12-12T14:41:04.677+0000] {processor.py:829} INFO - Processing file /opt/airflow/dags/a_foobar_dag.py for tasks to queue
[2023-12-12T14:41:04.678+0000] {logging_mixin.py:154} INFO - [2023-12-12T14:41:04.678+0000] {dagbag.py:536} INFO - Filling up the DagBag from /opt/airflow/dags/a_foobar_dag.py
[2023-12-12T14:41:04.691+0000] {processor.py:839} INFO - DAG(s) dict_keys(['a_foobar_dag']) retrieved from /opt/airflow/dags/a_foobar_dag.py
[2023-12-12T14:41:04.717+0000] {logging_mixin.py:154} INFO - [2023-12-12T14:41:04.717+0000] {dag.py:2941} INFO - Sync 1 DAGs
[2023-12-12T14:41:04.735+0000] {logging_mixin.py:154} INFO - [2023-12-12T14:41:04.735+0000] {dag.py:3722} INFO - Setting next_dagrun for a_foobar_dag to None, run_after=None
[2023-12-12T14:41:04.759+0000] {processor.py:179} INFO - Processing /opt/airflow/dags/a_foobar_dag.py took 0.087 seconds
[2023-12-12T14:41:35.110+0000] {processor.py:157} INFO - Started process (PID=98621) to work on /opt/airflow/dags/a_foobar_dag.py
[2023-12-12T14:41:35.112+0000] {processor.py:829} INFO - Processing file /opt/airflow/dags/a_foobar_dag.py for tasks to queue
[2023-12-12T14:41:35.114+0000] {logging_mixin.py:154} INFO - [2023-12-12T14:41:35.113+0000] {dagbag.py:536} INFO - Filling up the DagBag from /opt/airflow/dags/a_foobar_dag.py
[2023-12-12T14:41:35.128+0000] {processor.py:839} INFO - DAG(s) dict_keys(['a_foobar_dag']) retrieved from /opt/airflow/dags/a_foobar_dag.py
[2023-12-12T14:41:35.154+0000] {logging_mixin.py:154} INFO - [2023-12-12T14:41:35.153+0000] {dag.py:2941} INFO - Sync 1 DAGs
[2023-12-12T14:41:35.172+0000] {logging_mixin.py:154} INFO - [2023-12-12T14:41:35.172+0000] {dag.py:3722} INFO - Setting next_dagrun for a_foobar_dag to None, run_after=None
[2023-12-12T14:41:35.198+0000] {processor.py:179} INFO - Processing /opt/airflow/dags/a_foobar_dag.py took 0.094 seconds
[2023-12-12T14:42:05.477+0000] {processor.py:157} INFO - Started process (PID=98677) to work on /opt/airflow/dags/a_foobar_dag.py
[2023-12-12T14:42:05.478+0000] {processor.py:829} INFO - Processing file /opt/airflow/dags/a_foobar_dag.py for tasks to queue
[2023-12-12T14:42:05.479+0000] {logging_mixin.py:154} INFO - [2023-12-12T14:42:05.479+0000] {dagbag.py:536} INFO - Filling up the DagBag from /opt/airflow/dags/a_foobar_dag.py
[2023-12-12T14:42:05.492+0000] {processor.py:839} INFO - DAG(s) dict_keys(['a_foobar_dag']) retrieved from /opt/airflow/dags/a_foobar_dag.py
[2023-12-12T14:42:05.523+0000] {logging_mixin.py:154} INFO - [2023-12-12T14:42:05.522+0000] {dag.py:2941} INFO - Sync 1 DAGs
[2023-12-12T14:42:05.547+0000] {logging_mixin.py:154} INFO - [2023-12-12T14:42:05.547+0000] {dag.py:3722} INFO - Setting next_dagrun for a_foobar_dag to None, run_after=None
[2023-12-12T14:42:05.587+0000] {processor.py:179} INFO - Processing /opt/airflow/dags/a_foobar_dag.py took 0.114 seconds
[2023-12-12T14:43:06.516+0000] {processor.py:157} INFO - Started process (PID=98692) to work on /opt/airflow/dags/a_foobar_dag.py
[2023-12-12T14:43:06.518+0000] {processor.py:829} INFO - Processing file /opt/airflow/dags/a_foobar_dag.py for tasks to queue
[2023-12-12T14:43:06.520+0000] {logging_mixin.py:154} INFO - [2023-12-12T14:43:06.519+0000] {dagbag.py:536} INFO - Filling up the DagBag from /opt/airflow/dags/a_foobar_dag.py
[2023-12-12T14:43:06.538+0000] {processor.py:839} INFO - DAG(s) dict_keys(['a_foobar_dag']) retrieved from /opt/airflow/dags/a_foobar_dag.py
[2023-12-12T14:43:06.584+0000] {logging_mixin.py:154} INFO - [2023-12-12T14:43:06.583+0000] {dag.py:2941} INFO - Sync 1 DAGs
[2023-12-12T14:43:06.616+0000] {logging_mixin.py:154} INFO - [2023-12-12T14:43:06.616+0000] {dag.py:3722} INFO - Setting next_dagrun for a_foobar_dag to None, run_after=None
[2023-12-12T14:43:06.664+0000] {processor.py:179} INFO - Processing /opt/airflow/dags/a_foobar_dag.py took 0.184 seconds
[2023-12-12T14:43:37.092+0000] {processor.py:157} INFO - Started process (PID=98748) to work on /opt/airflow/dags/a_foobar_dag.py
[2023-12-12T14:43:37.094+0000] {processor.py:829} INFO - Processing file /opt/airflow/dags/a_foobar_dag.py for tasks to queue
[2023-12-12T14:43:37.095+0000] {logging_mixin.py:154} INFO - [2023-12-12T14:43:37.095+0000] {dagbag.py:536} INFO - Filling up the DagBag from /opt/airflow/dags/a_foobar_dag.py
[2023-12-12T14:43:37.109+0000] {processor.py:839} INFO - DAG(s) dict_keys(['a_foobar_dag']) retrieved from /opt/airflow/dags/a_foobar_dag.py
[2023-12-12T14:43:37.140+0000] {logging_mixin.py:154} INFO - [2023-12-12T14:43:37.140+0000] {dag.py:2941} INFO - Sync 1 DAGs
[2023-12-12T14:43:37.157+0000] {logging_mixin.py:154} INFO - [2023-12-12T14:43:37.157+0000] {dag.py:3722} INFO - Setting next_dagrun for a_foobar_dag to None, run_after=None
[2023-12-12T14:43:37.182+0000] {processor.py:179} INFO - Processing /opt/airflow/dags/a_foobar_dag.py took 0.095 seconds
[2023-12-12T14:44:07.594+0000] {processor.py:157} INFO - Started process (PID=98803) to work on /opt/airflow/dags/a_foobar_dag.py
[2023-12-12T14:44:07.596+0000] {processor.py:829} INFO - Processing file /opt/airflow/dags/a_foobar_dag.py for tasks to queue
[2023-12-12T14:44:07.598+0000] {logging_mixin.py:154} INFO - [2023-12-12T14:44:07.597+0000] {dagbag.py:536} INFO - Filling up the DagBag from /opt/airflow/dags/a_foobar_dag.py
[2023-12-12T14:44:07.615+0000] {processor.py:839} INFO - DAG(s) dict_keys(['a_foobar_dag']) retrieved from /opt/airflow/dags/a_foobar_dag.py
[2023-12-12T14:44:07.652+0000] {logging_mixin.py:154} INFO - [2023-12-12T14:44:07.651+0000] {dag.py:2941} INFO - Sync 1 DAGs
[2023-12-12T14:44:07.672+0000] {logging_mixin.py:154} INFO - [2023-12-12T14:44:07.672+0000] {dag.py:3722} INFO - Setting next_dagrun for a_foobar_dag to None, run_after=None
[2023-12-12T14:44:07.699+0000] {processor.py:179} INFO - Processing /opt/airflow/dags/a_foobar_dag.py took 0.113 seconds
[2023-12-12T16:32:28.586+0000] {processor.py:157} INFO - Started process (PID=98859) to work on /opt/airflow/dags/a_foobar_dag.py
[2023-12-12T16:32:28.604+0000] {processor.py:829} INFO - Processing file /opt/airflow/dags/a_foobar_dag.py for tasks to queue
[2023-12-12T16:32:28.606+0000] {logging_mixin.py:154} INFO - [2023-12-12T16:32:28.606+0000] {dagbag.py:536} INFO - Filling up the DagBag from /opt/airflow/dags/a_foobar_dag.py
[2023-12-12T16:32:28.625+0000] {processor.py:839} INFO - DAG(s) dict_keys(['a_foobar_dag']) retrieved from /opt/airflow/dags/a_foobar_dag.py
[2023-12-12T16:32:28.666+0000] {logging_mixin.py:154} INFO - [2023-12-12T16:32:28.666+0000] {dag.py:2941} INFO - Sync 1 DAGs
[2023-12-12T16:32:28.690+0000] {logging_mixin.py:154} INFO - [2023-12-12T16:32:28.689+0000] {dag.py:3722} INFO - Setting next_dagrun for a_foobar_dag to None, run_after=None
[2023-12-12T16:32:28.726+0000] {processor.py:179} INFO - Processing /opt/airflow/dags/a_foobar_dag.py took 0.150 seconds
[2023-12-12T18:32:42.301+0000] {processor.py:157} INFO - Started process (PID=98916) to work on /opt/airflow/dags/a_foobar_dag.py
[2023-12-12T18:32:42.305+0000] {processor.py:829} INFO - Processing file /opt/airflow/dags/a_foobar_dag.py for tasks to queue
[2023-12-12T18:32:42.308+0000] {logging_mixin.py:154} INFO - [2023-12-12T18:32:42.307+0000] {dagbag.py:536} INFO - Filling up the DagBag from /opt/airflow/dags/a_foobar_dag.py
[2023-12-12T18:32:42.326+0000] {processor.py:839} INFO - DAG(s) dict_keys(['a_foobar_dag']) retrieved from /opt/airflow/dags/a_foobar_dag.py
[2023-12-12T18:32:42.379+0000] {logging_mixin.py:154} INFO - [2023-12-12T18:32:42.379+0000] {dag.py:2941} INFO - Sync 1 DAGs
[2023-12-12T18:32:42.421+0000] {logging_mixin.py:154} INFO - [2023-12-12T18:32:42.421+0000] {dag.py:3722} INFO - Setting next_dagrun for a_foobar_dag to None, run_after=None
[2023-12-12T18:32:42.459+0000] {processor.py:179} INFO - Processing /opt/airflow/dags/a_foobar_dag.py took 0.165 seconds
[2023-12-12T20:32:51.515+0000] {processor.py:157} INFO - Started process (PID=98972) to work on /opt/airflow/dags/a_foobar_dag.py
[2023-12-12T20:32:51.558+0000] {processor.py:829} INFO - Processing file /opt/airflow/dags/a_foobar_dag.py for tasks to queue
[2023-12-12T20:32:51.583+0000] {logging_mixin.py:154} INFO - [2023-12-12T20:32:51.582+0000] {dagbag.py:536} INFO - Filling up the DagBag from /opt/airflow/dags/a_foobar_dag.py
[2023-12-12T20:32:51.675+0000] {processor.py:839} INFO - DAG(s) dict_keys(['a_foobar_dag']) retrieved from /opt/airflow/dags/a_foobar_dag.py
[2023-12-12T20:32:51.726+0000] {logging_mixin.py:154} INFO - [2023-12-12T20:32:51.725+0000] {dag.py:2941} INFO - Sync 1 DAGs
[2023-12-12T20:32:51.796+0000] {logging_mixin.py:154} INFO - [2023-12-12T20:32:51.795+0000] {dag.py:3722} INFO - Setting next_dagrun for a_foobar_dag to None, run_after=None
[2023-12-12T20:32:51.857+0000] {processor.py:179} INFO - Processing /opt/airflow/dags/a_foobar_dag.py took 0.353 seconds
[2023-12-12T22:33:03.401+0000] {processor.py:157} INFO - Started process (PID=99028) to work on /opt/airflow/dags/a_foobar_dag.py
[2023-12-12T22:33:03.403+0000] {processor.py:829} INFO - Processing file /opt/airflow/dags/a_foobar_dag.py for tasks to queue
[2023-12-12T22:33:03.406+0000] {logging_mixin.py:154} INFO - [2023-12-12T22:33:03.405+0000] {dagbag.py:536} INFO - Filling up the DagBag from /opt/airflow/dags/a_foobar_dag.py
[2023-12-12T22:33:03.426+0000] {processor.py:839} INFO - DAG(s) dict_keys(['a_foobar_dag']) retrieved from /opt/airflow/dags/a_foobar_dag.py
[2023-12-12T22:33:03.466+0000] {logging_mixin.py:154} INFO - [2023-12-12T22:33:03.466+0000] {dag.py:2941} INFO - Sync 1 DAGs
[2023-12-12T22:33:03.496+0000] {logging_mixin.py:154} INFO - [2023-12-12T22:33:03.495+0000] {dag.py:3722} INFO - Setting next_dagrun for a_foobar_dag to None, run_after=None
[2023-12-12T22:33:03.541+0000] {processor.py:179} INFO - Processing /opt/airflow/dags/a_foobar_dag.py took 0.148 seconds
