[2023-12-12T00:06:26.213+0000] {processor.py:157} INFO - Started process (PID=94456) to work on /opt/airflow/dags/a_simple_bash_dag.py
[2023-12-12T00:06:26.215+0000] {processor.py:829} INFO - Processing file /opt/airflow/dags/a_simple_bash_dag.py for tasks to queue
[2023-12-12T00:06:26.217+0000] {logging_mixin.py:154} INFO - [2023-12-12T00:06:26.217+0000] {dagbag.py:536} INFO - Filling up the DagBag from /opt/airflow/dags/a_simple_bash_dag.py
[2023-12-12T00:06:26.234+0000] {processor.py:839} INFO - DAG(s) dict_keys(['a_simple_bash_dag']) retrieved from /opt/airflow/dags/a_simple_bash_dag.py
[2023-12-12T00:06:26.598+0000] {logging_mixin.py:154} INFO - [2023-12-12T00:06:26.598+0000] {dag.py:2941} INFO - Sync 1 DAGs
[2023-12-12T00:06:26.647+0000] {logging_mixin.py:154} INFO - [2023-12-12T00:06:26.647+0000] {dag.py:3722} INFO - Setting next_dagrun for a_simple_bash_dag to None, run_after=None
[2023-12-12T00:06:26.690+0000] {processor.py:179} INFO - Processing /opt/airflow/dags/a_simple_bash_dag.py took 0.491 seconds
[2023-12-12T02:04:36.941+0000] {processor.py:157} INFO - Started process (PID=94514) to work on /opt/airflow/dags/a_simple_bash_dag.py
[2023-12-12T02:04:36.943+0000] {processor.py:829} INFO - Processing file /opt/airflow/dags/a_simple_bash_dag.py for tasks to queue
[2023-12-12T02:04:36.945+0000] {logging_mixin.py:154} INFO - [2023-12-12T02:04:36.944+0000] {dagbag.py:536} INFO - Filling up the DagBag from /opt/airflow/dags/a_simple_bash_dag.py
[2023-12-12T02:04:36.964+0000] {processor.py:839} INFO - DAG(s) dict_keys(['a_simple_bash_dag']) retrieved from /opt/airflow/dags/a_simple_bash_dag.py
[2023-12-12T02:04:37.015+0000] {logging_mixin.py:154} INFO - [2023-12-12T02:04:37.015+0000] {dag.py:2941} INFO - Sync 1 DAGs
[2023-12-12T02:04:37.037+0000] {logging_mixin.py:154} INFO - [2023-12-12T02:04:37.036+0000] {dag.py:3722} INFO - Setting next_dagrun for a_simple_bash_dag to None, run_after=None
[2023-12-12T02:04:37.072+0000] {processor.py:179} INFO - Processing /opt/airflow/dags/a_simple_bash_dag.py took 0.138 seconds
[2023-12-12T05:05:03.149+0000] {processor.py:157} INFO - Started process (PID=94576) to work on /opt/airflow/dags/a_simple_bash_dag.py
[2023-12-12T05:05:03.152+0000] {processor.py:829} INFO - Processing file /opt/airflow/dags/a_simple_bash_dag.py for tasks to queue
[2023-12-12T05:05:03.154+0000] {logging_mixin.py:154} INFO - [2023-12-12T05:05:03.154+0000] {dagbag.py:536} INFO - Filling up the DagBag from /opt/airflow/dags/a_simple_bash_dag.py
[2023-12-12T05:05:03.170+0000] {processor.py:839} INFO - DAG(s) dict_keys(['a_simple_bash_dag']) retrieved from /opt/airflow/dags/a_simple_bash_dag.py
[2023-12-12T05:05:03.207+0000] {logging_mixin.py:154} INFO - [2023-12-12T05:05:03.207+0000] {dag.py:2941} INFO - Sync 1 DAGs
[2023-12-12T05:05:03.235+0000] {logging_mixin.py:154} INFO - [2023-12-12T05:05:03.234+0000] {dag.py:3722} INFO - Setting next_dagrun for a_simple_bash_dag to None, run_after=None
[2023-12-12T05:05:03.269+0000] {processor.py:179} INFO - Processing /opt/airflow/dags/a_simple_bash_dag.py took 0.127 seconds
[2023-12-12T07:05:15.585+0000] {processor.py:157} INFO - Started process (PID=94633) to work on /opt/airflow/dags/a_simple_bash_dag.py
[2023-12-12T07:05:15.587+0000] {processor.py:829} INFO - Processing file /opt/airflow/dags/a_simple_bash_dag.py for tasks to queue
[2023-12-12T07:05:15.589+0000] {logging_mixin.py:154} INFO - [2023-12-12T07:05:15.588+0000] {dagbag.py:536} INFO - Filling up the DagBag from /opt/airflow/dags/a_simple_bash_dag.py
[2023-12-12T07:05:15.601+0000] {processor.py:839} INFO - DAG(s) dict_keys(['a_simple_bash_dag']) retrieved from /opt/airflow/dags/a_simple_bash_dag.py
[2023-12-12T07:05:15.768+0000] {logging_mixin.py:154} INFO - [2023-12-12T07:05:15.767+0000] {dag.py:2941} INFO - Sync 1 DAGs
[2023-12-12T07:05:15.791+0000] {logging_mixin.py:154} INFO - [2023-12-12T07:05:15.791+0000] {dag.py:3722} INFO - Setting next_dagrun for a_simple_bash_dag to None, run_after=None
[2023-12-12T07:05:15.837+0000] {processor.py:179} INFO - Processing /opt/airflow/dags/a_simple_bash_dag.py took 0.257 seconds
[2023-12-12T08:19:26.624+0000] {processor.py:157} INFO - Started process (PID=94688) to work on /opt/airflow/dags/a_simple_bash_dag.py
[2023-12-12T08:19:26.626+0000] {processor.py:829} INFO - Processing file /opt/airflow/dags/a_simple_bash_dag.py for tasks to queue
[2023-12-12T08:19:26.627+0000] {logging_mixin.py:154} INFO - [2023-12-12T08:19:26.627+0000] {dagbag.py:536} INFO - Filling up the DagBag from /opt/airflow/dags/a_simple_bash_dag.py
[2023-12-12T08:19:26.638+0000] {processor.py:839} INFO - DAG(s) dict_keys(['a_simple_bash_dag']) retrieved from /opt/airflow/dags/a_simple_bash_dag.py
[2023-12-12T08:19:26.675+0000] {logging_mixin.py:154} INFO - [2023-12-12T08:19:26.675+0000] {dag.py:2941} INFO - Sync 1 DAGs
[2023-12-12T08:19:26.707+0000] {logging_mixin.py:154} INFO - [2023-12-12T08:19:26.707+0000] {dag.py:3722} INFO - Setting next_dagrun for a_simple_bash_dag to None, run_after=None
[2023-12-12T08:19:26.840+0000] {processor.py:179} INFO - Processing /opt/airflow/dags/a_simple_bash_dag.py took 0.222 seconds
[2023-12-12T10:57:33.978+0000] {processor.py:157} INFO - Started process (PID=94753) to work on /opt/airflow/dags/a_simple_bash_dag.py
[2023-12-12T10:57:33.979+0000] {processor.py:829} INFO - Processing file /opt/airflow/dags/a_simple_bash_dag.py for tasks to queue
[2023-12-12T10:57:33.981+0000] {logging_mixin.py:154} INFO - [2023-12-12T10:57:33.980+0000] {dagbag.py:536} INFO - Filling up the DagBag from /opt/airflow/dags/a_simple_bash_dag.py
[2023-12-12T10:57:33.991+0000] {processor.py:839} INFO - DAG(s) dict_keys(['a_simple_bash_dag']) retrieved from /opt/airflow/dags/a_simple_bash_dag.py
[2023-12-12T10:57:34.030+0000] {logging_mixin.py:154} INFO - [2023-12-12T10:57:34.030+0000] {dag.py:2941} INFO - Sync 1 DAGs
[2023-12-12T10:57:34.046+0000] {logging_mixin.py:154} INFO - [2023-12-12T10:57:34.046+0000] {dag.py:3722} INFO - Setting next_dagrun for a_simple_bash_dag to None, run_after=None
[2023-12-12T10:57:34.074+0000] {processor.py:179} INFO - Processing /opt/airflow/dags/a_simple_bash_dag.py took 0.101 seconds
[2023-12-12T14:07:07.452+0000] {processor.py:157} INFO - Started process (PID=94810) to work on /opt/airflow/dags/a_simple_bash_dag.py
[2023-12-12T14:07:07.454+0000] {processor.py:829} INFO - Processing file /opt/airflow/dags/a_simple_bash_dag.py for tasks to queue
[2023-12-12T14:07:07.455+0000] {logging_mixin.py:154} INFO - [2023-12-12T14:07:07.455+0000] {dagbag.py:536} INFO - Filling up the DagBag from /opt/airflow/dags/a_simple_bash_dag.py
[2023-12-12T14:07:07.466+0000] {processor.py:839} INFO - DAG(s) dict_keys(['a_simple_bash_dag']) retrieved from /opt/airflow/dags/a_simple_bash_dag.py
[2023-12-12T14:07:07.512+0000] {logging_mixin.py:154} INFO - [2023-12-12T14:07:07.512+0000] {dag.py:2941} INFO - Sync 1 DAGs
[2023-12-12T14:07:07.538+0000] {logging_mixin.py:154} INFO - [2023-12-12T14:07:07.538+0000] {dag.py:3722} INFO - Setting next_dagrun for a_simple_bash_dag to None, run_after=None
[2023-12-12T14:07:07.571+0000] {processor.py:179} INFO - Processing /opt/airflow/dags/a_simple_bash_dag.py took 0.124 seconds
[2023-12-12T14:07:38.025+0000] {processor.py:157} INFO - Started process (PID=94866) to work on /opt/airflow/dags/a_simple_bash_dag.py
[2023-12-12T14:07:38.027+0000] {processor.py:829} INFO - Processing file /opt/airflow/dags/a_simple_bash_dag.py for tasks to queue
[2023-12-12T14:07:38.029+0000] {logging_mixin.py:154} INFO - [2023-12-12T14:07:38.028+0000] {dagbag.py:536} INFO - Filling up the DagBag from /opt/airflow/dags/a_simple_bash_dag.py
[2023-12-12T14:07:38.036+0000] {processor.py:839} INFO - DAG(s) dict_keys(['a_simple_bash_dag']) retrieved from /opt/airflow/dags/a_simple_bash_dag.py
[2023-12-12T14:07:38.060+0000] {logging_mixin.py:154} INFO - [2023-12-12T14:07:38.060+0000] {dag.py:2941} INFO - Sync 1 DAGs
[2023-12-12T14:07:38.074+0000] {logging_mixin.py:154} INFO - [2023-12-12T14:07:38.074+0000] {dag.py:3722} INFO - Setting next_dagrun for a_simple_bash_dag to None, run_after=None
[2023-12-12T14:07:38.098+0000] {processor.py:179} INFO - Processing /opt/airflow/dags/a_simple_bash_dag.py took 0.077 seconds
[2023-12-12T14:08:08.648+0000] {processor.py:157} INFO - Started process (PID=94922) to work on /opt/airflow/dags/a_simple_bash_dag.py
[2023-12-12T14:08:08.650+0000] {processor.py:829} INFO - Processing file /opt/airflow/dags/a_simple_bash_dag.py for tasks to queue
[2023-12-12T14:08:08.652+0000] {logging_mixin.py:154} INFO - [2023-12-12T14:08:08.652+0000] {dagbag.py:536} INFO - Filling up the DagBag from /opt/airflow/dags/a_simple_bash_dag.py
[2023-12-12T14:08:08.663+0000] {processor.py:839} INFO - DAG(s) dict_keys(['a_simple_bash_dag']) retrieved from /opt/airflow/dags/a_simple_bash_dag.py
[2023-12-12T14:08:08.699+0000] {logging_mixin.py:154} INFO - [2023-12-12T14:08:08.698+0000] {dag.py:2941} INFO - Sync 1 DAGs
[2023-12-12T14:08:08.718+0000] {logging_mixin.py:154} INFO - [2023-12-12T14:08:08.718+0000] {dag.py:3722} INFO - Setting next_dagrun for a_simple_bash_dag to None, run_after=None
[2023-12-12T14:08:08.756+0000] {processor.py:179} INFO - Processing /opt/airflow/dags/a_simple_bash_dag.py took 0.116 seconds
[2023-12-12T14:08:38.956+0000] {processor.py:157} INFO - Started process (PID=94978) to work on /opt/airflow/dags/a_simple_bash_dag.py
[2023-12-12T14:08:38.958+0000] {processor.py:829} INFO - Processing file /opt/airflow/dags/a_simple_bash_dag.py for tasks to queue
[2023-12-12T14:08:38.959+0000] {logging_mixin.py:154} INFO - [2023-12-12T14:08:38.959+0000] {dagbag.py:536} INFO - Filling up the DagBag from /opt/airflow/dags/a_simple_bash_dag.py
[2023-12-12T14:08:38.968+0000] {processor.py:839} INFO - DAG(s) dict_keys(['a_simple_bash_dag']) retrieved from /opt/airflow/dags/a_simple_bash_dag.py
[2023-12-12T14:08:38.992+0000] {logging_mixin.py:154} INFO - [2023-12-12T14:08:38.992+0000] {dag.py:2941} INFO - Sync 1 DAGs
[2023-12-12T14:08:39.008+0000] {logging_mixin.py:154} INFO - [2023-12-12T14:08:39.008+0000] {dag.py:3722} INFO - Setting next_dagrun for a_simple_bash_dag to None, run_after=None
[2023-12-12T14:08:39.030+0000] {processor.py:179} INFO - Processing /opt/airflow/dags/a_simple_bash_dag.py took 0.079 seconds
[2023-12-12T14:09:09.963+0000] {processor.py:157} INFO - Started process (PID=95034) to work on /opt/airflow/dags/a_simple_bash_dag.py
[2023-12-12T14:09:09.965+0000] {processor.py:829} INFO - Processing file /opt/airflow/dags/a_simple_bash_dag.py for tasks to queue
[2023-12-12T14:09:09.966+0000] {logging_mixin.py:154} INFO - [2023-12-12T14:09:09.966+0000] {dagbag.py:536} INFO - Filling up the DagBag from /opt/airflow/dags/a_simple_bash_dag.py
[2023-12-12T14:09:09.975+0000] {processor.py:839} INFO - DAG(s) dict_keys(['a_simple_bash_dag']) retrieved from /opt/airflow/dags/a_simple_bash_dag.py
[2023-12-12T14:09:09.997+0000] {logging_mixin.py:154} INFO - [2023-12-12T14:09:09.997+0000] {dag.py:2941} INFO - Sync 1 DAGs
[2023-12-12T14:09:10.013+0000] {logging_mixin.py:154} INFO - [2023-12-12T14:09:10.013+0000] {dag.py:3722} INFO - Setting next_dagrun for a_simple_bash_dag to None, run_after=None
[2023-12-12T14:09:10.034+0000] {processor.py:179} INFO - Processing /opt/airflow/dags/a_simple_bash_dag.py took 0.075 seconds
[2023-12-12T14:09:40.289+0000] {processor.py:157} INFO - Started process (PID=95090) to work on /opt/airflow/dags/a_simple_bash_dag.py
[2023-12-12T14:09:40.291+0000] {processor.py:829} INFO - Processing file /opt/airflow/dags/a_simple_bash_dag.py for tasks to queue
[2023-12-12T14:09:40.292+0000] {logging_mixin.py:154} INFO - [2023-12-12T14:09:40.292+0000] {dagbag.py:536} INFO - Filling up the DagBag from /opt/airflow/dags/a_simple_bash_dag.py
[2023-12-12T14:09:40.302+0000] {processor.py:839} INFO - DAG(s) dict_keys(['a_simple_bash_dag']) retrieved from /opt/airflow/dags/a_simple_bash_dag.py
[2023-12-12T14:09:40.329+0000] {logging_mixin.py:154} INFO - [2023-12-12T14:09:40.329+0000] {dag.py:2941} INFO - Sync 1 DAGs
[2023-12-12T14:09:40.347+0000] {logging_mixin.py:154} INFO - [2023-12-12T14:09:40.347+0000] {dag.py:3722} INFO - Setting next_dagrun for a_simple_bash_dag to None, run_after=None
[2023-12-12T14:09:40.373+0000] {processor.py:179} INFO - Processing /opt/airflow/dags/a_simple_bash_dag.py took 0.088 seconds
[2023-12-12T14:10:10.867+0000] {processor.py:157} INFO - Started process (PID=95146) to work on /opt/airflow/dags/a_simple_bash_dag.py
[2023-12-12T14:10:10.869+0000] {processor.py:829} INFO - Processing file /opt/airflow/dags/a_simple_bash_dag.py for tasks to queue
[2023-12-12T14:10:10.870+0000] {logging_mixin.py:154} INFO - [2023-12-12T14:10:10.870+0000] {dagbag.py:536} INFO - Filling up the DagBag from /opt/airflow/dags/a_simple_bash_dag.py
[2023-12-12T14:10:10.879+0000] {processor.py:839} INFO - DAG(s) dict_keys(['a_simple_bash_dag']) retrieved from /opt/airflow/dags/a_simple_bash_dag.py
[2023-12-12T14:10:10.906+0000] {logging_mixin.py:154} INFO - [2023-12-12T14:10:10.906+0000] {dag.py:2941} INFO - Sync 1 DAGs
[2023-12-12T14:10:10.924+0000] {logging_mixin.py:154} INFO - [2023-12-12T14:10:10.923+0000] {dag.py:3722} INFO - Setting next_dagrun for a_simple_bash_dag to None, run_after=None
[2023-12-12T14:10:10.951+0000] {processor.py:179} INFO - Processing /opt/airflow/dags/a_simple_bash_dag.py took 0.089 seconds
[2023-12-12T14:10:41.370+0000] {processor.py:157} INFO - Started process (PID=95202) to work on /opt/airflow/dags/a_simple_bash_dag.py
[2023-12-12T14:10:41.371+0000] {processor.py:829} INFO - Processing file /opt/airflow/dags/a_simple_bash_dag.py for tasks to queue
[2023-12-12T14:10:41.373+0000] {logging_mixin.py:154} INFO - [2023-12-12T14:10:41.372+0000] {dagbag.py:536} INFO - Filling up the DagBag from /opt/airflow/dags/a_simple_bash_dag.py
[2023-12-12T14:10:41.382+0000] {processor.py:839} INFO - DAG(s) dict_keys(['a_simple_bash_dag']) retrieved from /opt/airflow/dags/a_simple_bash_dag.py
[2023-12-12T14:10:41.410+0000] {logging_mixin.py:154} INFO - [2023-12-12T14:10:41.409+0000] {dag.py:2941} INFO - Sync 1 DAGs
[2023-12-12T14:10:41.427+0000] {logging_mixin.py:154} INFO - [2023-12-12T14:10:41.427+0000] {dag.py:3722} INFO - Setting next_dagrun for a_simple_bash_dag to None, run_after=None
[2023-12-12T14:10:41.453+0000] {processor.py:179} INFO - Processing /opt/airflow/dags/a_simple_bash_dag.py took 0.088 seconds
[2023-12-12T14:11:11.594+0000] {processor.py:157} INFO - Started process (PID=95258) to work on /opt/airflow/dags/a_simple_bash_dag.py
[2023-12-12T14:11:11.596+0000] {processor.py:829} INFO - Processing file /opt/airflow/dags/a_simple_bash_dag.py for tasks to queue
[2023-12-12T14:11:11.597+0000] {logging_mixin.py:154} INFO - [2023-12-12T14:11:11.597+0000] {dagbag.py:536} INFO - Filling up the DagBag from /opt/airflow/dags/a_simple_bash_dag.py
[2023-12-12T14:11:11.606+0000] {processor.py:839} INFO - DAG(s) dict_keys(['a_simple_bash_dag']) retrieved from /opt/airflow/dags/a_simple_bash_dag.py
[2023-12-12T14:11:11.632+0000] {logging_mixin.py:154} INFO - [2023-12-12T14:11:11.632+0000] {dag.py:2941} INFO - Sync 1 DAGs
[2023-12-12T14:11:11.648+0000] {logging_mixin.py:154} INFO - [2023-12-12T14:11:11.648+0000] {dag.py:3722} INFO - Setting next_dagrun for a_simple_bash_dag to None, run_after=None
[2023-12-12T14:11:11.673+0000] {processor.py:179} INFO - Processing /opt/airflow/dags/a_simple_bash_dag.py took 0.083 seconds
[2023-12-12T14:11:41.991+0000] {processor.py:157} INFO - Started process (PID=95314) to work on /opt/airflow/dags/a_simple_bash_dag.py
[2023-12-12T14:11:41.993+0000] {processor.py:829} INFO - Processing file /opt/airflow/dags/a_simple_bash_dag.py for tasks to queue
[2023-12-12T14:11:41.995+0000] {logging_mixin.py:154} INFO - [2023-12-12T14:11:41.994+0000] {dagbag.py:536} INFO - Filling up the DagBag from /opt/airflow/dags/a_simple_bash_dag.py
[2023-12-12T14:11:42.007+0000] {processor.py:839} INFO - DAG(s) dict_keys(['a_simple_bash_dag']) retrieved from /opt/airflow/dags/a_simple_bash_dag.py
[2023-12-12T14:11:42.035+0000] {logging_mixin.py:154} INFO - [2023-12-12T14:11:42.035+0000] {dag.py:2941} INFO - Sync 1 DAGs
[2023-12-12T14:11:42.057+0000] {logging_mixin.py:154} INFO - [2023-12-12T14:11:42.057+0000] {dag.py:3722} INFO - Setting next_dagrun for a_simple_bash_dag to None, run_after=None
[2023-12-12T14:11:42.086+0000] {processor.py:179} INFO - Processing /opt/airflow/dags/a_simple_bash_dag.py took 0.102 seconds
[2023-12-12T14:12:12.682+0000] {processor.py:157} INFO - Started process (PID=95370) to work on /opt/airflow/dags/a_simple_bash_dag.py
[2023-12-12T14:12:12.683+0000] {processor.py:829} INFO - Processing file /opt/airflow/dags/a_simple_bash_dag.py for tasks to queue
[2023-12-12T14:12:12.684+0000] {logging_mixin.py:154} INFO - [2023-12-12T14:12:12.684+0000] {dagbag.py:536} INFO - Filling up the DagBag from /opt/airflow/dags/a_simple_bash_dag.py
[2023-12-12T14:12:12.693+0000] {processor.py:839} INFO - DAG(s) dict_keys(['a_simple_bash_dag']) retrieved from /opt/airflow/dags/a_simple_bash_dag.py
[2023-12-12T14:12:12.716+0000] {logging_mixin.py:154} INFO - [2023-12-12T14:12:12.716+0000] {dag.py:2941} INFO - Sync 1 DAGs
[2023-12-12T14:12:12.732+0000] {logging_mixin.py:154} INFO - [2023-12-12T14:12:12.732+0000] {dag.py:3722} INFO - Setting next_dagrun for a_simple_bash_dag to None, run_after=None
[2023-12-12T14:12:12.754+0000] {processor.py:179} INFO - Processing /opt/airflow/dags/a_simple_bash_dag.py took 0.077 seconds
[2023-12-12T14:12:43.154+0000] {processor.py:157} INFO - Started process (PID=95426) to work on /opt/airflow/dags/a_simple_bash_dag.py
[2023-12-12T14:12:43.156+0000] {processor.py:829} INFO - Processing file /opt/airflow/dags/a_simple_bash_dag.py for tasks to queue
[2023-12-12T14:12:43.157+0000] {logging_mixin.py:154} INFO - [2023-12-12T14:12:43.157+0000] {dagbag.py:536} INFO - Filling up the DagBag from /opt/airflow/dags/a_simple_bash_dag.py
[2023-12-12T14:12:43.166+0000] {processor.py:839} INFO - DAG(s) dict_keys(['a_simple_bash_dag']) retrieved from /opt/airflow/dags/a_simple_bash_dag.py
[2023-12-12T14:12:43.191+0000] {logging_mixin.py:154} INFO - [2023-12-12T14:12:43.191+0000] {dag.py:2941} INFO - Sync 1 DAGs
[2023-12-12T14:12:43.207+0000] {logging_mixin.py:154} INFO - [2023-12-12T14:12:43.207+0000] {dag.py:3722} INFO - Setting next_dagrun for a_simple_bash_dag to None, run_after=None
[2023-12-12T14:12:43.230+0000] {processor.py:179} INFO - Processing /opt/airflow/dags/a_simple_bash_dag.py took 0.080 seconds
[2023-12-12T14:13:13.369+0000] {processor.py:157} INFO - Started process (PID=95482) to work on /opt/airflow/dags/a_simple_bash_dag.py
[2023-12-12T14:13:13.370+0000] {processor.py:829} INFO - Processing file /opt/airflow/dags/a_simple_bash_dag.py for tasks to queue
[2023-12-12T14:13:13.372+0000] {logging_mixin.py:154} INFO - [2023-12-12T14:13:13.371+0000] {dagbag.py:536} INFO - Filling up the DagBag from /opt/airflow/dags/a_simple_bash_dag.py
[2023-12-12T14:13:13.381+0000] {processor.py:839} INFO - DAG(s) dict_keys(['a_simple_bash_dag']) retrieved from /opt/airflow/dags/a_simple_bash_dag.py
[2023-12-12T14:13:13.407+0000] {logging_mixin.py:154} INFO - [2023-12-12T14:13:13.407+0000] {dag.py:2941} INFO - Sync 1 DAGs
[2023-12-12T14:13:13.422+0000] {logging_mixin.py:154} INFO - [2023-12-12T14:13:13.422+0000] {dag.py:3722} INFO - Setting next_dagrun for a_simple_bash_dag to None, run_after=None
[2023-12-12T14:13:13.447+0000] {processor.py:179} INFO - Processing /opt/airflow/dags/a_simple_bash_dag.py took 0.082 seconds
[2023-12-12T14:13:43.757+0000] {processor.py:157} INFO - Started process (PID=95538) to work on /opt/airflow/dags/a_simple_bash_dag.py
[2023-12-12T14:13:43.758+0000] {processor.py:829} INFO - Processing file /opt/airflow/dags/a_simple_bash_dag.py for tasks to queue
[2023-12-12T14:13:43.760+0000] {logging_mixin.py:154} INFO - [2023-12-12T14:13:43.760+0000] {dagbag.py:536} INFO - Filling up the DagBag from /opt/airflow/dags/a_simple_bash_dag.py
[2023-12-12T14:13:43.769+0000] {processor.py:839} INFO - DAG(s) dict_keys(['a_simple_bash_dag']) retrieved from /opt/airflow/dags/a_simple_bash_dag.py
[2023-12-12T14:13:43.795+0000] {logging_mixin.py:154} INFO - [2023-12-12T14:13:43.794+0000] {dag.py:2941} INFO - Sync 1 DAGs
[2023-12-12T14:13:43.810+0000] {logging_mixin.py:154} INFO - [2023-12-12T14:13:43.810+0000] {dag.py:3722} INFO - Setting next_dagrun for a_simple_bash_dag to None, run_after=None
[2023-12-12T14:13:43.834+0000] {processor.py:179} INFO - Processing /opt/airflow/dags/a_simple_bash_dag.py took 0.081 seconds
[2023-12-12T14:14:13.973+0000] {processor.py:157} INFO - Started process (PID=95595) to work on /opt/airflow/dags/a_simple_bash_dag.py
[2023-12-12T14:14:13.975+0000] {processor.py:829} INFO - Processing file /opt/airflow/dags/a_simple_bash_dag.py for tasks to queue
[2023-12-12T14:14:13.977+0000] {logging_mixin.py:154} INFO - [2023-12-12T14:14:13.976+0000] {dagbag.py:536} INFO - Filling up the DagBag from /opt/airflow/dags/a_simple_bash_dag.py
[2023-12-12T14:14:13.988+0000] {processor.py:839} INFO - DAG(s) dict_keys(['a_simple_bash_dag']) retrieved from /opt/airflow/dags/a_simple_bash_dag.py
[2023-12-12T14:14:14.021+0000] {logging_mixin.py:154} INFO - [2023-12-12T14:14:14.020+0000] {dag.py:2941} INFO - Sync 1 DAGs
[2023-12-12T14:14:14.042+0000] {logging_mixin.py:154} INFO - [2023-12-12T14:14:14.042+0000] {dag.py:3722} INFO - Setting next_dagrun for a_simple_bash_dag to None, run_after=None
[2023-12-12T14:14:14.071+0000] {processor.py:179} INFO - Processing /opt/airflow/dags/a_simple_bash_dag.py took 0.105 seconds
[2023-12-12T14:14:44.166+0000] {processor.py:157} INFO - Started process (PID=95652) to work on /opt/airflow/dags/a_simple_bash_dag.py
[2023-12-12T14:14:44.168+0000] {processor.py:829} INFO - Processing file /opt/airflow/dags/a_simple_bash_dag.py for tasks to queue
[2023-12-12T14:14:44.170+0000] {logging_mixin.py:154} INFO - [2023-12-12T14:14:44.169+0000] {dagbag.py:536} INFO - Filling up the DagBag from /opt/airflow/dags/a_simple_bash_dag.py
[2023-12-12T14:14:44.182+0000] {processor.py:839} INFO - DAG(s) dict_keys(['a_simple_bash_dag']) retrieved from /opt/airflow/dags/a_simple_bash_dag.py
[2023-12-12T14:14:44.218+0000] {logging_mixin.py:154} INFO - [2023-12-12T14:14:44.217+0000] {dag.py:2941} INFO - Sync 1 DAGs
[2023-12-12T14:14:44.239+0000] {logging_mixin.py:154} INFO - [2023-12-12T14:14:44.239+0000] {dag.py:3722} INFO - Setting next_dagrun for a_simple_bash_dag to None, run_after=None
[2023-12-12T14:14:44.269+0000] {processor.py:179} INFO - Processing /opt/airflow/dags/a_simple_bash_dag.py took 0.109 seconds
[2023-12-12T14:15:14.482+0000] {processor.py:157} INFO - Started process (PID=95708) to work on /opt/airflow/dags/a_simple_bash_dag.py
[2023-12-12T14:15:14.484+0000] {processor.py:829} INFO - Processing file /opt/airflow/dags/a_simple_bash_dag.py for tasks to queue
[2023-12-12T14:15:14.486+0000] {logging_mixin.py:154} INFO - [2023-12-12T14:15:14.485+0000] {dagbag.py:536} INFO - Filling up the DagBag from /opt/airflow/dags/a_simple_bash_dag.py
[2023-12-12T14:15:14.500+0000] {processor.py:839} INFO - DAG(s) dict_keys(['a_simple_bash_dag']) retrieved from /opt/airflow/dags/a_simple_bash_dag.py
[2023-12-12T14:15:14.549+0000] {logging_mixin.py:154} INFO - [2023-12-12T14:15:14.548+0000] {dag.py:2941} INFO - Sync 1 DAGs
[2023-12-12T14:15:14.587+0000] {logging_mixin.py:154} INFO - [2023-12-12T14:15:14.587+0000] {dag.py:3722} INFO - Setting next_dagrun for a_simple_bash_dag to None, run_after=None
[2023-12-12T14:15:14.639+0000] {processor.py:179} INFO - Processing /opt/airflow/dags/a_simple_bash_dag.py took 0.165 seconds
[2023-12-12T14:15:44.811+0000] {processor.py:157} INFO - Started process (PID=95764) to work on /opt/airflow/dags/a_simple_bash_dag.py
[2023-12-12T14:15:44.812+0000] {processor.py:829} INFO - Processing file /opt/airflow/dags/a_simple_bash_dag.py for tasks to queue
[2023-12-12T14:15:44.814+0000] {logging_mixin.py:154} INFO - [2023-12-12T14:15:44.813+0000] {dagbag.py:536} INFO - Filling up the DagBag from /opt/airflow/dags/a_simple_bash_dag.py
[2023-12-12T14:15:44.823+0000] {processor.py:839} INFO - DAG(s) dict_keys(['a_simple_bash_dag']) retrieved from /opt/airflow/dags/a_simple_bash_dag.py
[2023-12-12T14:15:44.848+0000] {logging_mixin.py:154} INFO - [2023-12-12T14:15:44.848+0000] {dag.py:2941} INFO - Sync 1 DAGs
[2023-12-12T14:15:44.866+0000] {logging_mixin.py:154} INFO - [2023-12-12T14:15:44.865+0000] {dag.py:3722} INFO - Setting next_dagrun for a_simple_bash_dag to None, run_after=None
[2023-12-12T14:15:44.894+0000] {processor.py:179} INFO - Processing /opt/airflow/dags/a_simple_bash_dag.py took 0.088 seconds
[2023-12-12T14:16:15.419+0000] {processor.py:157} INFO - Started process (PID=95820) to work on /opt/airflow/dags/a_simple_bash_dag.py
[2023-12-12T14:16:15.420+0000] {processor.py:829} INFO - Processing file /opt/airflow/dags/a_simple_bash_dag.py for tasks to queue
[2023-12-12T14:16:15.422+0000] {logging_mixin.py:154} INFO - [2023-12-12T14:16:15.421+0000] {dagbag.py:536} INFO - Filling up the DagBag from /opt/airflow/dags/a_simple_bash_dag.py
[2023-12-12T14:16:15.435+0000] {processor.py:839} INFO - DAG(s) dict_keys(['a_simple_bash_dag']) retrieved from /opt/airflow/dags/a_simple_bash_dag.py
[2023-12-12T14:16:15.469+0000] {logging_mixin.py:154} INFO - [2023-12-12T14:16:15.469+0000] {dag.py:2941} INFO - Sync 1 DAGs
[2023-12-12T14:16:15.492+0000] {logging_mixin.py:154} INFO - [2023-12-12T14:16:15.491+0000] {dag.py:3722} INFO - Setting next_dagrun for a_simple_bash_dag to None, run_after=None
[2023-12-12T14:16:15.525+0000] {processor.py:179} INFO - Processing /opt/airflow/dags/a_simple_bash_dag.py took 0.112 seconds
[2023-12-12T14:16:45.709+0000] {processor.py:157} INFO - Started process (PID=95876) to work on /opt/airflow/dags/a_simple_bash_dag.py
[2023-12-12T14:16:45.710+0000] {processor.py:829} INFO - Processing file /opt/airflow/dags/a_simple_bash_dag.py for tasks to queue
[2023-12-12T14:16:45.712+0000] {logging_mixin.py:154} INFO - [2023-12-12T14:16:45.711+0000] {dagbag.py:536} INFO - Filling up the DagBag from /opt/airflow/dags/a_simple_bash_dag.py
[2023-12-12T14:16:45.721+0000] {processor.py:839} INFO - DAG(s) dict_keys(['a_simple_bash_dag']) retrieved from /opt/airflow/dags/a_simple_bash_dag.py
[2023-12-12T14:16:45.746+0000] {logging_mixin.py:154} INFO - [2023-12-12T14:16:45.746+0000] {dag.py:2941} INFO - Sync 1 DAGs
[2023-12-12T14:16:45.763+0000] {logging_mixin.py:154} INFO - [2023-12-12T14:16:45.763+0000] {dag.py:3722} INFO - Setting next_dagrun for a_simple_bash_dag to None, run_after=None
[2023-12-12T14:16:45.788+0000] {processor.py:179} INFO - Processing /opt/airflow/dags/a_simple_bash_dag.py took 0.084 seconds
[2023-12-12T14:17:16.137+0000] {processor.py:157} INFO - Started process (PID=95932) to work on /opt/airflow/dags/a_simple_bash_dag.py
[2023-12-12T14:17:16.139+0000] {processor.py:829} INFO - Processing file /opt/airflow/dags/a_simple_bash_dag.py for tasks to queue
[2023-12-12T14:17:16.140+0000] {logging_mixin.py:154} INFO - [2023-12-12T14:17:16.140+0000] {dagbag.py:536} INFO - Filling up the DagBag from /opt/airflow/dags/a_simple_bash_dag.py
[2023-12-12T14:17:16.151+0000] {processor.py:839} INFO - DAG(s) dict_keys(['a_simple_bash_dag']) retrieved from /opt/airflow/dags/a_simple_bash_dag.py
[2023-12-12T14:17:16.181+0000] {logging_mixin.py:154} INFO - [2023-12-12T14:17:16.181+0000] {dag.py:2941} INFO - Sync 1 DAGs
[2023-12-12T14:17:16.196+0000] {logging_mixin.py:154} INFO - [2023-12-12T14:17:16.196+0000] {dag.py:3722} INFO - Setting next_dagrun for a_simple_bash_dag to None, run_after=None
[2023-12-12T14:17:16.219+0000] {processor.py:179} INFO - Processing /opt/airflow/dags/a_simple_bash_dag.py took 0.086 seconds
[2023-12-12T14:17:46.550+0000] {processor.py:157} INFO - Started process (PID=95988) to work on /opt/airflow/dags/a_simple_bash_dag.py
[2023-12-12T14:17:46.551+0000] {processor.py:829} INFO - Processing file /opt/airflow/dags/a_simple_bash_dag.py for tasks to queue
[2023-12-12T14:17:46.553+0000] {logging_mixin.py:154} INFO - [2023-12-12T14:17:46.552+0000] {dagbag.py:536} INFO - Filling up the DagBag from /opt/airflow/dags/a_simple_bash_dag.py
[2023-12-12T14:17:46.561+0000] {processor.py:839} INFO - DAG(s) dict_keys(['a_simple_bash_dag']) retrieved from /opt/airflow/dags/a_simple_bash_dag.py
[2023-12-12T14:17:46.586+0000] {logging_mixin.py:154} INFO - [2023-12-12T14:17:46.586+0000] {dag.py:2941} INFO - Sync 1 DAGs
[2023-12-12T14:17:46.603+0000] {logging_mixin.py:154} INFO - [2023-12-12T14:17:46.602+0000] {dag.py:3722} INFO - Setting next_dagrun for a_simple_bash_dag to None, run_after=None
[2023-12-12T14:17:46.626+0000] {processor.py:179} INFO - Processing /opt/airflow/dags/a_simple_bash_dag.py took 0.080 seconds
[2023-12-12T14:18:17.043+0000] {processor.py:157} INFO - Started process (PID=96044) to work on /opt/airflow/dags/a_simple_bash_dag.py
[2023-12-12T14:18:17.044+0000] {processor.py:829} INFO - Processing file /opt/airflow/dags/a_simple_bash_dag.py for tasks to queue
[2023-12-12T14:18:17.045+0000] {logging_mixin.py:154} INFO - [2023-12-12T14:18:17.044+0000] {dagbag.py:536} INFO - Filling up the DagBag from /opt/airflow/dags/a_simple_bash_dag.py
[2023-12-12T14:18:17.052+0000] {processor.py:839} INFO - DAG(s) dict_keys(['a_simple_bash_dag']) retrieved from /opt/airflow/dags/a_simple_bash_dag.py
[2023-12-12T14:18:17.071+0000] {logging_mixin.py:154} INFO - [2023-12-12T14:18:17.071+0000] {dag.py:2941} INFO - Sync 1 DAGs
[2023-12-12T14:18:17.084+0000] {logging_mixin.py:154} INFO - [2023-12-12T14:18:17.084+0000] {dag.py:3722} INFO - Setting next_dagrun for a_simple_bash_dag to None, run_after=None
[2023-12-12T14:18:17.103+0000] {processor.py:179} INFO - Processing /opt/airflow/dags/a_simple_bash_dag.py took 0.064 seconds
[2023-12-12T14:18:47.213+0000] {processor.py:157} INFO - Started process (PID=96100) to work on /opt/airflow/dags/a_simple_bash_dag.py
[2023-12-12T14:18:47.214+0000] {processor.py:829} INFO - Processing file /opt/airflow/dags/a_simple_bash_dag.py for tasks to queue
[2023-12-12T14:18:47.216+0000] {logging_mixin.py:154} INFO - [2023-12-12T14:18:47.215+0000] {dagbag.py:536} INFO - Filling up the DagBag from /opt/airflow/dags/a_simple_bash_dag.py
[2023-12-12T14:18:47.225+0000] {processor.py:839} INFO - DAG(s) dict_keys(['a_simple_bash_dag']) retrieved from /opt/airflow/dags/a_simple_bash_dag.py
[2023-12-12T14:18:47.251+0000] {logging_mixin.py:154} INFO - [2023-12-12T14:18:47.251+0000] {dag.py:2941} INFO - Sync 1 DAGs
[2023-12-12T14:18:47.266+0000] {logging_mixin.py:154} INFO - [2023-12-12T14:18:47.266+0000] {dag.py:3722} INFO - Setting next_dagrun for a_simple_bash_dag to None, run_after=None
[2023-12-12T14:18:47.290+0000] {processor.py:179} INFO - Processing /opt/airflow/dags/a_simple_bash_dag.py took 0.081 seconds
[2023-12-12T14:19:17.518+0000] {processor.py:157} INFO - Started process (PID=96156) to work on /opt/airflow/dags/a_simple_bash_dag.py
[2023-12-12T14:19:17.520+0000] {processor.py:829} INFO - Processing file /opt/airflow/dags/a_simple_bash_dag.py for tasks to queue
[2023-12-12T14:19:17.521+0000] {logging_mixin.py:154} INFO - [2023-12-12T14:19:17.521+0000] {dagbag.py:536} INFO - Filling up the DagBag from /opt/airflow/dags/a_simple_bash_dag.py
[2023-12-12T14:19:17.530+0000] {processor.py:839} INFO - DAG(s) dict_keys(['a_simple_bash_dag']) retrieved from /opt/airflow/dags/a_simple_bash_dag.py
[2023-12-12T14:19:17.553+0000] {logging_mixin.py:154} INFO - [2023-12-12T14:19:17.553+0000] {dag.py:2941} INFO - Sync 1 DAGs
[2023-12-12T14:19:17.569+0000] {logging_mixin.py:154} INFO - [2023-12-12T14:19:17.568+0000] {dag.py:3722} INFO - Setting next_dagrun for a_simple_bash_dag to None, run_after=None
[2023-12-12T14:19:17.590+0000] {processor.py:179} INFO - Processing /opt/airflow/dags/a_simple_bash_dag.py took 0.075 seconds
[2023-12-12T14:19:47.705+0000] {processor.py:157} INFO - Started process (PID=96212) to work on /opt/airflow/dags/a_simple_bash_dag.py
[2023-12-12T14:19:47.706+0000] {processor.py:829} INFO - Processing file /opt/airflow/dags/a_simple_bash_dag.py for tasks to queue
[2023-12-12T14:19:47.708+0000] {logging_mixin.py:154} INFO - [2023-12-12T14:19:47.707+0000] {dagbag.py:536} INFO - Filling up the DagBag from /opt/airflow/dags/a_simple_bash_dag.py
[2023-12-12T14:19:47.716+0000] {processor.py:839} INFO - DAG(s) dict_keys(['a_simple_bash_dag']) retrieved from /opt/airflow/dags/a_simple_bash_dag.py
[2023-12-12T14:19:47.739+0000] {logging_mixin.py:154} INFO - [2023-12-12T14:19:47.738+0000] {dag.py:2941} INFO - Sync 1 DAGs
[2023-12-12T14:19:47.753+0000] {logging_mixin.py:154} INFO - [2023-12-12T14:19:47.752+0000] {dag.py:3722} INFO - Setting next_dagrun for a_simple_bash_dag to None, run_after=None
[2023-12-12T14:19:47.775+0000] {processor.py:179} INFO - Processing /opt/airflow/dags/a_simple_bash_dag.py took 0.074 seconds
[2023-12-12T14:20:17.863+0000] {processor.py:157} INFO - Started process (PID=96269) to work on /opt/airflow/dags/a_simple_bash_dag.py
[2023-12-12T14:20:17.865+0000] {processor.py:829} INFO - Processing file /opt/airflow/dags/a_simple_bash_dag.py for tasks to queue
[2023-12-12T14:20:17.867+0000] {logging_mixin.py:154} INFO - [2023-12-12T14:20:17.866+0000] {dagbag.py:536} INFO - Filling up the DagBag from /opt/airflow/dags/a_simple_bash_dag.py
[2023-12-12T14:20:17.881+0000] {processor.py:839} INFO - DAG(s) dict_keys(['a_simple_bash_dag']) retrieved from /opt/airflow/dags/a_simple_bash_dag.py
[2023-12-12T14:20:17.913+0000] {logging_mixin.py:154} INFO - [2023-12-12T14:20:17.913+0000] {dag.py:2941} INFO - Sync 1 DAGs
[2023-12-12T14:20:17.938+0000] {logging_mixin.py:154} INFO - [2023-12-12T14:20:17.937+0000] {dag.py:3722} INFO - Setting next_dagrun for a_simple_bash_dag to None, run_after=None
[2023-12-12T14:20:17.975+0000] {processor.py:179} INFO - Processing /opt/airflow/dags/a_simple_bash_dag.py took 0.119 seconds
[2023-12-12T14:20:48.240+0000] {processor.py:157} INFO - Started process (PID=96325) to work on /opt/airflow/dags/a_simple_bash_dag.py
[2023-12-12T14:20:48.242+0000] {processor.py:829} INFO - Processing file /opt/airflow/dags/a_simple_bash_dag.py for tasks to queue
[2023-12-12T14:20:48.243+0000] {logging_mixin.py:154} INFO - [2023-12-12T14:20:48.243+0000] {dagbag.py:536} INFO - Filling up the DagBag from /opt/airflow/dags/a_simple_bash_dag.py
[2023-12-12T14:20:48.252+0000] {processor.py:839} INFO - DAG(s) dict_keys(['a_simple_bash_dag']) retrieved from /opt/airflow/dags/a_simple_bash_dag.py
[2023-12-12T14:20:48.276+0000] {logging_mixin.py:154} INFO - [2023-12-12T14:20:48.276+0000] {dag.py:2941} INFO - Sync 1 DAGs
[2023-12-12T14:20:48.291+0000] {logging_mixin.py:154} INFO - [2023-12-12T14:20:48.291+0000] {dag.py:3722} INFO - Setting next_dagrun for a_simple_bash_dag to None, run_after=None
[2023-12-12T14:20:48.312+0000] {processor.py:179} INFO - Processing /opt/airflow/dags/a_simple_bash_dag.py took 0.076 seconds
[2023-12-12T14:21:18.839+0000] {processor.py:157} INFO - Started process (PID=96381) to work on /opt/airflow/dags/a_simple_bash_dag.py
[2023-12-12T14:21:18.840+0000] {processor.py:829} INFO - Processing file /opt/airflow/dags/a_simple_bash_dag.py for tasks to queue
[2023-12-12T14:21:18.841+0000] {logging_mixin.py:154} INFO - [2023-12-12T14:21:18.841+0000] {dagbag.py:536} INFO - Filling up the DagBag from /opt/airflow/dags/a_simple_bash_dag.py
[2023-12-12T14:21:18.852+0000] {processor.py:839} INFO - DAG(s) dict_keys(['a_simple_bash_dag']) retrieved from /opt/airflow/dags/a_simple_bash_dag.py
[2023-12-12T14:21:18.875+0000] {logging_mixin.py:154} INFO - [2023-12-12T14:21:18.875+0000] {dag.py:2941} INFO - Sync 1 DAGs
[2023-12-12T14:21:18.891+0000] {logging_mixin.py:154} INFO - [2023-12-12T14:21:18.891+0000] {dag.py:3722} INFO - Setting next_dagrun for a_simple_bash_dag to None, run_after=None
[2023-12-12T14:21:18.913+0000] {processor.py:179} INFO - Processing /opt/airflow/dags/a_simple_bash_dag.py took 0.079 seconds
[2023-12-12T14:21:49.051+0000] {processor.py:157} INFO - Started process (PID=96437) to work on /opt/airflow/dags/a_simple_bash_dag.py
[2023-12-12T14:21:49.053+0000] {processor.py:829} INFO - Processing file /opt/airflow/dags/a_simple_bash_dag.py for tasks to queue
[2023-12-12T14:21:49.054+0000] {logging_mixin.py:154} INFO - [2023-12-12T14:21:49.054+0000] {dagbag.py:536} INFO - Filling up the DagBag from /opt/airflow/dags/a_simple_bash_dag.py
[2023-12-12T14:21:49.063+0000] {processor.py:839} INFO - DAG(s) dict_keys(['a_simple_bash_dag']) retrieved from /opt/airflow/dags/a_simple_bash_dag.py
[2023-12-12T14:21:49.087+0000] {logging_mixin.py:154} INFO - [2023-12-12T14:21:49.087+0000] {dag.py:2941} INFO - Sync 1 DAGs
[2023-12-12T14:21:49.104+0000] {logging_mixin.py:154} INFO - [2023-12-12T14:21:49.103+0000] {dag.py:3722} INFO - Setting next_dagrun for a_simple_bash_dag to None, run_after=None
[2023-12-12T14:21:49.128+0000] {processor.py:179} INFO - Processing /opt/airflow/dags/a_simple_bash_dag.py took 0.081 seconds
[2023-12-12T14:22:19.698+0000] {processor.py:157} INFO - Started process (PID=96493) to work on /opt/airflow/dags/a_simple_bash_dag.py
[2023-12-12T14:22:19.701+0000] {processor.py:829} INFO - Processing file /opt/airflow/dags/a_simple_bash_dag.py for tasks to queue
[2023-12-12T14:22:19.702+0000] {logging_mixin.py:154} INFO - [2023-12-12T14:22:19.702+0000] {dagbag.py:536} INFO - Filling up the DagBag from /opt/airflow/dags/a_simple_bash_dag.py
[2023-12-12T14:22:19.715+0000] {processor.py:839} INFO - DAG(s) dict_keys(['a_simple_bash_dag']) retrieved from /opt/airflow/dags/a_simple_bash_dag.py
[2023-12-12T14:22:19.749+0000] {logging_mixin.py:154} INFO - [2023-12-12T14:22:19.749+0000] {dag.py:2941} INFO - Sync 1 DAGs
[2023-12-12T14:22:19.767+0000] {logging_mixin.py:154} INFO - [2023-12-12T14:22:19.767+0000] {dag.py:3722} INFO - Setting next_dagrun for a_simple_bash_dag to None, run_after=None
[2023-12-12T14:22:19.797+0000] {processor.py:179} INFO - Processing /opt/airflow/dags/a_simple_bash_dag.py took 0.104 seconds
[2023-12-12T14:22:49.999+0000] {processor.py:157} INFO - Started process (PID=96549) to work on /opt/airflow/dags/a_simple_bash_dag.py
[2023-12-12T14:22:50.000+0000] {processor.py:829} INFO - Processing file /opt/airflow/dags/a_simple_bash_dag.py for tasks to queue
[2023-12-12T14:22:50.001+0000] {logging_mixin.py:154} INFO - [2023-12-12T14:22:50.001+0000] {dagbag.py:536} INFO - Filling up the DagBag from /opt/airflow/dags/a_simple_bash_dag.py
[2023-12-12T14:22:50.010+0000] {processor.py:839} INFO - DAG(s) dict_keys(['a_simple_bash_dag']) retrieved from /opt/airflow/dags/a_simple_bash_dag.py
[2023-12-12T14:22:50.034+0000] {logging_mixin.py:154} INFO - [2023-12-12T14:22:50.034+0000] {dag.py:2941} INFO - Sync 1 DAGs
[2023-12-12T14:22:50.050+0000] {logging_mixin.py:154} INFO - [2023-12-12T14:22:50.049+0000] {dag.py:3722} INFO - Setting next_dagrun for a_simple_bash_dag to None, run_after=None
[2023-12-12T14:22:50.074+0000] {processor.py:179} INFO - Processing /opt/airflow/dags/a_simple_bash_dag.py took 0.080 seconds
[2023-12-12T14:23:20.371+0000] {processor.py:157} INFO - Started process (PID=96605) to work on /opt/airflow/dags/a_simple_bash_dag.py
[2023-12-12T14:23:20.373+0000] {processor.py:829} INFO - Processing file /opt/airflow/dags/a_simple_bash_dag.py for tasks to queue
[2023-12-12T14:23:20.374+0000] {logging_mixin.py:154} INFO - [2023-12-12T14:23:20.374+0000] {dagbag.py:536} INFO - Filling up the DagBag from /opt/airflow/dags/a_simple_bash_dag.py
[2023-12-12T14:23:20.383+0000] {processor.py:839} INFO - DAG(s) dict_keys(['a_simple_bash_dag']) retrieved from /opt/airflow/dags/a_simple_bash_dag.py
[2023-12-12T14:23:20.406+0000] {logging_mixin.py:154} INFO - [2023-12-12T14:23:20.406+0000] {dag.py:2941} INFO - Sync 1 DAGs
[2023-12-12T14:23:20.421+0000] {logging_mixin.py:154} INFO - [2023-12-12T14:23:20.421+0000] {dag.py:3722} INFO - Setting next_dagrun for a_simple_bash_dag to None, run_after=None
[2023-12-12T14:23:20.444+0000] {processor.py:179} INFO - Processing /opt/airflow/dags/a_simple_bash_dag.py took 0.077 seconds
[2023-12-12T14:23:50.542+0000] {processor.py:157} INFO - Started process (PID=96661) to work on /opt/airflow/dags/a_simple_bash_dag.py
[2023-12-12T14:23:50.543+0000] {processor.py:829} INFO - Processing file /opt/airflow/dags/a_simple_bash_dag.py for tasks to queue
[2023-12-12T14:23:50.545+0000] {logging_mixin.py:154} INFO - [2023-12-12T14:23:50.544+0000] {dagbag.py:536} INFO - Filling up the DagBag from /opt/airflow/dags/a_simple_bash_dag.py
[2023-12-12T14:23:50.553+0000] {processor.py:839} INFO - DAG(s) dict_keys(['a_simple_bash_dag']) retrieved from /opt/airflow/dags/a_simple_bash_dag.py
[2023-12-12T14:23:50.578+0000] {logging_mixin.py:154} INFO - [2023-12-12T14:23:50.578+0000] {dag.py:2941} INFO - Sync 1 DAGs
[2023-12-12T14:23:50.593+0000] {logging_mixin.py:154} INFO - [2023-12-12T14:23:50.592+0000] {dag.py:3722} INFO - Setting next_dagrun for a_simple_bash_dag to None, run_after=None
[2023-12-12T14:23:50.613+0000] {processor.py:179} INFO - Processing /opt/airflow/dags/a_simple_bash_dag.py took 0.075 seconds
[2023-12-12T14:24:20.939+0000] {processor.py:157} INFO - Started process (PID=96717) to work on /opt/airflow/dags/a_simple_bash_dag.py
[2023-12-12T14:24:20.941+0000] {processor.py:829} INFO - Processing file /opt/airflow/dags/a_simple_bash_dag.py for tasks to queue
[2023-12-12T14:24:20.942+0000] {logging_mixin.py:154} INFO - [2023-12-12T14:24:20.941+0000] {dagbag.py:536} INFO - Filling up the DagBag from /opt/airflow/dags/a_simple_bash_dag.py
[2023-12-12T14:24:20.950+0000] {processor.py:839} INFO - DAG(s) dict_keys(['a_simple_bash_dag']) retrieved from /opt/airflow/dags/a_simple_bash_dag.py
[2023-12-12T14:24:20.975+0000] {logging_mixin.py:154} INFO - [2023-12-12T14:24:20.974+0000] {dag.py:2941} INFO - Sync 1 DAGs
[2023-12-12T14:24:20.990+0000] {logging_mixin.py:154} INFO - [2023-12-12T14:24:20.989+0000] {dag.py:3722} INFO - Setting next_dagrun for a_simple_bash_dag to None, run_after=None
[2023-12-12T14:24:21.011+0000] {processor.py:179} INFO - Processing /opt/airflow/dags/a_simple_bash_dag.py took 0.076 seconds
[2023-12-12T14:24:51.161+0000] {processor.py:157} INFO - Started process (PID=96773) to work on /opt/airflow/dags/a_simple_bash_dag.py
[2023-12-12T14:24:51.162+0000] {processor.py:829} INFO - Processing file /opt/airflow/dags/a_simple_bash_dag.py for tasks to queue
[2023-12-12T14:24:51.163+0000] {logging_mixin.py:154} INFO - [2023-12-12T14:24:51.163+0000] {dagbag.py:536} INFO - Filling up the DagBag from /opt/airflow/dags/a_simple_bash_dag.py
[2023-12-12T14:24:51.172+0000] {processor.py:839} INFO - DAG(s) dict_keys(['a_simple_bash_dag']) retrieved from /opt/airflow/dags/a_simple_bash_dag.py
[2023-12-12T14:24:51.198+0000] {logging_mixin.py:154} INFO - [2023-12-12T14:24:51.197+0000] {dag.py:2941} INFO - Sync 1 DAGs
[2023-12-12T14:24:51.213+0000] {logging_mixin.py:154} INFO - [2023-12-12T14:24:51.213+0000] {dag.py:3722} INFO - Setting next_dagrun for a_simple_bash_dag to None, run_after=None
[2023-12-12T14:24:51.237+0000] {processor.py:179} INFO - Processing /opt/airflow/dags/a_simple_bash_dag.py took 0.081 seconds
[2023-12-12T14:25:21.341+0000] {processor.py:157} INFO - Started process (PID=96829) to work on /opt/airflow/dags/a_simple_bash_dag.py
[2023-12-12T14:25:21.343+0000] {processor.py:829} INFO - Processing file /opt/airflow/dags/a_simple_bash_dag.py for tasks to queue
[2023-12-12T14:25:21.344+0000] {logging_mixin.py:154} INFO - [2023-12-12T14:25:21.343+0000] {dagbag.py:536} INFO - Filling up the DagBag from /opt/airflow/dags/a_simple_bash_dag.py
[2023-12-12T14:25:21.353+0000] {processor.py:839} INFO - DAG(s) dict_keys(['a_simple_bash_dag']) retrieved from /opt/airflow/dags/a_simple_bash_dag.py
[2023-12-12T14:25:21.379+0000] {logging_mixin.py:154} INFO - [2023-12-12T14:25:21.379+0000] {dag.py:2941} INFO - Sync 1 DAGs
[2023-12-12T14:25:21.396+0000] {logging_mixin.py:154} INFO - [2023-12-12T14:25:21.395+0000] {dag.py:3722} INFO - Setting next_dagrun for a_simple_bash_dag to None, run_after=None
[2023-12-12T14:25:21.421+0000] {processor.py:179} INFO - Processing /opt/airflow/dags/a_simple_bash_dag.py took 0.084 seconds
[2023-12-12T14:25:51.747+0000] {processor.py:157} INFO - Started process (PID=96885) to work on /opt/airflow/dags/a_simple_bash_dag.py
[2023-12-12T14:25:51.749+0000] {processor.py:829} INFO - Processing file /opt/airflow/dags/a_simple_bash_dag.py for tasks to queue
[2023-12-12T14:25:51.750+0000] {logging_mixin.py:154} INFO - [2023-12-12T14:25:51.750+0000] {dagbag.py:536} INFO - Filling up the DagBag from /opt/airflow/dags/a_simple_bash_dag.py
[2023-12-12T14:25:51.759+0000] {processor.py:839} INFO - DAG(s) dict_keys(['a_simple_bash_dag']) retrieved from /opt/airflow/dags/a_simple_bash_dag.py
[2023-12-12T14:25:51.784+0000] {logging_mixin.py:154} INFO - [2023-12-12T14:25:51.783+0000] {dag.py:2941} INFO - Sync 1 DAGs
[2023-12-12T14:25:51.799+0000] {logging_mixin.py:154} INFO - [2023-12-12T14:25:51.799+0000] {dag.py:3722} INFO - Setting next_dagrun for a_simple_bash_dag to None, run_after=None
[2023-12-12T14:25:51.822+0000] {processor.py:179} INFO - Processing /opt/airflow/dags/a_simple_bash_dag.py took 0.079 seconds
[2023-12-12T14:26:21.967+0000] {processor.py:157} INFO - Started process (PID=96942) to work on /opt/airflow/dags/a_simple_bash_dag.py
[2023-12-12T14:26:21.968+0000] {processor.py:829} INFO - Processing file /opt/airflow/dags/a_simple_bash_dag.py for tasks to queue
[2023-12-12T14:26:21.970+0000] {logging_mixin.py:154} INFO - [2023-12-12T14:26:21.970+0000] {dagbag.py:536} INFO - Filling up the DagBag from /opt/airflow/dags/a_simple_bash_dag.py
[2023-12-12T14:26:21.979+0000] {processor.py:839} INFO - DAG(s) dict_keys(['a_simple_bash_dag']) retrieved from /opt/airflow/dags/a_simple_bash_dag.py
[2023-12-12T14:26:22.003+0000] {logging_mixin.py:154} INFO - [2023-12-12T14:26:22.003+0000] {dag.py:2941} INFO - Sync 1 DAGs
[2023-12-12T14:26:22.018+0000] {logging_mixin.py:154} INFO - [2023-12-12T14:26:22.018+0000] {dag.py:3722} INFO - Setting next_dagrun for a_simple_bash_dag to None, run_after=None
[2023-12-12T14:26:22.039+0000] {processor.py:179} INFO - Processing /opt/airflow/dags/a_simple_bash_dag.py took 0.077 seconds
[2023-12-12T14:26:52.169+0000] {processor.py:157} INFO - Started process (PID=96998) to work on /opt/airflow/dags/a_simple_bash_dag.py
[2023-12-12T14:26:52.171+0000] {processor.py:829} INFO - Processing file /opt/airflow/dags/a_simple_bash_dag.py for tasks to queue
[2023-12-12T14:26:52.172+0000] {logging_mixin.py:154} INFO - [2023-12-12T14:26:52.171+0000] {dagbag.py:536} INFO - Filling up the DagBag from /opt/airflow/dags/a_simple_bash_dag.py
[2023-12-12T14:26:52.179+0000] {processor.py:839} INFO - DAG(s) dict_keys(['a_simple_bash_dag']) retrieved from /opt/airflow/dags/a_simple_bash_dag.py
[2023-12-12T14:26:52.198+0000] {logging_mixin.py:154} INFO - [2023-12-12T14:26:52.198+0000] {dag.py:2941} INFO - Sync 1 DAGs
[2023-12-12T14:26:52.211+0000] {logging_mixin.py:154} INFO - [2023-12-12T14:26:52.210+0000] {dag.py:3722} INFO - Setting next_dagrun for a_simple_bash_dag to None, run_after=None
[2023-12-12T14:26:52.228+0000] {processor.py:179} INFO - Processing /opt/airflow/dags/a_simple_bash_dag.py took 0.062 seconds
[2023-12-12T14:27:22.799+0000] {processor.py:157} INFO - Started process (PID=97054) to work on /opt/airflow/dags/a_simple_bash_dag.py
[2023-12-12T14:27:22.801+0000] {processor.py:829} INFO - Processing file /opt/airflow/dags/a_simple_bash_dag.py for tasks to queue
[2023-12-12T14:27:22.802+0000] {logging_mixin.py:154} INFO - [2023-12-12T14:27:22.802+0000] {dagbag.py:536} INFO - Filling up the DagBag from /opt/airflow/dags/a_simple_bash_dag.py
[2023-12-12T14:27:22.811+0000] {processor.py:839} INFO - DAG(s) dict_keys(['a_simple_bash_dag']) retrieved from /opt/airflow/dags/a_simple_bash_dag.py
[2023-12-12T14:27:22.837+0000] {logging_mixin.py:154} INFO - [2023-12-12T14:27:22.836+0000] {dag.py:2941} INFO - Sync 1 DAGs
[2023-12-12T14:27:22.854+0000] {logging_mixin.py:154} INFO - [2023-12-12T14:27:22.854+0000] {dag.py:3722} INFO - Setting next_dagrun for a_simple_bash_dag to None, run_after=None
[2023-12-12T14:27:22.879+0000] {processor.py:179} INFO - Processing /opt/airflow/dags/a_simple_bash_dag.py took 0.084 seconds
[2023-12-12T14:27:53.042+0000] {processor.py:157} INFO - Started process (PID=97110) to work on /opt/airflow/dags/a_simple_bash_dag.py
[2023-12-12T14:27:53.044+0000] {processor.py:829} INFO - Processing file /opt/airflow/dags/a_simple_bash_dag.py for tasks to queue
[2023-12-12T14:27:53.045+0000] {logging_mixin.py:154} INFO - [2023-12-12T14:27:53.045+0000] {dagbag.py:536} INFO - Filling up the DagBag from /opt/airflow/dags/a_simple_bash_dag.py
[2023-12-12T14:27:53.054+0000] {processor.py:839} INFO - DAG(s) dict_keys(['a_simple_bash_dag']) retrieved from /opt/airflow/dags/a_simple_bash_dag.py
[2023-12-12T14:27:53.081+0000] {logging_mixin.py:154} INFO - [2023-12-12T14:27:53.081+0000] {dag.py:2941} INFO - Sync 1 DAGs
[2023-12-12T14:27:53.100+0000] {logging_mixin.py:154} INFO - [2023-12-12T14:27:53.100+0000] {dag.py:3722} INFO - Setting next_dagrun for a_simple_bash_dag to None, run_after=None
[2023-12-12T14:27:53.135+0000] {processor.py:179} INFO - Processing /opt/airflow/dags/a_simple_bash_dag.py took 0.097 seconds
[2023-12-12T14:28:23.322+0000] {processor.py:157} INFO - Started process (PID=97166) to work on /opt/airflow/dags/a_simple_bash_dag.py
[2023-12-12T14:28:23.325+0000] {processor.py:829} INFO - Processing file /opt/airflow/dags/a_simple_bash_dag.py for tasks to queue
[2023-12-12T14:28:23.328+0000] {logging_mixin.py:154} INFO - [2023-12-12T14:28:23.327+0000] {dagbag.py:536} INFO - Filling up the DagBag from /opt/airflow/dags/a_simple_bash_dag.py
[2023-12-12T14:28:23.347+0000] {processor.py:839} INFO - DAG(s) dict_keys(['a_simple_bash_dag']) retrieved from /opt/airflow/dags/a_simple_bash_dag.py
[2023-12-12T14:28:23.397+0000] {logging_mixin.py:154} INFO - [2023-12-12T14:28:23.397+0000] {dag.py:2941} INFO - Sync 1 DAGs
[2023-12-12T14:28:23.425+0000] {logging_mixin.py:154} INFO - [2023-12-12T14:28:23.425+0000] {dag.py:3722} INFO - Setting next_dagrun for a_simple_bash_dag to None, run_after=None
[2023-12-12T14:28:23.478+0000] {processor.py:179} INFO - Processing /opt/airflow/dags/a_simple_bash_dag.py took 0.166 seconds
[2023-12-12T14:28:53.948+0000] {processor.py:157} INFO - Started process (PID=97222) to work on /opt/airflow/dags/a_simple_bash_dag.py
[2023-12-12T14:28:53.949+0000] {processor.py:829} INFO - Processing file /opt/airflow/dags/a_simple_bash_dag.py for tasks to queue
[2023-12-12T14:28:53.950+0000] {logging_mixin.py:154} INFO - [2023-12-12T14:28:53.950+0000] {dagbag.py:536} INFO - Filling up the DagBag from /opt/airflow/dags/a_simple_bash_dag.py
[2023-12-12T14:28:53.960+0000] {processor.py:839} INFO - DAG(s) dict_keys(['a_simple_bash_dag']) retrieved from /opt/airflow/dags/a_simple_bash_dag.py
[2023-12-12T14:28:53.986+0000] {logging_mixin.py:154} INFO - [2023-12-12T14:28:53.986+0000] {dag.py:2941} INFO - Sync 1 DAGs
[2023-12-12T14:28:54.002+0000] {logging_mixin.py:154} INFO - [2023-12-12T14:28:54.002+0000] {dag.py:3722} INFO - Setting next_dagrun for a_simple_bash_dag to None, run_after=None
[2023-12-12T14:28:54.029+0000] {processor.py:179} INFO - Processing /opt/airflow/dags/a_simple_bash_dag.py took 0.087 seconds
[2023-12-12T14:29:24.225+0000] {processor.py:157} INFO - Started process (PID=97278) to work on /opt/airflow/dags/a_simple_bash_dag.py
[2023-12-12T14:29:24.227+0000] {processor.py:829} INFO - Processing file /opt/airflow/dags/a_simple_bash_dag.py for tasks to queue
[2023-12-12T14:29:24.228+0000] {logging_mixin.py:154} INFO - [2023-12-12T14:29:24.228+0000] {dagbag.py:536} INFO - Filling up the DagBag from /opt/airflow/dags/a_simple_bash_dag.py
[2023-12-12T14:29:24.237+0000] {processor.py:839} INFO - DAG(s) dict_keys(['a_simple_bash_dag']) retrieved from /opt/airflow/dags/a_simple_bash_dag.py
[2023-12-12T14:29:24.263+0000] {logging_mixin.py:154} INFO - [2023-12-12T14:29:24.263+0000] {dag.py:2941} INFO - Sync 1 DAGs
[2023-12-12T14:29:24.280+0000] {logging_mixin.py:154} INFO - [2023-12-12T14:29:24.280+0000] {dag.py:3722} INFO - Setting next_dagrun for a_simple_bash_dag to None, run_after=None
[2023-12-12T14:29:24.304+0000] {processor.py:179} INFO - Processing /opt/airflow/dags/a_simple_bash_dag.py took 0.083 seconds
[2023-12-12T14:29:54.508+0000] {processor.py:157} INFO - Started process (PID=97332) to work on /opt/airflow/dags/a_simple_bash_dag.py
[2023-12-12T14:29:54.509+0000] {processor.py:829} INFO - Processing file /opt/airflow/dags/a_simple_bash_dag.py for tasks to queue
[2023-12-12T14:29:54.510+0000] {logging_mixin.py:154} INFO - [2023-12-12T14:29:54.509+0000] {dagbag.py:536} INFO - Filling up the DagBag from /opt/airflow/dags/a_simple_bash_dag.py
[2023-12-12T14:29:54.517+0000] {processor.py:839} INFO - DAG(s) dict_keys(['a_simple_bash_dag']) retrieved from /opt/airflow/dags/a_simple_bash_dag.py
[2023-12-12T14:29:54.535+0000] {logging_mixin.py:154} INFO - [2023-12-12T14:29:54.535+0000] {dag.py:2941} INFO - Sync 1 DAGs
[2023-12-12T14:29:54.546+0000] {logging_mixin.py:154} INFO - [2023-12-12T14:29:54.546+0000] {dag.py:3722} INFO - Setting next_dagrun for a_simple_bash_dag to None, run_after=None
[2023-12-12T14:29:54.564+0000] {processor.py:179} INFO - Processing /opt/airflow/dags/a_simple_bash_dag.py took 0.060 seconds
[2023-12-12T14:30:24.796+0000] {processor.py:157} INFO - Started process (PID=97388) to work on /opt/airflow/dags/a_simple_bash_dag.py
[2023-12-12T14:30:24.798+0000] {processor.py:829} INFO - Processing file /opt/airflow/dags/a_simple_bash_dag.py for tasks to queue
[2023-12-12T14:30:24.799+0000] {logging_mixin.py:154} INFO - [2023-12-12T14:30:24.798+0000] {dagbag.py:536} INFO - Filling up the DagBag from /opt/airflow/dags/a_simple_bash_dag.py
[2023-12-12T14:30:24.809+0000] {processor.py:839} INFO - DAG(s) dict_keys(['a_simple_bash_dag']) retrieved from /opt/airflow/dags/a_simple_bash_dag.py
[2023-12-12T14:30:24.834+0000] {logging_mixin.py:154} INFO - [2023-12-12T14:30:24.834+0000] {dag.py:2941} INFO - Sync 1 DAGs
[2023-12-12T14:30:24.848+0000] {logging_mixin.py:154} INFO - [2023-12-12T14:30:24.848+0000] {dag.py:3722} INFO - Setting next_dagrun for a_simple_bash_dag to None, run_after=None
[2023-12-12T14:30:24.873+0000] {processor.py:179} INFO - Processing /opt/airflow/dags/a_simple_bash_dag.py took 0.080 seconds
[2023-12-12T14:30:55.344+0000] {processor.py:157} INFO - Started process (PID=97445) to work on /opt/airflow/dags/a_simple_bash_dag.py
[2023-12-12T14:30:55.346+0000] {processor.py:829} INFO - Processing file /opt/airflow/dags/a_simple_bash_dag.py for tasks to queue
[2023-12-12T14:30:55.347+0000] {logging_mixin.py:154} INFO - [2023-12-12T14:30:55.347+0000] {dagbag.py:536} INFO - Filling up the DagBag from /opt/airflow/dags/a_simple_bash_dag.py
[2023-12-12T14:30:55.357+0000] {processor.py:839} INFO - DAG(s) dict_keys(['a_simple_bash_dag']) retrieved from /opt/airflow/dags/a_simple_bash_dag.py
[2023-12-12T14:30:55.383+0000] {logging_mixin.py:154} INFO - [2023-12-12T14:30:55.383+0000] {dag.py:2941} INFO - Sync 1 DAGs
[2023-12-12T14:30:55.406+0000] {logging_mixin.py:154} INFO - [2023-12-12T14:30:55.405+0000] {dag.py:3722} INFO - Setting next_dagrun for a_simple_bash_dag to None, run_after=None
[2023-12-12T14:30:55.435+0000] {processor.py:179} INFO - Processing /opt/airflow/dags/a_simple_bash_dag.py took 0.096 seconds
[2023-12-12T14:31:25.472+0000] {processor.py:157} INFO - Started process (PID=97501) to work on /opt/airflow/dags/a_simple_bash_dag.py
[2023-12-12T14:31:25.473+0000] {processor.py:829} INFO - Processing file /opt/airflow/dags/a_simple_bash_dag.py for tasks to queue
[2023-12-12T14:31:25.475+0000] {logging_mixin.py:154} INFO - [2023-12-12T14:31:25.474+0000] {dagbag.py:536} INFO - Filling up the DagBag from /opt/airflow/dags/a_simple_bash_dag.py
[2023-12-12T14:31:25.483+0000] {processor.py:839} INFO - DAG(s) dict_keys(['a_simple_bash_dag']) retrieved from /opt/airflow/dags/a_simple_bash_dag.py
[2023-12-12T14:31:25.505+0000] {logging_mixin.py:154} INFO - [2023-12-12T14:31:25.505+0000] {dag.py:2941} INFO - Sync 1 DAGs
[2023-12-12T14:31:25.521+0000] {logging_mixin.py:154} INFO - [2023-12-12T14:31:25.520+0000] {dag.py:3722} INFO - Setting next_dagrun for a_simple_bash_dag to None, run_after=None
[2023-12-12T14:31:25.544+0000] {processor.py:179} INFO - Processing /opt/airflow/dags/a_simple_bash_dag.py took 0.076 seconds
[2023-12-12T14:31:55.628+0000] {processor.py:157} INFO - Started process (PID=97557) to work on /opt/airflow/dags/a_simple_bash_dag.py
[2023-12-12T14:31:55.629+0000] {processor.py:829} INFO - Processing file /opt/airflow/dags/a_simple_bash_dag.py for tasks to queue
[2023-12-12T14:31:55.631+0000] {logging_mixin.py:154} INFO - [2023-12-12T14:31:55.630+0000] {dagbag.py:536} INFO - Filling up the DagBag from /opt/airflow/dags/a_simple_bash_dag.py
[2023-12-12T14:31:55.639+0000] {processor.py:839} INFO - DAG(s) dict_keys(['a_simple_bash_dag']) retrieved from /opt/airflow/dags/a_simple_bash_dag.py
[2023-12-12T14:31:55.663+0000] {logging_mixin.py:154} INFO - [2023-12-12T14:31:55.662+0000] {dag.py:2941} INFO - Sync 1 DAGs
[2023-12-12T14:31:55.679+0000] {logging_mixin.py:154} INFO - [2023-12-12T14:31:55.678+0000] {dag.py:3722} INFO - Setting next_dagrun for a_simple_bash_dag to None, run_after=None
[2023-12-12T14:31:55.702+0000] {processor.py:179} INFO - Processing /opt/airflow/dags/a_simple_bash_dag.py took 0.078 seconds
[2023-12-12T14:32:26.128+0000] {processor.py:157} INFO - Started process (PID=97613) to work on /opt/airflow/dags/a_simple_bash_dag.py
[2023-12-12T14:32:26.129+0000] {processor.py:829} INFO - Processing file /opt/airflow/dags/a_simple_bash_dag.py for tasks to queue
[2023-12-12T14:32:26.130+0000] {logging_mixin.py:154} INFO - [2023-12-12T14:32:26.130+0000] {dagbag.py:536} INFO - Filling up the DagBag from /opt/airflow/dags/a_simple_bash_dag.py
[2023-12-12T14:32:26.137+0000] {processor.py:839} INFO - DAG(s) dict_keys(['a_simple_bash_dag']) retrieved from /opt/airflow/dags/a_simple_bash_dag.py
[2023-12-12T14:32:26.159+0000] {logging_mixin.py:154} INFO - [2023-12-12T14:32:26.159+0000] {dag.py:2941} INFO - Sync 1 DAGs
[2023-12-12T14:32:26.174+0000] {logging_mixin.py:154} INFO - [2023-12-12T14:32:26.174+0000] {dag.py:3722} INFO - Setting next_dagrun for a_simple_bash_dag to None, run_after=None
[2023-12-12T14:32:26.197+0000] {processor.py:179} INFO - Processing /opt/airflow/dags/a_simple_bash_dag.py took 0.072 seconds
[2023-12-12T14:32:56.553+0000] {processor.py:157} INFO - Started process (PID=97669) to work on /opt/airflow/dags/a_simple_bash_dag.py
[2023-12-12T14:32:56.554+0000] {processor.py:829} INFO - Processing file /opt/airflow/dags/a_simple_bash_dag.py for tasks to queue
[2023-12-12T14:32:56.556+0000] {logging_mixin.py:154} INFO - [2023-12-12T14:32:56.555+0000] {dagbag.py:536} INFO - Filling up the DagBag from /opt/airflow/dags/a_simple_bash_dag.py
[2023-12-12T14:32:56.564+0000] {processor.py:839} INFO - DAG(s) dict_keys(['a_simple_bash_dag']) retrieved from /opt/airflow/dags/a_simple_bash_dag.py
[2023-12-12T14:32:56.587+0000] {logging_mixin.py:154} INFO - [2023-12-12T14:32:56.587+0000] {dag.py:2941} INFO - Sync 1 DAGs
[2023-12-12T14:32:56.602+0000] {logging_mixin.py:154} INFO - [2023-12-12T14:32:56.602+0000] {dag.py:3722} INFO - Setting next_dagrun for a_simple_bash_dag to None, run_after=None
[2023-12-12T14:32:56.624+0000] {processor.py:179} INFO - Processing /opt/airflow/dags/a_simple_bash_dag.py took 0.075 seconds
[2023-12-12T14:33:27.245+0000] {processor.py:157} INFO - Started process (PID=97725) to work on /opt/airflow/dags/a_simple_bash_dag.py
[2023-12-12T14:33:27.246+0000] {processor.py:829} INFO - Processing file /opt/airflow/dags/a_simple_bash_dag.py for tasks to queue
[2023-12-12T14:33:27.247+0000] {logging_mixin.py:154} INFO - [2023-12-12T14:33:27.247+0000] {dagbag.py:536} INFO - Filling up the DagBag from /opt/airflow/dags/a_simple_bash_dag.py
[2023-12-12T14:33:27.256+0000] {processor.py:839} INFO - DAG(s) dict_keys(['a_simple_bash_dag']) retrieved from /opt/airflow/dags/a_simple_bash_dag.py
[2023-12-12T14:33:27.280+0000] {logging_mixin.py:154} INFO - [2023-12-12T14:33:27.280+0000] {dag.py:2941} INFO - Sync 1 DAGs
[2023-12-12T14:33:27.295+0000] {logging_mixin.py:154} INFO - [2023-12-12T14:33:27.295+0000] {dag.py:3722} INFO - Setting next_dagrun for a_simple_bash_dag to None, run_after=None
[2023-12-12T14:33:27.318+0000] {processor.py:179} INFO - Processing /opt/airflow/dags/a_simple_bash_dag.py took 0.077 seconds
[2023-12-12T14:33:58.036+0000] {processor.py:157} INFO - Started process (PID=97781) to work on /opt/airflow/dags/a_simple_bash_dag.py
[2023-12-12T14:33:58.038+0000] {processor.py:829} INFO - Processing file /opt/airflow/dags/a_simple_bash_dag.py for tasks to queue
[2023-12-12T14:33:58.039+0000] {logging_mixin.py:154} INFO - [2023-12-12T14:33:58.039+0000] {dagbag.py:536} INFO - Filling up the DagBag from /opt/airflow/dags/a_simple_bash_dag.py
[2023-12-12T14:33:58.049+0000] {processor.py:839} INFO - DAG(s) dict_keys(['a_simple_bash_dag']) retrieved from /opt/airflow/dags/a_simple_bash_dag.py
[2023-12-12T14:33:58.074+0000] {logging_mixin.py:154} INFO - [2023-12-12T14:33:58.074+0000] {dag.py:2941} INFO - Sync 1 DAGs
[2023-12-12T14:33:58.104+0000] {logging_mixin.py:154} INFO - [2023-12-12T14:33:58.104+0000] {dag.py:3722} INFO - Setting next_dagrun for a_simple_bash_dag to None, run_after=None
[2023-12-12T14:33:58.130+0000] {processor.py:179} INFO - Processing /opt/airflow/dags/a_simple_bash_dag.py took 0.098 seconds
[2023-12-12T14:34:28.525+0000] {processor.py:157} INFO - Started process (PID=97838) to work on /opt/airflow/dags/a_simple_bash_dag.py
[2023-12-12T14:34:28.526+0000] {processor.py:829} INFO - Processing file /opt/airflow/dags/a_simple_bash_dag.py for tasks to queue
[2023-12-12T14:34:28.527+0000] {logging_mixin.py:154} INFO - [2023-12-12T14:34:28.527+0000] {dagbag.py:536} INFO - Filling up the DagBag from /opt/airflow/dags/a_simple_bash_dag.py
[2023-12-12T14:34:28.538+0000] {processor.py:839} INFO - DAG(s) dict_keys(['a_simple_bash_dag']) retrieved from /opt/airflow/dags/a_simple_bash_dag.py
[2023-12-12T14:34:28.562+0000] {logging_mixin.py:154} INFO - [2023-12-12T14:34:28.562+0000] {dag.py:2941} INFO - Sync 1 DAGs
[2023-12-12T14:34:28.578+0000] {logging_mixin.py:154} INFO - [2023-12-12T14:34:28.578+0000] {dag.py:3722} INFO - Setting next_dagrun for a_simple_bash_dag to None, run_after=None
[2023-12-12T14:34:28.602+0000] {processor.py:179} INFO - Processing /opt/airflow/dags/a_simple_bash_dag.py took 0.081 seconds
[2023-12-12T14:34:58.693+0000] {processor.py:157} INFO - Started process (PID=97894) to work on /opt/airflow/dags/a_simple_bash_dag.py
[2023-12-12T14:34:58.694+0000] {processor.py:829} INFO - Processing file /opt/airflow/dags/a_simple_bash_dag.py for tasks to queue
[2023-12-12T14:34:58.695+0000] {logging_mixin.py:154} INFO - [2023-12-12T14:34:58.695+0000] {dagbag.py:536} INFO - Filling up the DagBag from /opt/airflow/dags/a_simple_bash_dag.py
[2023-12-12T14:34:58.704+0000] {processor.py:839} INFO - DAG(s) dict_keys(['a_simple_bash_dag']) retrieved from /opt/airflow/dags/a_simple_bash_dag.py
[2023-12-12T14:34:58.726+0000] {logging_mixin.py:154} INFO - [2023-12-12T14:34:58.726+0000] {dag.py:2941} INFO - Sync 1 DAGs
[2023-12-12T14:34:58.741+0000] {logging_mixin.py:154} INFO - [2023-12-12T14:34:58.741+0000] {dag.py:3722} INFO - Setting next_dagrun for a_simple_bash_dag to None, run_after=None
[2023-12-12T14:34:58.764+0000] {processor.py:179} INFO - Processing /opt/airflow/dags/a_simple_bash_dag.py took 0.075 seconds
[2023-12-12T14:35:29.151+0000] {processor.py:157} INFO - Started process (PID=97950) to work on /opt/airflow/dags/a_simple_bash_dag.py
[2023-12-12T14:35:29.152+0000] {processor.py:829} INFO - Processing file /opt/airflow/dags/a_simple_bash_dag.py for tasks to queue
[2023-12-12T14:35:29.153+0000] {logging_mixin.py:154} INFO - [2023-12-12T14:35:29.153+0000] {dagbag.py:536} INFO - Filling up the DagBag from /opt/airflow/dags/a_simple_bash_dag.py
[2023-12-12T14:35:29.161+0000] {processor.py:839} INFO - DAG(s) dict_keys(['a_simple_bash_dag']) retrieved from /opt/airflow/dags/a_simple_bash_dag.py
[2023-12-12T14:35:29.183+0000] {logging_mixin.py:154} INFO - [2023-12-12T14:35:29.183+0000] {dag.py:2941} INFO - Sync 1 DAGs
[2023-12-12T14:35:29.198+0000] {logging_mixin.py:154} INFO - [2023-12-12T14:35:29.198+0000] {dag.py:3722} INFO - Setting next_dagrun for a_simple_bash_dag to None, run_after=None
[2023-12-12T14:35:29.221+0000] {processor.py:179} INFO - Processing /opt/airflow/dags/a_simple_bash_dag.py took 0.074 seconds
[2023-12-12T14:35:59.615+0000] {processor.py:157} INFO - Started process (PID=98006) to work on /opt/airflow/dags/a_simple_bash_dag.py
[2023-12-12T14:35:59.617+0000] {processor.py:829} INFO - Processing file /opt/airflow/dags/a_simple_bash_dag.py for tasks to queue
[2023-12-12T14:35:59.618+0000] {logging_mixin.py:154} INFO - [2023-12-12T14:35:59.618+0000] {dagbag.py:536} INFO - Filling up the DagBag from /opt/airflow/dags/a_simple_bash_dag.py
[2023-12-12T14:35:59.627+0000] {processor.py:839} INFO - DAG(s) dict_keys(['a_simple_bash_dag']) retrieved from /opt/airflow/dags/a_simple_bash_dag.py
[2023-12-12T14:35:59.649+0000] {logging_mixin.py:154} INFO - [2023-12-12T14:35:59.649+0000] {dag.py:2941} INFO - Sync 1 DAGs
[2023-12-12T14:35:59.666+0000] {logging_mixin.py:154} INFO - [2023-12-12T14:35:59.666+0000] {dag.py:3722} INFO - Setting next_dagrun for a_simple_bash_dag to None, run_after=None
[2023-12-12T14:35:59.690+0000] {processor.py:179} INFO - Processing /opt/airflow/dags/a_simple_bash_dag.py took 0.078 seconds
[2023-12-12T14:36:30.080+0000] {processor.py:157} INFO - Started process (PID=98062) to work on /opt/airflow/dags/a_simple_bash_dag.py
[2023-12-12T14:36:30.082+0000] {processor.py:829} INFO - Processing file /opt/airflow/dags/a_simple_bash_dag.py for tasks to queue
[2023-12-12T14:36:30.084+0000] {logging_mixin.py:154} INFO - [2023-12-12T14:36:30.083+0000] {dagbag.py:536} INFO - Filling up the DagBag from /opt/airflow/dags/a_simple_bash_dag.py
[2023-12-12T14:36:30.096+0000] {processor.py:839} INFO - DAG(s) dict_keys(['a_simple_bash_dag']) retrieved from /opt/airflow/dags/a_simple_bash_dag.py
[2023-12-12T14:36:30.126+0000] {logging_mixin.py:154} INFO - [2023-12-12T14:36:30.126+0000] {dag.py:2941} INFO - Sync 1 DAGs
[2023-12-12T14:36:30.145+0000] {logging_mixin.py:154} INFO - [2023-12-12T14:36:30.144+0000] {dag.py:3722} INFO - Setting next_dagrun for a_simple_bash_dag to None, run_after=None
[2023-12-12T14:36:30.175+0000] {processor.py:179} INFO - Processing /opt/airflow/dags/a_simple_bash_dag.py took 0.101 seconds
[2023-12-12T14:37:00.482+0000] {processor.py:157} INFO - Started process (PID=98118) to work on /opt/airflow/dags/a_simple_bash_dag.py
[2023-12-12T14:37:00.484+0000] {processor.py:829} INFO - Processing file /opt/airflow/dags/a_simple_bash_dag.py for tasks to queue
[2023-12-12T14:37:00.485+0000] {logging_mixin.py:154} INFO - [2023-12-12T14:37:00.485+0000] {dagbag.py:536} INFO - Filling up the DagBag from /opt/airflow/dags/a_simple_bash_dag.py
[2023-12-12T14:37:00.497+0000] {processor.py:839} INFO - DAG(s) dict_keys(['a_simple_bash_dag']) retrieved from /opt/airflow/dags/a_simple_bash_dag.py
[2023-12-12T14:37:00.523+0000] {logging_mixin.py:154} INFO - [2023-12-12T14:37:00.523+0000] {dag.py:2941} INFO - Sync 1 DAGs
[2023-12-12T14:37:00.540+0000] {logging_mixin.py:154} INFO - [2023-12-12T14:37:00.540+0000] {dag.py:3722} INFO - Setting next_dagrun for a_simple_bash_dag to None, run_after=None
[2023-12-12T14:37:00.565+0000] {processor.py:179} INFO - Processing /opt/airflow/dags/a_simple_bash_dag.py took 0.088 seconds
[2023-12-12T14:37:31.044+0000] {processor.py:157} INFO - Started process (PID=98174) to work on /opt/airflow/dags/a_simple_bash_dag.py
[2023-12-12T14:37:31.045+0000] {processor.py:829} INFO - Processing file /opt/airflow/dags/a_simple_bash_dag.py for tasks to queue
[2023-12-12T14:37:31.047+0000] {logging_mixin.py:154} INFO - [2023-12-12T14:37:31.046+0000] {dagbag.py:536} INFO - Filling up the DagBag from /opt/airflow/dags/a_simple_bash_dag.py
[2023-12-12T14:37:31.055+0000] {processor.py:839} INFO - DAG(s) dict_keys(['a_simple_bash_dag']) retrieved from /opt/airflow/dags/a_simple_bash_dag.py
[2023-12-12T14:37:31.077+0000] {logging_mixin.py:154} INFO - [2023-12-12T14:37:31.077+0000] {dag.py:2941} INFO - Sync 1 DAGs
[2023-12-12T14:37:31.092+0000] {logging_mixin.py:154} INFO - [2023-12-12T14:37:31.092+0000] {dag.py:3722} INFO - Setting next_dagrun for a_simple_bash_dag to None, run_after=None
[2023-12-12T14:37:31.116+0000] {processor.py:179} INFO - Processing /opt/airflow/dags/a_simple_bash_dag.py took 0.076 seconds
[2023-12-12T14:38:01.465+0000] {processor.py:157} INFO - Started process (PID=98230) to work on /opt/airflow/dags/a_simple_bash_dag.py
[2023-12-12T14:38:01.466+0000] {processor.py:829} INFO - Processing file /opt/airflow/dags/a_simple_bash_dag.py for tasks to queue
[2023-12-12T14:38:01.467+0000] {logging_mixin.py:154} INFO - [2023-12-12T14:38:01.467+0000] {dagbag.py:536} INFO - Filling up the DagBag from /opt/airflow/dags/a_simple_bash_dag.py
[2023-12-12T14:38:01.476+0000] {processor.py:839} INFO - DAG(s) dict_keys(['a_simple_bash_dag']) retrieved from /opt/airflow/dags/a_simple_bash_dag.py
[2023-12-12T14:38:01.499+0000] {logging_mixin.py:154} INFO - [2023-12-12T14:38:01.499+0000] {dag.py:2941} INFO - Sync 1 DAGs
[2023-12-12T14:38:01.514+0000] {logging_mixin.py:154} INFO - [2023-12-12T14:38:01.514+0000] {dag.py:3722} INFO - Setting next_dagrun for a_simple_bash_dag to None, run_after=None
[2023-12-12T14:38:01.537+0000] {processor.py:179} INFO - Processing /opt/airflow/dags/a_simple_bash_dag.py took 0.076 seconds
[2023-12-12T14:38:31.918+0000] {processor.py:157} INFO - Started process (PID=98286) to work on /opt/airflow/dags/a_simple_bash_dag.py
[2023-12-12T14:38:31.920+0000] {processor.py:829} INFO - Processing file /opt/airflow/dags/a_simple_bash_dag.py for tasks to queue
[2023-12-12T14:38:31.922+0000] {logging_mixin.py:154} INFO - [2023-12-12T14:38:31.922+0000] {dagbag.py:536} INFO - Filling up the DagBag from /opt/airflow/dags/a_simple_bash_dag.py
[2023-12-12T14:38:31.935+0000] {processor.py:839} INFO - DAG(s) dict_keys(['a_simple_bash_dag']) retrieved from /opt/airflow/dags/a_simple_bash_dag.py
[2023-12-12T14:38:31.966+0000] {logging_mixin.py:154} INFO - [2023-12-12T14:38:31.966+0000] {dag.py:2941} INFO - Sync 1 DAGs
[2023-12-12T14:38:31.985+0000] {logging_mixin.py:154} INFO - [2023-12-12T14:38:31.985+0000] {dag.py:3722} INFO - Setting next_dagrun for a_simple_bash_dag to None, run_after=None
[2023-12-12T14:38:32.014+0000] {processor.py:179} INFO - Processing /opt/airflow/dags/a_simple_bash_dag.py took 0.103 seconds
[2023-12-12T14:39:02.437+0000] {processor.py:157} INFO - Started process (PID=98342) to work on /opt/airflow/dags/a_simple_bash_dag.py
[2023-12-12T14:39:02.438+0000] {processor.py:829} INFO - Processing file /opt/airflow/dags/a_simple_bash_dag.py for tasks to queue
[2023-12-12T14:39:02.439+0000] {logging_mixin.py:154} INFO - [2023-12-12T14:39:02.439+0000] {dagbag.py:536} INFO - Filling up the DagBag from /opt/airflow/dags/a_simple_bash_dag.py
[2023-12-12T14:39:02.448+0000] {processor.py:839} INFO - DAG(s) dict_keys(['a_simple_bash_dag']) retrieved from /opt/airflow/dags/a_simple_bash_dag.py
[2023-12-12T14:39:02.471+0000] {logging_mixin.py:154} INFO - [2023-12-12T14:39:02.471+0000] {dag.py:2941} INFO - Sync 1 DAGs
[2023-12-12T14:39:02.486+0000] {logging_mixin.py:154} INFO - [2023-12-12T14:39:02.486+0000] {dag.py:3722} INFO - Setting next_dagrun for a_simple_bash_dag to None, run_after=None
[2023-12-12T14:39:02.509+0000] {processor.py:179} INFO - Processing /opt/airflow/dags/a_simple_bash_dag.py took 0.076 seconds
[2023-12-12T14:39:32.833+0000] {processor.py:157} INFO - Started process (PID=98398) to work on /opt/airflow/dags/a_simple_bash_dag.py
[2023-12-12T14:39:32.834+0000] {processor.py:829} INFO - Processing file /opt/airflow/dags/a_simple_bash_dag.py for tasks to queue
[2023-12-12T14:39:32.836+0000] {logging_mixin.py:154} INFO - [2023-12-12T14:39:32.835+0000] {dagbag.py:536} INFO - Filling up the DagBag from /opt/airflow/dags/a_simple_bash_dag.py
[2023-12-12T14:39:32.845+0000] {processor.py:839} INFO - DAG(s) dict_keys(['a_simple_bash_dag']) retrieved from /opt/airflow/dags/a_simple_bash_dag.py
[2023-12-12T14:39:32.869+0000] {logging_mixin.py:154} INFO - [2023-12-12T14:39:32.868+0000] {dag.py:2941} INFO - Sync 1 DAGs
[2023-12-12T14:39:32.884+0000] {logging_mixin.py:154} INFO - [2023-12-12T14:39:32.884+0000] {dag.py:3722} INFO - Setting next_dagrun for a_simple_bash_dag to None, run_after=None
[2023-12-12T14:39:32.906+0000] {processor.py:179} INFO - Processing /opt/airflow/dags/a_simple_bash_dag.py took 0.077 seconds
[2023-12-12T14:40:03.523+0000] {processor.py:157} INFO - Started process (PID=98454) to work on /opt/airflow/dags/a_simple_bash_dag.py
[2023-12-12T14:40:03.524+0000] {processor.py:829} INFO - Processing file /opt/airflow/dags/a_simple_bash_dag.py for tasks to queue
[2023-12-12T14:40:03.525+0000] {logging_mixin.py:154} INFO - [2023-12-12T14:40:03.525+0000] {dagbag.py:536} INFO - Filling up the DagBag from /opt/airflow/dags/a_simple_bash_dag.py
[2023-12-12T14:40:03.532+0000] {processor.py:839} INFO - DAG(s) dict_keys(['a_simple_bash_dag']) retrieved from /opt/airflow/dags/a_simple_bash_dag.py
[2023-12-12T14:40:03.552+0000] {logging_mixin.py:154} INFO - [2023-12-12T14:40:03.552+0000] {dag.py:2941} INFO - Sync 1 DAGs
[2023-12-12T14:40:03.566+0000] {logging_mixin.py:154} INFO - [2023-12-12T14:40:03.566+0000] {dag.py:3722} INFO - Setting next_dagrun for a_simple_bash_dag to None, run_after=None
[2023-12-12T14:40:03.586+0000] {processor.py:179} INFO - Processing /opt/airflow/dags/a_simple_bash_dag.py took 0.066 seconds
[2023-12-12T14:40:34.092+0000] {processor.py:157} INFO - Started process (PID=98510) to work on /opt/airflow/dags/a_simple_bash_dag.py
[2023-12-12T14:40:34.093+0000] {processor.py:829} INFO - Processing file /opt/airflow/dags/a_simple_bash_dag.py for tasks to queue
[2023-12-12T14:40:34.094+0000] {logging_mixin.py:154} INFO - [2023-12-12T14:40:34.094+0000] {dagbag.py:536} INFO - Filling up the DagBag from /opt/airflow/dags/a_simple_bash_dag.py
[2023-12-12T14:40:34.102+0000] {processor.py:839} INFO - DAG(s) dict_keys(['a_simple_bash_dag']) retrieved from /opt/airflow/dags/a_simple_bash_dag.py
[2023-12-12T14:40:34.124+0000] {logging_mixin.py:154} INFO - [2023-12-12T14:40:34.124+0000] {dag.py:2941} INFO - Sync 1 DAGs
[2023-12-12T14:40:34.137+0000] {logging_mixin.py:154} INFO - [2023-12-12T14:40:34.137+0000] {dag.py:3722} INFO - Setting next_dagrun for a_simple_bash_dag to None, run_after=None
[2023-12-12T14:40:34.160+0000] {processor.py:179} INFO - Processing /opt/airflow/dags/a_simple_bash_dag.py took 0.073 seconds
[2023-12-12T14:41:04.683+0000] {processor.py:157} INFO - Started process (PID=98566) to work on /opt/airflow/dags/a_simple_bash_dag.py
[2023-12-12T14:41:04.684+0000] {processor.py:829} INFO - Processing file /opt/airflow/dags/a_simple_bash_dag.py for tasks to queue
[2023-12-12T14:41:04.685+0000] {logging_mixin.py:154} INFO - [2023-12-12T14:41:04.685+0000] {dagbag.py:536} INFO - Filling up the DagBag from /opt/airflow/dags/a_simple_bash_dag.py
[2023-12-12T14:41:04.695+0000] {processor.py:839} INFO - DAG(s) dict_keys(['a_simple_bash_dag']) retrieved from /opt/airflow/dags/a_simple_bash_dag.py
[2023-12-12T14:41:04.718+0000] {logging_mixin.py:154} INFO - [2023-12-12T14:41:04.718+0000] {dag.py:2941} INFO - Sync 1 DAGs
[2023-12-12T14:41:04.736+0000] {logging_mixin.py:154} INFO - [2023-12-12T14:41:04.736+0000] {dag.py:3722} INFO - Setting next_dagrun for a_simple_bash_dag to None, run_after=None
[2023-12-12T14:41:04.759+0000] {processor.py:179} INFO - Processing /opt/airflow/dags/a_simple_bash_dag.py took 0.079 seconds
[2023-12-12T14:41:35.120+0000] {processor.py:157} INFO - Started process (PID=98622) to work on /opt/airflow/dags/a_simple_bash_dag.py
[2023-12-12T14:41:35.122+0000] {processor.py:829} INFO - Processing file /opt/airflow/dags/a_simple_bash_dag.py for tasks to queue
[2023-12-12T14:41:35.124+0000] {logging_mixin.py:154} INFO - [2023-12-12T14:41:35.124+0000] {dagbag.py:536} INFO - Filling up the DagBag from /opt/airflow/dags/a_simple_bash_dag.py
[2023-12-12T14:41:35.134+0000] {processor.py:839} INFO - DAG(s) dict_keys(['a_simple_bash_dag']) retrieved from /opt/airflow/dags/a_simple_bash_dag.py
[2023-12-12T14:41:35.159+0000] {logging_mixin.py:154} INFO - [2023-12-12T14:41:35.159+0000] {dag.py:2941} INFO - Sync 1 DAGs
[2023-12-12T14:41:35.177+0000] {logging_mixin.py:154} INFO - [2023-12-12T14:41:35.177+0000] {dag.py:3722} INFO - Setting next_dagrun for a_simple_bash_dag to None, run_after=None
[2023-12-12T14:41:35.200+0000] {processor.py:179} INFO - Processing /opt/airflow/dags/a_simple_bash_dag.py took 0.088 seconds
[2023-12-12T14:42:05.485+0000] {processor.py:157} INFO - Started process (PID=98678) to work on /opt/airflow/dags/a_simple_bash_dag.py
[2023-12-12T14:42:05.487+0000] {processor.py:829} INFO - Processing file /opt/airflow/dags/a_simple_bash_dag.py for tasks to queue
[2023-12-12T14:42:05.488+0000] {logging_mixin.py:154} INFO - [2023-12-12T14:42:05.488+0000] {dagbag.py:536} INFO - Filling up the DagBag from /opt/airflow/dags/a_simple_bash_dag.py
[2023-12-12T14:42:05.498+0000] {processor.py:839} INFO - DAG(s) dict_keys(['a_simple_bash_dag']) retrieved from /opt/airflow/dags/a_simple_bash_dag.py
[2023-12-12T14:42:05.538+0000] {logging_mixin.py:154} INFO - [2023-12-12T14:42:05.537+0000] {dag.py:2941} INFO - Sync 1 DAGs
[2023-12-12T14:42:05.564+0000] {logging_mixin.py:154} INFO - [2023-12-12T14:42:05.564+0000] {dag.py:3722} INFO - Setting next_dagrun for a_simple_bash_dag to None, run_after=None
[2023-12-12T14:42:05.596+0000] {processor.py:179} INFO - Processing /opt/airflow/dags/a_simple_bash_dag.py took 0.115 seconds
[2023-12-12T14:43:06.526+0000] {processor.py:157} INFO - Started process (PID=98693) to work on /opt/airflow/dags/a_simple_bash_dag.py
[2023-12-12T14:43:06.528+0000] {processor.py:829} INFO - Processing file /opt/airflow/dags/a_simple_bash_dag.py for tasks to queue
[2023-12-12T14:43:06.530+0000] {logging_mixin.py:154} INFO - [2023-12-12T14:43:06.529+0000] {dagbag.py:536} INFO - Filling up the DagBag from /opt/airflow/dags/a_simple_bash_dag.py
[2023-12-12T14:43:06.541+0000] {processor.py:839} INFO - DAG(s) dict_keys(['a_simple_bash_dag']) retrieved from /opt/airflow/dags/a_simple_bash_dag.py
[2023-12-12T14:43:06.584+0000] {logging_mixin.py:154} INFO - [2023-12-12T14:43:06.583+0000] {dag.py:2941} INFO - Sync 1 DAGs
[2023-12-12T14:43:06.625+0000] {logging_mixin.py:154} INFO - [2023-12-12T14:43:06.624+0000] {dag.py:3722} INFO - Setting next_dagrun for a_simple_bash_dag to None, run_after=None
[2023-12-12T14:43:06.666+0000] {processor.py:179} INFO - Processing /opt/airflow/dags/a_simple_bash_dag.py took 0.147 seconds
[2023-12-12T14:43:37.100+0000] {processor.py:157} INFO - Started process (PID=98749) to work on /opt/airflow/dags/a_simple_bash_dag.py
[2023-12-12T14:43:37.102+0000] {processor.py:829} INFO - Processing file /opt/airflow/dags/a_simple_bash_dag.py for tasks to queue
[2023-12-12T14:43:37.103+0000] {logging_mixin.py:154} INFO - [2023-12-12T14:43:37.103+0000] {dagbag.py:536} INFO - Filling up the DagBag from /opt/airflow/dags/a_simple_bash_dag.py
[2023-12-12T14:43:37.115+0000] {processor.py:839} INFO - DAG(s) dict_keys(['a_simple_bash_dag']) retrieved from /opt/airflow/dags/a_simple_bash_dag.py
[2023-12-12T14:43:37.142+0000] {logging_mixin.py:154} INFO - [2023-12-12T14:43:37.142+0000] {dag.py:2941} INFO - Sync 1 DAGs
[2023-12-12T14:43:37.158+0000] {logging_mixin.py:154} INFO - [2023-12-12T14:43:37.158+0000] {dag.py:3722} INFO - Setting next_dagrun for a_simple_bash_dag to None, run_after=None
[2023-12-12T14:43:37.183+0000] {processor.py:179} INFO - Processing /opt/airflow/dags/a_simple_bash_dag.py took 0.087 seconds
[2023-12-12T14:44:07.604+0000] {processor.py:157} INFO - Started process (PID=98804) to work on /opt/airflow/dags/a_simple_bash_dag.py
[2023-12-12T14:44:07.606+0000] {processor.py:829} INFO - Processing file /opt/airflow/dags/a_simple_bash_dag.py for tasks to queue
[2023-12-12T14:44:07.608+0000] {logging_mixin.py:154} INFO - [2023-12-12T14:44:07.608+0000] {dagbag.py:536} INFO - Filling up the DagBag from /opt/airflow/dags/a_simple_bash_dag.py
[2023-12-12T14:44:07.620+0000] {processor.py:839} INFO - DAG(s) dict_keys(['a_simple_bash_dag']) retrieved from /opt/airflow/dags/a_simple_bash_dag.py
[2023-12-12T14:44:07.656+0000] {logging_mixin.py:154} INFO - [2023-12-12T14:44:07.655+0000] {dag.py:2941} INFO - Sync 1 DAGs
[2023-12-12T14:44:07.673+0000] {logging_mixin.py:154} INFO - [2023-12-12T14:44:07.673+0000] {dag.py:3722} INFO - Setting next_dagrun for a_simple_bash_dag to None, run_after=None
[2023-12-12T14:44:07.700+0000] {processor.py:179} INFO - Processing /opt/airflow/dags/a_simple_bash_dag.py took 0.103 seconds
[2023-12-12T16:32:28.613+0000] {processor.py:157} INFO - Started process (PID=98860) to work on /opt/airflow/dags/a_simple_bash_dag.py
[2023-12-12T16:32:28.615+0000] {processor.py:829} INFO - Processing file /opt/airflow/dags/a_simple_bash_dag.py for tasks to queue
[2023-12-12T16:32:28.617+0000] {logging_mixin.py:154} INFO - [2023-12-12T16:32:28.617+0000] {dagbag.py:536} INFO - Filling up the DagBag from /opt/airflow/dags/a_simple_bash_dag.py
[2023-12-12T16:32:28.630+0000] {processor.py:839} INFO - DAG(s) dict_keys(['a_simple_bash_dag']) retrieved from /opt/airflow/dags/a_simple_bash_dag.py
[2023-12-12T16:32:28.667+0000] {logging_mixin.py:154} INFO - [2023-12-12T16:32:28.667+0000] {dag.py:2941} INFO - Sync 1 DAGs
[2023-12-12T16:32:28.691+0000] {logging_mixin.py:154} INFO - [2023-12-12T16:32:28.691+0000] {dag.py:3722} INFO - Setting next_dagrun for a_simple_bash_dag to None, run_after=None
[2023-12-12T16:32:28.726+0000] {processor.py:179} INFO - Processing /opt/airflow/dags/a_simple_bash_dag.py took 0.119 seconds
[2023-12-12T18:32:42.412+0000] {processor.py:157} INFO - Started process (PID=98917) to work on /opt/airflow/dags/a_simple_bash_dag.py
[2023-12-12T18:32:42.413+0000] {processor.py:829} INFO - Processing file /opt/airflow/dags/a_simple_bash_dag.py for tasks to queue
[2023-12-12T18:32:42.416+0000] {logging_mixin.py:154} INFO - [2023-12-12T18:32:42.415+0000] {dagbag.py:536} INFO - Filling up the DagBag from /opt/airflow/dags/a_simple_bash_dag.py
[2023-12-12T18:32:42.427+0000] {processor.py:839} INFO - DAG(s) dict_keys(['a_simple_bash_dag']) retrieved from /opt/airflow/dags/a_simple_bash_dag.py
[2023-12-12T18:32:42.473+0000] {logging_mixin.py:154} INFO - [2023-12-12T18:32:42.472+0000] {dag.py:2941} INFO - Sync 1 DAGs
[2023-12-12T18:32:42.516+0000] {logging_mixin.py:154} INFO - [2023-12-12T18:32:42.516+0000] {dag.py:3722} INFO - Setting next_dagrun for a_simple_bash_dag to None, run_after=None
[2023-12-12T18:32:42.585+0000] {processor.py:179} INFO - Processing /opt/airflow/dags/a_simple_bash_dag.py took 0.179 seconds
[2023-12-12T20:32:51.637+0000] {processor.py:157} INFO - Started process (PID=98973) to work on /opt/airflow/dags/a_simple_bash_dag.py
[2023-12-12T20:32:51.640+0000] {processor.py:829} INFO - Processing file /opt/airflow/dags/a_simple_bash_dag.py for tasks to queue
[2023-12-12T20:32:51.642+0000] {logging_mixin.py:154} INFO - [2023-12-12T20:32:51.641+0000] {dagbag.py:536} INFO - Filling up the DagBag from /opt/airflow/dags/a_simple_bash_dag.py
[2023-12-12T20:32:51.677+0000] {processor.py:839} INFO - DAG(s) dict_keys(['a_simple_bash_dag']) retrieved from /opt/airflow/dags/a_simple_bash_dag.py
[2023-12-12T20:32:51.812+0000] {logging_mixin.py:154} INFO - [2023-12-12T20:32:51.811+0000] {dag.py:2941} INFO - Sync 1 DAGs
[2023-12-12T20:32:51.921+0000] {logging_mixin.py:154} INFO - [2023-12-12T20:32:51.921+0000] {dag.py:3722} INFO - Setting next_dagrun for a_simple_bash_dag to None, run_after=None
[2023-12-12T20:32:51.971+0000] {processor.py:179} INFO - Processing /opt/airflow/dags/a_simple_bash_dag.py took 0.341 seconds
[2023-12-12T22:33:03.413+0000] {processor.py:157} INFO - Started process (PID=99029) to work on /opt/airflow/dags/a_simple_bash_dag.py
[2023-12-12T22:33:03.416+0000] {processor.py:829} INFO - Processing file /opt/airflow/dags/a_simple_bash_dag.py for tasks to queue
[2023-12-12T22:33:03.418+0000] {logging_mixin.py:154} INFO - [2023-12-12T22:33:03.417+0000] {dagbag.py:536} INFO - Filling up the DagBag from /opt/airflow/dags/a_simple_bash_dag.py
[2023-12-12T22:33:03.431+0000] {processor.py:839} INFO - DAG(s) dict_keys(['a_simple_bash_dag']) retrieved from /opt/airflow/dags/a_simple_bash_dag.py
[2023-12-12T22:33:03.466+0000] {logging_mixin.py:154} INFO - [2023-12-12T22:33:03.465+0000] {dag.py:2941} INFO - Sync 1 DAGs
[2023-12-12T22:33:03.493+0000] {logging_mixin.py:154} INFO - [2023-12-12T22:33:03.492+0000] {dag.py:3722} INFO - Setting next_dagrun for a_simple_bash_dag to None, run_after=None
[2023-12-12T22:33:03.538+0000] {processor.py:179} INFO - Processing /opt/airflow/dags/a_simple_bash_dag.py took 0.132 seconds
