[2023-12-01T21:50:01.681+0000] {taskinstance.py:1159} INFO - Dependencies all met for dep_context=non-requeueable deps ti=<TaskInstance: tutorial.templated scheduled__2023-11-30T21:49:16.562493+00:00 [queued]>
[2023-12-01T21:50:01.720+0000] {taskinstance.py:1159} INFO - Dependencies all met for dep_context=requeueable deps ti=<TaskInstance: tutorial.templated scheduled__2023-11-30T21:49:16.562493+00:00 [queued]>
[2023-12-01T21:50:01.720+0000] {taskinstance.py:1361} INFO - Starting attempt 1 of 2
[2023-12-01T21:50:01.752+0000] {taskinstance.py:1382} INFO - Executing <Task(BashOperator): templated> on 2023-11-30 21:49:16.562493+00:00
[2023-12-01T21:50:01.765+0000] {standard_task_runner.py:57} INFO - Started process 626 to run task
[2023-12-01T21:50:01.777+0000] {standard_task_runner.py:84} INFO - Running: ['***', 'tasks', 'run', 'tutorial', 'templated', 'scheduled__2023-11-30T21:49:16.562493+00:00', '--job-id', '139', '--raw', '--subdir', '/home/***/.local/lib/python3.8/site-packages/***/example_dags/tutorial.py', '--cfg-path', '/tmp/tmputvp8fdb']
[2023-12-01T21:50:01.784+0000] {standard_task_runner.py:85} INFO - Job 139: Subtask templated
[2023-12-01T21:50:01.906+0000] {task_command.py:416} INFO - Running <TaskInstance: tutorial.templated scheduled__2023-11-30T21:49:16.562493+00:00 [running]> on host f0f9935858d2
[2023-12-01T21:50:02.171+0000] {taskinstance.py:1662} INFO - Exporting env vars: AIRFLOW_CTX_DAG_EMAIL='***@example.com' AIRFLOW_CTX_DAG_OWNER='***' AIRFLOW_CTX_DAG_ID='tutorial' AIRFLOW_CTX_TASK_ID='templated' AIRFLOW_CTX_EXECUTION_DATE='2023-11-30T21:49:16.562493+00:00' AIRFLOW_CTX_TRY_NUMBER='1' AIRFLOW_CTX_DAG_RUN_ID='scheduled__2023-11-30T21:49:16.562493+00:00'
[2023-12-01T21:50:02.181+0000] {subprocess.py:63} INFO - Tmp dir root location: /tmp
[2023-12-01T21:50:02.182+0000] {subprocess.py:75} INFO - Running command: ['/bin/bash', '-c', '\n\n    echo "2023-11-30"\n    echo "2023-12-07"\n\n    echo "2023-11-30"\n    echo "2023-12-07"\n\n    echo "2023-11-30"\n    echo "2023-12-07"\n\n    echo "2023-11-30"\n    echo "2023-12-07"\n\n    echo "2023-11-30"\n    echo "2023-12-07"\n']
[2023-12-01T21:50:02.221+0000] {subprocess.py:86} INFO - Output:
[2023-12-01T21:50:02.224+0000] {subprocess.py:93} INFO - 2023-11-30
[2023-12-01T21:50:02.225+0000] {subprocess.py:93} INFO - 2023-12-07
[2023-12-01T21:50:02.226+0000] {subprocess.py:93} INFO - 2023-11-30
[2023-12-01T21:50:02.226+0000] {subprocess.py:93} INFO - 2023-12-07
[2023-12-01T21:50:02.227+0000] {subprocess.py:93} INFO - 2023-11-30
[2023-12-01T21:50:02.227+0000] {subprocess.py:93} INFO - 2023-12-07
[2023-12-01T21:50:02.228+0000] {subprocess.py:93} INFO - 2023-11-30
[2023-12-01T21:50:02.229+0000] {subprocess.py:93} INFO - 2023-12-07
[2023-12-01T21:50:02.230+0000] {subprocess.py:93} INFO - 2023-11-30
[2023-12-01T21:50:02.230+0000] {subprocess.py:93} INFO - 2023-12-07
[2023-12-01T21:50:02.233+0000] {subprocess.py:97} INFO - Command exited with return code 0
[2023-12-01T21:50:02.327+0000] {taskinstance.py:1400} INFO - Marking task as SUCCESS. dag_id=tutorial, task_id=templated, execution_date=20231130T214916, start_date=20231201T215001, end_date=20231201T215002
[2023-12-01T21:50:02.435+0000] {local_task_job_runner.py:228} INFO - Task exited with return code 0
[2023-12-01T21:50:02.478+0000] {taskinstance.py:2778} INFO - 0 downstream tasks scheduled from follow-on schedule check
