[2023-12-01T21:50:00.328+0000] {taskinstance.py:1159} INFO - Dependencies all met for dep_context=non-requeueable deps ti=<TaskInstance: example_xcom.bash_pull scheduled__2021-01-01T00:00:00+00:00 [queued]>
[2023-12-01T21:50:00.377+0000] {taskinstance.py:1159} INFO - Dependencies all met for dep_context=requeueable deps ti=<TaskInstance: example_xcom.bash_pull scheduled__2021-01-01T00:00:00+00:00 [queued]>
[2023-12-01T21:50:00.384+0000] {taskinstance.py:1361} INFO - Starting attempt 1 of 1
[2023-12-01T21:50:00.436+0000] {taskinstance.py:1382} INFO - Executing <Task(BashOperator): bash_pull> on 2021-01-01 00:00:00+00:00
[2023-12-01T21:50:00.450+0000] {standard_task_runner.py:57} INFO - Started process 605 to run task
[2023-12-01T21:50:00.467+0000] {standard_task_runner.py:84} INFO - Running: ['***', 'tasks', 'run', 'example_xcom', 'bash_pull', 'scheduled__2021-01-01T00:00:00+00:00', '--job-id', '134', '--raw', '--subdir', '/home/***/.local/lib/python3.8/site-packages/***/example_dags/example_xcom.py', '--cfg-path', '/tmp/tmpj2hhvt5k']
[2023-12-01T21:50:00.480+0000] {standard_task_runner.py:85} INFO - Job 134: Subtask bash_pull
[2023-12-01T21:50:00.600+0000] {task_command.py:416} INFO - Running <TaskInstance: example_xcom.bash_pull scheduled__2021-01-01T00:00:00+00:00 [running]> on host f0f9935858d2
[2023-12-01T21:50:00.855+0000] {taskinstance.py:1662} INFO - Exporting env vars: AIRFLOW_CTX_DAG_OWNER='***' AIRFLOW_CTX_DAG_ID='example_xcom' AIRFLOW_CTX_TASK_ID='bash_pull' AIRFLOW_CTX_EXECUTION_DATE='2021-01-01T00:00:00+00:00' AIRFLOW_CTX_TRY_NUMBER='1' AIRFLOW_CTX_DAG_RUN_ID='scheduled__2021-01-01T00:00:00+00:00'
[2023-12-01T21:50:00.864+0000] {subprocess.py:63} INFO - Tmp dir root location: /tmp
[2023-12-01T21:50:00.865+0000] {subprocess.py:75} INFO - Running command: ['/bin/bash', '-c', 'echo "bash pull demo" && echo "The xcom pushed manually is manually_pushed_value" && echo "The returned_value xcom is value_by_return" && echo "finished"']
[2023-12-01T21:50:00.893+0000] {subprocess.py:86} INFO - Output:
[2023-12-01T21:50:00.898+0000] {subprocess.py:93} INFO - bash pull demo
[2023-12-01T21:50:00.899+0000] {subprocess.py:93} INFO - The xcom pushed manually is manually_pushed_value
[2023-12-01T21:50:00.902+0000] {subprocess.py:93} INFO - The returned_value xcom is value_by_return
[2023-12-01T21:50:00.903+0000] {subprocess.py:93} INFO - finished
[2023-12-01T21:50:00.905+0000] {subprocess.py:97} INFO - Command exited with return code 0
[2023-12-01T21:50:00.943+0000] {taskinstance.py:1400} INFO - Marking task as SUCCESS. dag_id=example_xcom, task_id=bash_pull, execution_date=20210101T000000, start_date=20231201T215000, end_date=20231201T215000
[2023-12-01T21:50:01.024+0000] {local_task_job_runner.py:228} INFO - Task exited with return code 0
[2023-12-01T21:50:01.105+0000] {taskinstance.py:2778} INFO - 0 downstream tasks scheduled from follow-on schedule check
