[2023-12-14T18:56:15.760+0000] {taskinstance.py:1159} INFO - Dependencies all met for dep_context=non-requeueable deps ti=<TaskInstance: a_simple_bash_dag.a_simple_bash_dag manual__2023-12-14T18:56:13.940753+00:00 [queued]>
[2023-12-14T18:56:15.770+0000] {taskinstance.py:1159} INFO - Dependencies all met for dep_context=requeueable deps ti=<TaskInstance: a_simple_bash_dag.a_simple_bash_dag manual__2023-12-14T18:56:13.940753+00:00 [queued]>
[2023-12-14T18:56:15.771+0000] {taskinstance.py:1361} INFO - Starting attempt 1 of 1
[2023-12-14T18:56:15.787+0000] {taskinstance.py:1382} INFO - Executing <Task(BashOperator): a_simple_bash_dag> on 2023-12-14 18:56:13.940753+00:00
[2023-12-14T18:56:15.794+0000] {standard_task_runner.py:57} INFO - Started process 168 to run task
[2023-12-14T18:56:15.798+0000] {standard_task_runner.py:84} INFO - Running: ['***', 'tasks', 'run', 'a_simple_bash_dag', 'a_simple_bash_dag', 'manual__2023-12-14T18:56:13.940753+00:00', '--job-id', '2264', '--raw', '--subdir', 'DAGS_FOLDER/a_simple_bash_dag.py', '--cfg-path', '/tmp/tmpuv8vrc6w']
[2023-12-14T18:56:15.803+0000] {standard_task_runner.py:85} INFO - Job 2264: Subtask a_simple_bash_dag
[2023-12-14T18:56:15.860+0000] {task_command.py:416} INFO - Running <TaskInstance: a_simple_bash_dag.a_simple_bash_dag manual__2023-12-14T18:56:13.940753+00:00 [running]> on host f1f596891517
[2023-12-14T18:56:15.960+0000] {taskinstance.py:1662} INFO - Exporting env vars: AIRFLOW_CTX_DAG_OWNER='Airflow' AIRFLOW_CTX_DAG_ID='a_simple_bash_dag' AIRFLOW_CTX_TASK_ID='a_simple_bash_dag' AIRFLOW_CTX_EXECUTION_DATE='2023-12-14T18:56:13.940753+00:00' AIRFLOW_CTX_TRY_NUMBER='1' AIRFLOW_CTX_DAG_RUN_ID='manual__2023-12-14T18:56:13.940753+00:00'
[2023-12-14T18:56:15.963+0000] {subprocess.py:63} INFO - Tmp dir root location: /tmp
[2023-12-14T18:56:15.965+0000] {subprocess.py:75} INFO - Running command: ['/bin/bash', '-c', 'ls /tmp/']
[2023-12-14T18:56:15.977+0000] {subprocess.py:86} INFO - Output:
[2023-12-14T18:56:15.982+0000] {subprocess.py:93} INFO - ***tmpm05yhvph
[2023-12-14T18:56:15.983+0000] {subprocess.py:93} INFO - bloop
[2023-12-14T18:56:15.983+0000] {subprocess.py:93} INFO - pymp-l06a3ujy
[2023-12-14T18:56:15.984+0000] {subprocess.py:93} INFO - tmpb8gk2umc
[2023-12-14T18:56:15.985+0000] {subprocess.py:97} INFO - Command exited with return code 0
[2023-12-14T18:56:16.014+0000] {taskinstance.py:1400} INFO - Marking task as SUCCESS. dag_id=a_simple_bash_dag, task_id=a_simple_bash_dag, execution_date=20231214T185613, start_date=20231214T185615, end_date=20231214T185616
[2023-12-14T18:56:16.052+0000] {local_task_job_runner.py:228} INFO - Task exited with return code 0
[2023-12-14T18:56:16.072+0000] {taskinstance.py:2778} INFO - 0 downstream tasks scheduled from follow-on schedule check
