[2023-12-14T18:55:27.680+0000] {taskinstance.py:1159} INFO - Dependencies all met for dep_context=non-requeueable deps ti=<TaskInstance: a_simple_bash_dag.a_simple_bash_dag manual__2023-12-14T18:55:25.671051+00:00 [queued]>
[2023-12-14T18:55:27.693+0000] {taskinstance.py:1159} INFO - Dependencies all met for dep_context=requeueable deps ti=<TaskInstance: a_simple_bash_dag.a_simple_bash_dag manual__2023-12-14T18:55:25.671051+00:00 [queued]>
[2023-12-14T18:55:27.694+0000] {taskinstance.py:1361} INFO - Starting attempt 1 of 1
[2023-12-14T18:55:27.713+0000] {taskinstance.py:1382} INFO - Executing <Task(BashOperator): a_simple_bash_dag> on 2023-12-14 18:55:25.671051+00:00
[2023-12-14T18:55:27.721+0000] {standard_task_runner.py:57} INFO - Started process 156 to run task
[2023-12-14T18:55:27.726+0000] {standard_task_runner.py:84} INFO - Running: ['***', 'tasks', 'run', 'a_simple_bash_dag', 'a_simple_bash_dag', 'manual__2023-12-14T18:55:25.671051+00:00', '--job-id', '2263', '--raw', '--subdir', 'DAGS_FOLDER/a_simple_bash_dag.py', '--cfg-path', '/tmp/tmpx77wyd9v']
[2023-12-14T18:55:27.731+0000] {standard_task_runner.py:85} INFO - Job 2263: Subtask a_simple_bash_dag
[2023-12-14T18:55:27.803+0000] {task_command.py:416} INFO - Running <TaskInstance: a_simple_bash_dag.a_simple_bash_dag manual__2023-12-14T18:55:25.671051+00:00 [running]> on host f1f596891517
[2023-12-14T18:55:27.927+0000] {taskinstance.py:1662} INFO - Exporting env vars: AIRFLOW_CTX_DAG_OWNER='Airflow' AIRFLOW_CTX_DAG_ID='a_simple_bash_dag' AIRFLOW_CTX_TASK_ID='a_simple_bash_dag' AIRFLOW_CTX_EXECUTION_DATE='2023-12-14T18:55:25.671051+00:00' AIRFLOW_CTX_TRY_NUMBER='1' AIRFLOW_CTX_DAG_RUN_ID='manual__2023-12-14T18:55:25.671051+00:00'
[2023-12-14T18:55:27.930+0000] {subprocess.py:63} INFO - Tmp dir root location: /tmp
[2023-12-14T18:55:27.931+0000] {subprocess.py:75} INFO - Running command: ['/bin/bash', '-c', 'ls /tmp/']
[2023-12-14T18:55:27.947+0000] {subprocess.py:86} INFO - Output:
[2023-12-14T18:55:27.952+0000] {subprocess.py:93} INFO - ***tmpmyzfp8ys
[2023-12-14T18:55:27.953+0000] {subprocess.py:93} INFO - bloop
[2023-12-14T18:55:27.954+0000] {subprocess.py:93} INFO - pymp-l06a3ujy
[2023-12-14T18:55:27.955+0000] {subprocess.py:93} INFO - tmpb8gk2umc
[2023-12-14T18:55:27.955+0000] {subprocess.py:97} INFO - Command exited with return code 0
[2023-12-14T18:55:27.988+0000] {taskinstance.py:1400} INFO - Marking task as SUCCESS. dag_id=a_simple_bash_dag, task_id=a_simple_bash_dag, execution_date=20231214T185525, start_date=20231214T185527, end_date=20231214T185527
[2023-12-14T18:55:28.020+0000] {local_task_job_runner.py:228} INFO - Task exited with return code 0
[2023-12-14T18:55:28.044+0000] {taskinstance.py:2778} INFO - 0 downstream tasks scheduled from follow-on schedule check
