[2023-12-04T21:43:40.628+0000] {processor.py:157} INFO - Started process (PID=1689) to work on /opt/airflow/dags/a_foobar_bash_dag.py
[2023-12-04T21:43:40.629+0000] {processor.py:829} INFO - Processing file /opt/airflow/dags/a_foobar_bash_dag.py for tasks to queue
[2023-12-04T21:43:40.632+0000] {logging_mixin.py:154} INFO - [2023-12-04T21:43:40.632+0000] {dagbag.py:536} INFO - Filling up the DagBag from /opt/airflow/dags/a_foobar_bash_dag.py
[2023-12-04T21:43:40.644+0000] {processor.py:839} INFO - DAG(s) dict_keys(['a_foobar_bash_dag']) retrieved from /opt/airflow/dags/a_foobar_bash_dag.py
[2023-12-04T21:43:40.751+0000] {logging_mixin.py:154} INFO - [2023-12-04T21:43:40.751+0000] {manager.py:499} INFO - Created Permission View: %s
[2023-12-04T21:43:40.761+0000] {logging_mixin.py:154} INFO - [2023-12-04T21:43:40.761+0000] {manager.py:499} INFO - Created Permission View: %s
[2023-12-04T21:43:40.769+0000] {logging_mixin.py:154} INFO - [2023-12-04T21:43:40.768+0000] {manager.py:499} INFO - Created Permission View: %s
[2023-12-04T21:43:40.769+0000] {logging_mixin.py:154} INFO - [2023-12-04T21:43:40.769+0000] {dag.py:2941} INFO - Sync 1 DAGs
[2023-12-04T21:43:40.784+0000] {logging_mixin.py:154} INFO - [2023-12-04T21:43:40.783+0000] {dag.py:2963} INFO - Creating ORM DAG for a_foobar_bash_dag
[2023-12-04T21:43:40.785+0000] {logging_mixin.py:154} INFO - [2023-12-04T21:43:40.785+0000] {dag.py:3722} INFO - Setting next_dagrun for a_foobar_bash_dag to None, run_after=None
[2023-12-04T21:43:40.940+0000] {processor.py:179} INFO - Processing /opt/airflow/dags/a_foobar_bash_dag.py took 0.315 seconds
[2023-12-04T21:44:11.248+0000] {processor.py:157} INFO - Started process (PID=1746) to work on /opt/airflow/dags/a_foobar_bash_dag.py
[2023-12-04T21:44:11.250+0000] {processor.py:829} INFO - Processing file /opt/airflow/dags/a_foobar_bash_dag.py for tasks to queue
[2023-12-04T21:44:11.253+0000] {logging_mixin.py:154} INFO - [2023-12-04T21:44:11.253+0000] {dagbag.py:536} INFO - Filling up the DagBag from /opt/airflow/dags/a_foobar_bash_dag.py
[2023-12-04T21:44:11.265+0000] {processor.py:839} INFO - DAG(s) dict_keys(['a_foobar_bash_dag']) retrieved from /opt/airflow/dags/a_foobar_bash_dag.py
[2023-12-04T21:44:11.288+0000] {logging_mixin.py:154} INFO - [2023-12-04T21:44:11.288+0000] {dag.py:2941} INFO - Sync 1 DAGs
[2023-12-04T21:44:11.303+0000] {logging_mixin.py:154} INFO - [2023-12-04T21:44:11.303+0000] {dag.py:3722} INFO - Setting next_dagrun for a_foobar_bash_dag to None, run_after=None
[2023-12-04T21:44:11.324+0000] {processor.py:179} INFO - Processing /opt/airflow/dags/a_foobar_bash_dag.py took 0.080 seconds
[2023-12-04T21:44:41.898+0000] {processor.py:157} INFO - Started process (PID=1802) to work on /opt/airflow/dags/a_foobar_bash_dag.py
[2023-12-04T21:44:41.900+0000] {processor.py:829} INFO - Processing file /opt/airflow/dags/a_foobar_bash_dag.py for tasks to queue
[2023-12-04T21:44:41.903+0000] {logging_mixin.py:154} INFO - [2023-12-04T21:44:41.902+0000] {dagbag.py:536} INFO - Filling up the DagBag from /opt/airflow/dags/a_foobar_bash_dag.py
[2023-12-04T21:44:41.913+0000] {processor.py:839} INFO - DAG(s) dict_keys(['a_foobar_bash_dag']) retrieved from /opt/airflow/dags/a_foobar_bash_dag.py
[2023-12-04T21:44:41.936+0000] {logging_mixin.py:154} INFO - [2023-12-04T21:44:41.936+0000] {dag.py:2941} INFO - Sync 1 DAGs
[2023-12-04T21:44:41.952+0000] {logging_mixin.py:154} INFO - [2023-12-04T21:44:41.952+0000] {dag.py:3722} INFO - Setting next_dagrun for a_foobar_bash_dag to None, run_after=None
[2023-12-04T21:44:41.972+0000] {processor.py:179} INFO - Processing /opt/airflow/dags/a_foobar_bash_dag.py took 0.078 seconds
[2023-12-04T21:45:12.872+0000] {processor.py:157} INFO - Started process (PID=1858) to work on /opt/airflow/dags/a_foobar_bash_dag.py
[2023-12-04T21:45:12.874+0000] {processor.py:829} INFO - Processing file /opt/airflow/dags/a_foobar_bash_dag.py for tasks to queue
[2023-12-04T21:45:12.877+0000] {logging_mixin.py:154} INFO - [2023-12-04T21:45:12.876+0000] {dagbag.py:536} INFO - Filling up the DagBag from /opt/airflow/dags/a_foobar_bash_dag.py
[2023-12-04T21:45:12.887+0000] {processor.py:839} INFO - DAG(s) dict_keys(['a_foobar_bash_dag']) retrieved from /opt/airflow/dags/a_foobar_bash_dag.py
[2023-12-04T21:45:12.918+0000] {logging_mixin.py:154} INFO - [2023-12-04T21:45:12.917+0000] {dag.py:2941} INFO - Sync 1 DAGs
[2023-12-04T21:45:12.936+0000] {logging_mixin.py:154} INFO - [2023-12-04T21:45:12.936+0000] {dag.py:3722} INFO - Setting next_dagrun for a_foobar_bash_dag to None, run_after=None
[2023-12-04T21:45:12.959+0000] {processor.py:179} INFO - Processing /opt/airflow/dags/a_foobar_bash_dag.py took 0.092 seconds
[2023-12-04T21:45:43.106+0000] {processor.py:157} INFO - Started process (PID=1914) to work on /opt/airflow/dags/a_foobar_bash_dag.py
[2023-12-04T21:45:43.108+0000] {processor.py:829} INFO - Processing file /opt/airflow/dags/a_foobar_bash_dag.py for tasks to queue
[2023-12-04T21:45:43.110+0000] {logging_mixin.py:154} INFO - [2023-12-04T21:45:43.110+0000] {dagbag.py:536} INFO - Filling up the DagBag from /opt/airflow/dags/a_foobar_bash_dag.py
[2023-12-04T21:45:43.119+0000] {processor.py:839} INFO - DAG(s) dict_keys(['a_foobar_bash_dag']) retrieved from /opt/airflow/dags/a_foobar_bash_dag.py
[2023-12-04T21:45:43.145+0000] {logging_mixin.py:154} INFO - [2023-12-04T21:45:43.145+0000] {dag.py:2941} INFO - Sync 1 DAGs
[2023-12-04T21:45:43.326+0000] {logging_mixin.py:154} INFO - [2023-12-04T21:45:43.326+0000] {dag.py:3722} INFO - Setting next_dagrun for a_foobar_bash_dag to None, run_after=None
[2023-12-04T21:45:43.348+0000] {processor.py:179} INFO - Processing /opt/airflow/dags/a_foobar_bash_dag.py took 0.247 seconds
[2023-12-04T21:46:14.206+0000] {processor.py:157} INFO - Started process (PID=1970) to work on /opt/airflow/dags/a_foobar_bash_dag.py
[2023-12-04T21:46:14.207+0000] {processor.py:829} INFO - Processing file /opt/airflow/dags/a_foobar_bash_dag.py for tasks to queue
[2023-12-04T21:46:14.210+0000] {logging_mixin.py:154} INFO - [2023-12-04T21:46:14.210+0000] {dagbag.py:536} INFO - Filling up the DagBag from /opt/airflow/dags/a_foobar_bash_dag.py
[2023-12-04T21:46:14.219+0000] {processor.py:839} INFO - DAG(s) dict_keys(['a_foobar_bash_dag']) retrieved from /opt/airflow/dags/a_foobar_bash_dag.py
[2023-12-04T21:46:14.243+0000] {logging_mixin.py:154} INFO - [2023-12-04T21:46:14.242+0000] {dag.py:2941} INFO - Sync 1 DAGs
[2023-12-04T21:46:14.263+0000] {logging_mixin.py:154} INFO - [2023-12-04T21:46:14.263+0000] {dag.py:3722} INFO - Setting next_dagrun for a_foobar_bash_dag to None, run_after=None
[2023-12-04T21:46:14.296+0000] {processor.py:179} INFO - Processing /opt/airflow/dags/a_foobar_bash_dag.py took 0.094 seconds
[2023-12-04T21:46:44.682+0000] {processor.py:157} INFO - Started process (PID=2027) to work on /opt/airflow/dags/a_foobar_bash_dag.py
[2023-12-04T21:46:44.684+0000] {processor.py:829} INFO - Processing file /opt/airflow/dags/a_foobar_bash_dag.py for tasks to queue
[2023-12-04T21:46:44.687+0000] {logging_mixin.py:154} INFO - [2023-12-04T21:46:44.686+0000] {dagbag.py:536} INFO - Filling up the DagBag from /opt/airflow/dags/a_foobar_bash_dag.py
[2023-12-04T21:46:44.696+0000] {processor.py:839} INFO - DAG(s) dict_keys(['a_foobar_bash_dag']) retrieved from /opt/airflow/dags/a_foobar_bash_dag.py
[2023-12-04T21:46:44.721+0000] {logging_mixin.py:154} INFO - [2023-12-04T21:46:44.720+0000] {dag.py:2941} INFO - Sync 1 DAGs
[2023-12-04T21:46:44.736+0000] {logging_mixin.py:154} INFO - [2023-12-04T21:46:44.736+0000] {dag.py:3722} INFO - Setting next_dagrun for a_foobar_bash_dag to None, run_after=None
[2023-12-04T21:46:44.756+0000] {processor.py:179} INFO - Processing /opt/airflow/dags/a_foobar_bash_dag.py took 0.077 seconds
[2023-12-04T21:47:14.798+0000] {processor.py:157} INFO - Started process (PID=2083) to work on /opt/airflow/dags/a_foobar_bash_dag.py
[2023-12-04T21:47:14.799+0000] {processor.py:829} INFO - Processing file /opt/airflow/dags/a_foobar_bash_dag.py for tasks to queue
[2023-12-04T21:47:14.802+0000] {logging_mixin.py:154} INFO - [2023-12-04T21:47:14.802+0000] {dagbag.py:536} INFO - Filling up the DagBag from /opt/airflow/dags/a_foobar_bash_dag.py
[2023-12-04T21:47:14.812+0000] {processor.py:839} INFO - DAG(s) dict_keys(['a_foobar_bash_dag']) retrieved from /opt/airflow/dags/a_foobar_bash_dag.py
[2023-12-04T21:47:14.836+0000] {logging_mixin.py:154} INFO - [2023-12-04T21:47:14.836+0000] {dag.py:2941} INFO - Sync 1 DAGs
[2023-12-04T21:47:14.851+0000] {logging_mixin.py:154} INFO - [2023-12-04T21:47:14.851+0000] {dag.py:3722} INFO - Setting next_dagrun for a_foobar_bash_dag to None, run_after=None
[2023-12-04T21:47:14.873+0000] {processor.py:179} INFO - Processing /opt/airflow/dags/a_foobar_bash_dag.py took 0.080 seconds
[2023-12-04T21:47:45.531+0000] {processor.py:157} INFO - Started process (PID=2139) to work on /opt/airflow/dags/a_foobar_bash_dag.py
[2023-12-04T21:47:45.532+0000] {processor.py:829} INFO - Processing file /opt/airflow/dags/a_foobar_bash_dag.py for tasks to queue
[2023-12-04T21:47:45.535+0000] {logging_mixin.py:154} INFO - [2023-12-04T21:47:45.535+0000] {dagbag.py:536} INFO - Filling up the DagBag from /opt/airflow/dags/a_foobar_bash_dag.py
[2023-12-04T21:47:45.545+0000] {processor.py:839} INFO - DAG(s) dict_keys(['a_foobar_bash_dag']) retrieved from /opt/airflow/dags/a_foobar_bash_dag.py
[2023-12-04T21:47:45.708+0000] {logging_mixin.py:154} INFO - [2023-12-04T21:47:45.708+0000] {dag.py:2941} INFO - Sync 1 DAGs
[2023-12-04T21:47:45.723+0000] {logging_mixin.py:154} INFO - [2023-12-04T21:47:45.723+0000] {dag.py:3722} INFO - Setting next_dagrun for a_foobar_bash_dag to None, run_after=None
[2023-12-04T21:47:45.745+0000] {processor.py:179} INFO - Processing /opt/airflow/dags/a_foobar_bash_dag.py took 0.218 seconds
[2023-12-04T21:48:16.598+0000] {processor.py:157} INFO - Started process (PID=2195) to work on /opt/airflow/dags/a_foobar_bash_dag.py
[2023-12-04T21:48:16.601+0000] {processor.py:829} INFO - Processing file /opt/airflow/dags/a_foobar_bash_dag.py for tasks to queue
[2023-12-04T21:48:16.604+0000] {logging_mixin.py:154} INFO - [2023-12-04T21:48:16.604+0000] {dagbag.py:536} INFO - Filling up the DagBag from /opt/airflow/dags/a_foobar_bash_dag.py
[2023-12-04T21:48:16.614+0000] {processor.py:839} INFO - DAG(s) dict_keys(['a_foobar_bash_dag']) retrieved from /opt/airflow/dags/a_foobar_bash_dag.py
[2023-12-04T21:48:16.640+0000] {logging_mixin.py:154} INFO - [2023-12-04T21:48:16.640+0000] {dag.py:2941} INFO - Sync 1 DAGs
[2023-12-04T21:48:16.805+0000] {logging_mixin.py:154} INFO - [2023-12-04T21:48:16.805+0000] {dag.py:3722} INFO - Setting next_dagrun for a_foobar_bash_dag to None, run_after=None
[2023-12-04T21:48:16.829+0000] {processor.py:179} INFO - Processing /opt/airflow/dags/a_foobar_bash_dag.py took 0.236 seconds
[2023-12-04T21:48:47.353+0000] {processor.py:157} INFO - Started process (PID=2251) to work on /opt/airflow/dags/a_foobar_bash_dag.py
[2023-12-04T21:48:47.355+0000] {processor.py:829} INFO - Processing file /opt/airflow/dags/a_foobar_bash_dag.py for tasks to queue
[2023-12-04T21:48:47.359+0000] {logging_mixin.py:154} INFO - [2023-12-04T21:48:47.359+0000] {dagbag.py:536} INFO - Filling up the DagBag from /opt/airflow/dags/a_foobar_bash_dag.py
[2023-12-04T21:48:47.372+0000] {processor.py:839} INFO - DAG(s) dict_keys(['a_foobar_bash_dag']) retrieved from /opt/airflow/dags/a_foobar_bash_dag.py
[2023-12-04T21:48:47.410+0000] {logging_mixin.py:154} INFO - [2023-12-04T21:48:47.410+0000] {dag.py:2941} INFO - Sync 1 DAGs
[2023-12-04T21:48:47.435+0000] {logging_mixin.py:154} INFO - [2023-12-04T21:48:47.435+0000] {dag.py:3722} INFO - Setting next_dagrun for a_foobar_bash_dag to None, run_after=None
[2023-12-04T21:48:47.473+0000] {processor.py:179} INFO - Processing /opt/airflow/dags/a_foobar_bash_dag.py took 0.126 seconds
[2023-12-04T21:49:17.847+0000] {processor.py:157} INFO - Started process (PID=2307) to work on /opt/airflow/dags/a_foobar_bash_dag.py
[2023-12-04T21:49:17.849+0000] {processor.py:829} INFO - Processing file /opt/airflow/dags/a_foobar_bash_dag.py for tasks to queue
[2023-12-04T21:49:17.852+0000] {logging_mixin.py:154} INFO - [2023-12-04T21:49:17.851+0000] {dagbag.py:536} INFO - Filling up the DagBag from /opt/airflow/dags/a_foobar_bash_dag.py
[2023-12-04T21:49:17.861+0000] {processor.py:839} INFO - DAG(s) dict_keys(['a_foobar_bash_dag']) retrieved from /opt/airflow/dags/a_foobar_bash_dag.py
[2023-12-04T21:49:17.885+0000] {logging_mixin.py:154} INFO - [2023-12-04T21:49:17.885+0000] {dag.py:2941} INFO - Sync 1 DAGs
[2023-12-04T21:49:17.901+0000] {logging_mixin.py:154} INFO - [2023-12-04T21:49:17.901+0000] {dag.py:3722} INFO - Setting next_dagrun for a_foobar_bash_dag to None, run_after=None
[2023-12-04T21:49:17.924+0000] {processor.py:179} INFO - Processing /opt/airflow/dags/a_foobar_bash_dag.py took 0.081 seconds
[2023-12-04T21:49:48.105+0000] {processor.py:157} INFO - Started process (PID=2363) to work on /opt/airflow/dags/a_foobar_bash_dag.py
[2023-12-04T21:49:48.106+0000] {processor.py:829} INFO - Processing file /opt/airflow/dags/a_foobar_bash_dag.py for tasks to queue
[2023-12-04T21:49:48.109+0000] {logging_mixin.py:154} INFO - [2023-12-04T21:49:48.108+0000] {dagbag.py:536} INFO - Filling up the DagBag from /opt/airflow/dags/a_foobar_bash_dag.py
[2023-12-04T21:49:48.117+0000] {processor.py:839} INFO - DAG(s) dict_keys(['a_foobar_bash_dag']) retrieved from /opt/airflow/dags/a_foobar_bash_dag.py
[2023-12-04T21:49:48.141+0000] {logging_mixin.py:154} INFO - [2023-12-04T21:49:48.140+0000] {dag.py:2941} INFO - Sync 1 DAGs
[2023-12-04T21:49:48.158+0000] {logging_mixin.py:154} INFO - [2023-12-04T21:49:48.157+0000] {dag.py:3722} INFO - Setting next_dagrun for a_foobar_bash_dag to None, run_after=None
[2023-12-04T21:49:48.180+0000] {processor.py:179} INFO - Processing /opt/airflow/dags/a_foobar_bash_dag.py took 0.079 seconds
[2023-12-04T21:50:18.314+0000] {processor.py:157} INFO - Started process (PID=2419) to work on /opt/airflow/dags/a_foobar_bash_dag.py
[2023-12-04T21:50:18.315+0000] {processor.py:829} INFO - Processing file /opt/airflow/dags/a_foobar_bash_dag.py for tasks to queue
[2023-12-04T21:50:18.318+0000] {logging_mixin.py:154} INFO - [2023-12-04T21:50:18.318+0000] {dagbag.py:536} INFO - Filling up the DagBag from /opt/airflow/dags/a_foobar_bash_dag.py
[2023-12-04T21:50:18.328+0000] {processor.py:839} INFO - DAG(s) dict_keys(['a_foobar_bash_dag']) retrieved from /opt/airflow/dags/a_foobar_bash_dag.py
[2023-12-04T21:50:18.350+0000] {logging_mixin.py:154} INFO - [2023-12-04T21:50:18.350+0000] {dag.py:2941} INFO - Sync 1 DAGs
[2023-12-04T21:50:18.366+0000] {logging_mixin.py:154} INFO - [2023-12-04T21:50:18.366+0000] {dag.py:3722} INFO - Setting next_dagrun for a_foobar_bash_dag to None, run_after=None
[2023-12-04T21:50:18.387+0000] {processor.py:179} INFO - Processing /opt/airflow/dags/a_foobar_bash_dag.py took 0.078 seconds
[2023-12-04T21:50:48.595+0000] {processor.py:157} INFO - Started process (PID=2475) to work on /opt/airflow/dags/a_foobar_bash_dag.py
[2023-12-04T21:50:48.596+0000] {processor.py:829} INFO - Processing file /opt/airflow/dags/a_foobar_bash_dag.py for tasks to queue
[2023-12-04T21:50:48.599+0000] {logging_mixin.py:154} INFO - [2023-12-04T21:50:48.599+0000] {dagbag.py:536} INFO - Filling up the DagBag from /opt/airflow/dags/a_foobar_bash_dag.py
[2023-12-04T21:50:48.608+0000] {processor.py:839} INFO - DAG(s) dict_keys(['a_foobar_bash_dag']) retrieved from /opt/airflow/dags/a_foobar_bash_dag.py
[2023-12-04T21:50:48.631+0000] {logging_mixin.py:154} INFO - [2023-12-04T21:50:48.631+0000] {dag.py:2941} INFO - Sync 1 DAGs
[2023-12-04T21:50:48.648+0000] {logging_mixin.py:154} INFO - [2023-12-04T21:50:48.648+0000] {dag.py:3722} INFO - Setting next_dagrun for a_foobar_bash_dag to None, run_after=None
[2023-12-04T21:50:48.671+0000] {processor.py:179} INFO - Processing /opt/airflow/dags/a_foobar_bash_dag.py took 0.080 seconds
[2023-12-04T21:51:18.840+0000] {processor.py:157} INFO - Started process (PID=2531) to work on /opt/airflow/dags/a_foobar_bash_dag.py
[2023-12-04T21:51:18.841+0000] {processor.py:829} INFO - Processing file /opt/airflow/dags/a_foobar_bash_dag.py for tasks to queue
[2023-12-04T21:51:18.844+0000] {logging_mixin.py:154} INFO - [2023-12-04T21:51:18.844+0000] {dagbag.py:536} INFO - Filling up the DagBag from /opt/airflow/dags/a_foobar_bash_dag.py
[2023-12-04T21:51:18.852+0000] {processor.py:839} INFO - DAG(s) dict_keys(['a_foobar_bash_dag']) retrieved from /opt/airflow/dags/a_foobar_bash_dag.py
[2023-12-04T21:51:18.875+0000] {logging_mixin.py:154} INFO - [2023-12-04T21:51:18.874+0000] {dag.py:2941} INFO - Sync 1 DAGs
[2023-12-04T21:51:18.894+0000] {logging_mixin.py:154} INFO - [2023-12-04T21:51:18.893+0000] {dag.py:3722} INFO - Setting next_dagrun for a_foobar_bash_dag to None, run_after=None
[2023-12-04T21:51:18.915+0000] {processor.py:179} INFO - Processing /opt/airflow/dags/a_foobar_bash_dag.py took 0.080 seconds
[2023-12-04T21:51:49.000+0000] {processor.py:157} INFO - Started process (PID=2587) to work on /opt/airflow/dags/a_foobar_bash_dag.py
[2023-12-04T21:51:49.001+0000] {processor.py:829} INFO - Processing file /opt/airflow/dags/a_foobar_bash_dag.py for tasks to queue
[2023-12-04T21:51:49.004+0000] {logging_mixin.py:154} INFO - [2023-12-04T21:51:49.004+0000] {dagbag.py:536} INFO - Filling up the DagBag from /opt/airflow/dags/a_foobar_bash_dag.py
[2023-12-04T21:51:49.013+0000] {processor.py:839} INFO - DAG(s) dict_keys(['a_foobar_bash_dag']) retrieved from /opt/airflow/dags/a_foobar_bash_dag.py
[2023-12-04T21:51:49.036+0000] {logging_mixin.py:154} INFO - [2023-12-04T21:51:49.036+0000] {dag.py:2941} INFO - Sync 1 DAGs
[2023-12-04T21:51:49.052+0000] {logging_mixin.py:154} INFO - [2023-12-04T21:51:49.052+0000] {dag.py:3722} INFO - Setting next_dagrun for a_foobar_bash_dag to None, run_after=None
[2023-12-04T21:51:49.073+0000] {processor.py:179} INFO - Processing /opt/airflow/dags/a_foobar_bash_dag.py took 0.078 seconds
[2023-12-04T21:52:19.608+0000] {processor.py:157} INFO - Started process (PID=2643) to work on /opt/airflow/dags/a_foobar_bash_dag.py
[2023-12-04T21:52:19.609+0000] {processor.py:829} INFO - Processing file /opt/airflow/dags/a_foobar_bash_dag.py for tasks to queue
[2023-12-04T21:52:19.612+0000] {logging_mixin.py:154} INFO - [2023-12-04T21:52:19.611+0000] {dagbag.py:536} INFO - Filling up the DagBag from /opt/airflow/dags/a_foobar_bash_dag.py
[2023-12-04T21:52:19.620+0000] {processor.py:839} INFO - DAG(s) dict_keys(['a_foobar_bash_dag']) retrieved from /opt/airflow/dags/a_foobar_bash_dag.py
[2023-12-04T21:52:19.644+0000] {logging_mixin.py:154} INFO - [2023-12-04T21:52:19.643+0000] {dag.py:2941} INFO - Sync 1 DAGs
[2023-12-04T21:52:19.659+0000] {logging_mixin.py:154} INFO - [2023-12-04T21:52:19.659+0000] {dag.py:3722} INFO - Setting next_dagrun for a_foobar_bash_dag to None, run_after=None
[2023-12-04T21:52:19.684+0000] {processor.py:179} INFO - Processing /opt/airflow/dags/a_foobar_bash_dag.py took 0.081 seconds
[2023-12-04T21:52:50.119+0000] {processor.py:157} INFO - Started process (PID=2699) to work on /opt/airflow/dags/a_foobar_bash_dag.py
[2023-12-04T21:52:50.120+0000] {processor.py:829} INFO - Processing file /opt/airflow/dags/a_foobar_bash_dag.py for tasks to queue
[2023-12-04T21:52:50.124+0000] {logging_mixin.py:154} INFO - [2023-12-04T21:52:50.123+0000] {dagbag.py:536} INFO - Filling up the DagBag from /opt/airflow/dags/a_foobar_bash_dag.py
[2023-12-04T21:52:50.133+0000] {processor.py:839} INFO - DAG(s) dict_keys(['a_foobar_bash_dag']) retrieved from /opt/airflow/dags/a_foobar_bash_dag.py
[2023-12-04T21:52:50.156+0000] {logging_mixin.py:154} INFO - [2023-12-04T21:52:50.156+0000] {dag.py:2941} INFO - Sync 1 DAGs
[2023-12-04T21:52:50.172+0000] {logging_mixin.py:154} INFO - [2023-12-04T21:52:50.171+0000] {dag.py:3722} INFO - Setting next_dagrun for a_foobar_bash_dag to None, run_after=None
[2023-12-04T21:52:50.193+0000] {processor.py:179} INFO - Processing /opt/airflow/dags/a_foobar_bash_dag.py took 0.079 seconds
[2023-12-04T21:53:20.432+0000] {processor.py:157} INFO - Started process (PID=2755) to work on /opt/airflow/dags/a_foobar_bash_dag.py
[2023-12-04T21:53:20.433+0000] {processor.py:829} INFO - Processing file /opt/airflow/dags/a_foobar_bash_dag.py for tasks to queue
[2023-12-04T21:53:20.436+0000] {logging_mixin.py:154} INFO - [2023-12-04T21:53:20.435+0000] {dagbag.py:536} INFO - Filling up the DagBag from /opt/airflow/dags/a_foobar_bash_dag.py
[2023-12-04T21:53:20.444+0000] {processor.py:839} INFO - DAG(s) dict_keys(['a_foobar_bash_dag']) retrieved from /opt/airflow/dags/a_foobar_bash_dag.py
[2023-12-04T21:53:20.467+0000] {logging_mixin.py:154} INFO - [2023-12-04T21:53:20.467+0000] {dag.py:2941} INFO - Sync 1 DAGs
[2023-12-04T21:53:20.484+0000] {logging_mixin.py:154} INFO - [2023-12-04T21:53:20.484+0000] {dag.py:3722} INFO - Setting next_dagrun for a_foobar_bash_dag to None, run_after=None
[2023-12-04T21:53:20.508+0000] {processor.py:179} INFO - Processing /opt/airflow/dags/a_foobar_bash_dag.py took 0.081 seconds
[2023-12-04T21:53:50.633+0000] {processor.py:157} INFO - Started process (PID=2811) to work on /opt/airflow/dags/a_foobar_bash_dag.py
[2023-12-04T21:53:50.634+0000] {processor.py:829} INFO - Processing file /opt/airflow/dags/a_foobar_bash_dag.py for tasks to queue
[2023-12-04T21:53:50.638+0000] {logging_mixin.py:154} INFO - [2023-12-04T21:53:50.638+0000] {dagbag.py:536} INFO - Filling up the DagBag from /opt/airflow/dags/a_foobar_bash_dag.py
[2023-12-04T21:53:50.647+0000] {processor.py:839} INFO - DAG(s) dict_keys(['a_foobar_bash_dag']) retrieved from /opt/airflow/dags/a_foobar_bash_dag.py
[2023-12-04T21:53:50.670+0000] {logging_mixin.py:154} INFO - [2023-12-04T21:53:50.670+0000] {dag.py:2941} INFO - Sync 1 DAGs
[2023-12-04T21:53:50.686+0000] {logging_mixin.py:154} INFO - [2023-12-04T21:53:50.686+0000] {dag.py:3722} INFO - Setting next_dagrun for a_foobar_bash_dag to None, run_after=None
[2023-12-04T21:53:50.707+0000] {processor.py:179} INFO - Processing /opt/airflow/dags/a_foobar_bash_dag.py took 0.078 seconds
[2023-12-04T21:54:20.890+0000] {processor.py:157} INFO - Started process (PID=2867) to work on /opt/airflow/dags/a_foobar_bash_dag.py
[2023-12-04T21:54:20.891+0000] {processor.py:829} INFO - Processing file /opt/airflow/dags/a_foobar_bash_dag.py for tasks to queue
[2023-12-04T21:54:20.894+0000] {logging_mixin.py:154} INFO - [2023-12-04T21:54:20.894+0000] {dagbag.py:536} INFO - Filling up the DagBag from /opt/airflow/dags/a_foobar_bash_dag.py
[2023-12-04T21:54:20.903+0000] {processor.py:839} INFO - DAG(s) dict_keys(['a_foobar_bash_dag']) retrieved from /opt/airflow/dags/a_foobar_bash_dag.py
[2023-12-04T21:54:20.926+0000] {logging_mixin.py:154} INFO - [2023-12-04T21:54:20.925+0000] {dag.py:2941} INFO - Sync 1 DAGs
[2023-12-04T21:54:20.943+0000] {logging_mixin.py:154} INFO - [2023-12-04T21:54:20.942+0000] {dag.py:3722} INFO - Setting next_dagrun for a_foobar_bash_dag to None, run_after=None
[2023-12-04T21:54:20.964+0000] {processor.py:179} INFO - Processing /opt/airflow/dags/a_foobar_bash_dag.py took 0.079 seconds
[2023-12-04T21:54:51.289+0000] {processor.py:157} INFO - Started process (PID=2923) to work on /opt/airflow/dags/a_foobar_bash_dag.py
[2023-12-04T21:54:51.290+0000] {processor.py:829} INFO - Processing file /opt/airflow/dags/a_foobar_bash_dag.py for tasks to queue
[2023-12-04T21:54:51.293+0000] {logging_mixin.py:154} INFO - [2023-12-04T21:54:51.293+0000] {dagbag.py:536} INFO - Filling up the DagBag from /opt/airflow/dags/a_foobar_bash_dag.py
[2023-12-04T21:54:51.301+0000] {processor.py:839} INFO - DAG(s) dict_keys(['a_foobar_bash_dag']) retrieved from /opt/airflow/dags/a_foobar_bash_dag.py
[2023-12-04T21:54:51.322+0000] {logging_mixin.py:154} INFO - [2023-12-04T21:54:51.322+0000] {dag.py:2941} INFO - Sync 1 DAGs
[2023-12-04T21:54:51.337+0000] {logging_mixin.py:154} INFO - [2023-12-04T21:54:51.337+0000] {dag.py:3722} INFO - Setting next_dagrun for a_foobar_bash_dag to None, run_after=None
[2023-12-04T21:54:51.358+0000] {processor.py:179} INFO - Processing /opt/airflow/dags/a_foobar_bash_dag.py took 0.073 seconds
[2023-12-04T21:55:21.710+0000] {processor.py:157} INFO - Started process (PID=2979) to work on /opt/airflow/dags/a_foobar_bash_dag.py
[2023-12-04T21:55:21.711+0000] {processor.py:829} INFO - Processing file /opt/airflow/dags/a_foobar_bash_dag.py for tasks to queue
[2023-12-04T21:55:21.714+0000] {logging_mixin.py:154} INFO - [2023-12-04T21:55:21.714+0000] {dagbag.py:536} INFO - Filling up the DagBag from /opt/airflow/dags/a_foobar_bash_dag.py
[2023-12-04T21:55:21.724+0000] {processor.py:839} INFO - DAG(s) dict_keys(['a_foobar_bash_dag']) retrieved from /opt/airflow/dags/a_foobar_bash_dag.py
[2023-12-04T21:55:21.747+0000] {logging_mixin.py:154} INFO - [2023-12-04T21:55:21.747+0000] {dag.py:2941} INFO - Sync 1 DAGs
[2023-12-04T21:55:21.764+0000] {logging_mixin.py:154} INFO - [2023-12-04T21:55:21.763+0000] {dag.py:3722} INFO - Setting next_dagrun for a_foobar_bash_dag to None, run_after=None
[2023-12-04T21:55:21.786+0000] {processor.py:179} INFO - Processing /opt/airflow/dags/a_foobar_bash_dag.py took 0.081 seconds
[2023-12-04T21:55:52.028+0000] {processor.py:157} INFO - Started process (PID=3035) to work on /opt/airflow/dags/a_foobar_bash_dag.py
[2023-12-04T21:55:52.029+0000] {processor.py:829} INFO - Processing file /opt/airflow/dags/a_foobar_bash_dag.py for tasks to queue
[2023-12-04T21:55:52.032+0000] {logging_mixin.py:154} INFO - [2023-12-04T21:55:52.032+0000] {dagbag.py:536} INFO - Filling up the DagBag from /opt/airflow/dags/a_foobar_bash_dag.py
[2023-12-04T21:55:52.042+0000] {processor.py:839} INFO - DAG(s) dict_keys(['a_foobar_bash_dag']) retrieved from /opt/airflow/dags/a_foobar_bash_dag.py
[2023-12-04T21:55:52.066+0000] {logging_mixin.py:154} INFO - [2023-12-04T21:55:52.066+0000] {dag.py:2941} INFO - Sync 1 DAGs
[2023-12-04T21:55:52.082+0000] {logging_mixin.py:154} INFO - [2023-12-04T21:55:52.082+0000] {dag.py:3722} INFO - Setting next_dagrun for a_foobar_bash_dag to None, run_after=None
[2023-12-04T21:55:52.105+0000] {processor.py:179} INFO - Processing /opt/airflow/dags/a_foobar_bash_dag.py took 0.082 seconds
[2023-12-04T21:56:22.343+0000] {processor.py:157} INFO - Started process (PID=3091) to work on /opt/airflow/dags/a_foobar_bash_dag.py
[2023-12-04T21:56:22.345+0000] {processor.py:829} INFO - Processing file /opt/airflow/dags/a_foobar_bash_dag.py for tasks to queue
[2023-12-04T21:56:22.348+0000] {logging_mixin.py:154} INFO - [2023-12-04T21:56:22.348+0000] {dagbag.py:536} INFO - Filling up the DagBag from /opt/airflow/dags/a_foobar_bash_dag.py
[2023-12-04T21:56:22.358+0000] {processor.py:839} INFO - DAG(s) dict_keys(['a_foobar_bash_dag']) retrieved from /opt/airflow/dags/a_foobar_bash_dag.py
[2023-12-04T21:56:22.383+0000] {logging_mixin.py:154} INFO - [2023-12-04T21:56:22.382+0000] {dag.py:2941} INFO - Sync 1 DAGs
[2023-12-04T21:56:22.399+0000] {logging_mixin.py:154} INFO - [2023-12-04T21:56:22.399+0000] {dag.py:3722} INFO - Setting next_dagrun for a_foobar_bash_dag to None, run_after=None
[2023-12-04T21:56:22.422+0000] {processor.py:179} INFO - Processing /opt/airflow/dags/a_foobar_bash_dag.py took 0.084 seconds
[2023-12-04T21:56:52.608+0000] {processor.py:157} INFO - Started process (PID=3147) to work on /opt/airflow/dags/a_foobar_bash_dag.py
[2023-12-04T21:56:52.610+0000] {processor.py:829} INFO - Processing file /opt/airflow/dags/a_foobar_bash_dag.py for tasks to queue
[2023-12-04T21:56:52.613+0000] {logging_mixin.py:154} INFO - [2023-12-04T21:56:52.613+0000] {dagbag.py:536} INFO - Filling up the DagBag from /opt/airflow/dags/a_foobar_bash_dag.py
[2023-12-04T21:56:52.623+0000] {processor.py:839} INFO - DAG(s) dict_keys(['a_foobar_bash_dag']) retrieved from /opt/airflow/dags/a_foobar_bash_dag.py
[2023-12-04T21:56:52.649+0000] {logging_mixin.py:154} INFO - [2023-12-04T21:56:52.649+0000] {dag.py:2941} INFO - Sync 1 DAGs
[2023-12-04T21:56:52.667+0000] {logging_mixin.py:154} INFO - [2023-12-04T21:56:52.667+0000] {dag.py:3722} INFO - Setting next_dagrun for a_foobar_bash_dag to None, run_after=None
[2023-12-04T21:56:52.691+0000] {processor.py:179} INFO - Processing /opt/airflow/dags/a_foobar_bash_dag.py took 0.088 seconds
[2023-12-04T21:57:22.857+0000] {processor.py:157} INFO - Started process (PID=3203) to work on /opt/airflow/dags/a_foobar_bash_dag.py
[2023-12-04T21:57:22.858+0000] {processor.py:829} INFO - Processing file /opt/airflow/dags/a_foobar_bash_dag.py for tasks to queue
[2023-12-04T21:57:22.862+0000] {logging_mixin.py:154} INFO - [2023-12-04T21:57:22.861+0000] {dagbag.py:536} INFO - Filling up the DagBag from /opt/airflow/dags/a_foobar_bash_dag.py
[2023-12-04T21:57:22.871+0000] {processor.py:839} INFO - DAG(s) dict_keys(['a_foobar_bash_dag']) retrieved from /opt/airflow/dags/a_foobar_bash_dag.py
[2023-12-04T21:57:22.904+0000] {logging_mixin.py:154} INFO - [2023-12-04T21:57:22.903+0000] {dag.py:2941} INFO - Sync 1 DAGs
[2023-12-04T21:57:22.921+0000] {logging_mixin.py:154} INFO - [2023-12-04T21:57:22.921+0000] {dag.py:3722} INFO - Setting next_dagrun for a_foobar_bash_dag to None, run_after=None
[2023-12-04T21:57:22.952+0000] {processor.py:179} INFO - Processing /opt/airflow/dags/a_foobar_bash_dag.py took 0.101 seconds
[2023-12-04T21:57:53.039+0000] {processor.py:157} INFO - Started process (PID=3259) to work on /opt/airflow/dags/a_foobar_bash_dag.py
[2023-12-04T21:57:53.040+0000] {processor.py:829} INFO - Processing file /opt/airflow/dags/a_foobar_bash_dag.py for tasks to queue
[2023-12-04T21:57:53.043+0000] {logging_mixin.py:154} INFO - [2023-12-04T21:57:53.043+0000] {dagbag.py:536} INFO - Filling up the DagBag from /opt/airflow/dags/a_foobar_bash_dag.py
[2023-12-04T21:57:53.053+0000] {processor.py:839} INFO - DAG(s) dict_keys(['a_foobar_bash_dag']) retrieved from /opt/airflow/dags/a_foobar_bash_dag.py
[2023-12-04T21:57:53.078+0000] {logging_mixin.py:154} INFO - [2023-12-04T21:57:53.077+0000] {dag.py:2941} INFO - Sync 1 DAGs
[2023-12-04T21:57:53.095+0000] {logging_mixin.py:154} INFO - [2023-12-04T21:57:53.094+0000] {dag.py:3722} INFO - Setting next_dagrun for a_foobar_bash_dag to None, run_after=None
[2023-12-04T21:57:53.118+0000] {processor.py:179} INFO - Processing /opt/airflow/dags/a_foobar_bash_dag.py took 0.085 seconds
[2023-12-04T22:07:13.611+0000] {processor.py:157} INFO - Started process (PID=3315) to work on /opt/airflow/dags/a_foobar_bash_dag.py
[2023-12-04T22:07:13.613+0000] {processor.py:829} INFO - Processing file /opt/airflow/dags/a_foobar_bash_dag.py for tasks to queue
[2023-12-04T22:07:13.618+0000] {logging_mixin.py:154} INFO - [2023-12-04T22:07:13.617+0000] {dagbag.py:536} INFO - Filling up the DagBag from /opt/airflow/dags/a_foobar_bash_dag.py
[2023-12-04T22:07:13.877+0000] {processor.py:839} INFO - DAG(s) dict_keys(['a_foobar_bash_dag']) retrieved from /opt/airflow/dags/a_foobar_bash_dag.py
[2023-12-04T22:07:13.929+0000] {logging_mixin.py:154} INFO - [2023-12-04T22:07:13.929+0000] {dag.py:2941} INFO - Sync 1 DAGs
[2023-12-04T22:07:13.960+0000] {logging_mixin.py:154} INFO - [2023-12-04T22:07:13.960+0000] {dag.py:3722} INFO - Setting next_dagrun for a_foobar_bash_dag to None, run_after=None
[2023-12-04T22:07:14.022+0000] {processor.py:179} INFO - Processing /opt/airflow/dags/a_foobar_bash_dag.py took 0.420 seconds
[2023-12-04T22:08:23.898+0000] {processor.py:157} INFO - Started process (PID=3370) to work on /opt/airflow/dags/a_foobar_bash_dag.py
[2023-12-04T22:08:24.147+0000] {processor.py:829} INFO - Processing file /opt/airflow/dags/a_foobar_bash_dag.py for tasks to queue
[2023-12-04T22:08:24.157+0000] {logging_mixin.py:154} INFO - [2023-12-04T22:08:24.156+0000] {dagbag.py:536} INFO - Filling up the DagBag from /opt/airflow/dags/a_foobar_bash_dag.py
[2023-12-04T22:08:24.392+0000] {processor.py:839} INFO - DAG(s) dict_keys(['a_foobar_bash_dag']) retrieved from /opt/airflow/dags/a_foobar_bash_dag.py
[2023-12-04T22:08:24.476+0000] {logging_mixin.py:154} INFO - [2023-12-04T22:08:24.476+0000] {dag.py:2941} INFO - Sync 1 DAGs
[2023-12-04T22:08:24.522+0000] {logging_mixin.py:154} INFO - [2023-12-04T22:08:24.521+0000] {dag.py:3722} INFO - Setting next_dagrun for a_foobar_bash_dag to None, run_after=None
[2023-12-04T22:08:24.566+0000] {processor.py:179} INFO - Processing /opt/airflow/dags/a_foobar_bash_dag.py took 0.680 seconds
[2023-12-04T22:09:06.561+0000] {processor.py:157} INFO - Started process (PID=3432) to work on /opt/airflow/dags/a_foobar_bash_dag.py
[2023-12-04T22:09:06.783+0000] {processor.py:829} INFO - Processing file /opt/airflow/dags/a_foobar_bash_dag.py for tasks to queue
[2023-12-04T22:09:06.789+0000] {logging_mixin.py:154} INFO - [2023-12-04T22:09:06.788+0000] {dagbag.py:536} INFO - Filling up the DagBag from /opt/airflow/dags/a_foobar_bash_dag.py
[2023-12-04T22:09:06.802+0000] {processor.py:839} INFO - DAG(s) dict_keys(['a_foobar_bash_dag']) retrieved from /opt/airflow/dags/a_foobar_bash_dag.py
[2023-12-04T22:09:06.836+0000] {logging_mixin.py:154} INFO - [2023-12-04T22:09:06.836+0000] {dag.py:2941} INFO - Sync 1 DAGs
[2023-12-04T22:09:06.852+0000] {logging_mixin.py:154} INFO - [2023-12-04T22:09:06.852+0000] {dag.py:3722} INFO - Setting next_dagrun for a_foobar_bash_dag to None, run_after=None
[2023-12-04T22:09:06.894+0000] {processor.py:179} INFO - Processing /opt/airflow/dags/a_foobar_bash_dag.py took 0.377 seconds
[2023-12-04T22:09:37.583+0000] {processor.py:157} INFO - Started process (PID=3489) to work on /opt/airflow/dags/a_foobar_bash_dag.py
[2023-12-04T22:09:37.590+0000] {processor.py:829} INFO - Processing file /opt/airflow/dags/a_foobar_bash_dag.py for tasks to queue
[2023-12-04T22:09:37.604+0000] {logging_mixin.py:154} INFO - [2023-12-04T22:09:37.603+0000] {dagbag.py:536} INFO - Filling up the DagBag from /opt/airflow/dags/a_foobar_bash_dag.py
[2023-12-04T22:09:37.643+0000] {processor.py:839} INFO - DAG(s) dict_keys(['a_foobar_bash_dag']) retrieved from /opt/airflow/dags/a_foobar_bash_dag.py
[2023-12-04T22:09:37.776+0000] {logging_mixin.py:154} INFO - [2023-12-04T22:09:37.775+0000] {dag.py:2941} INFO - Sync 1 DAGs
[2023-12-04T22:09:37.860+0000] {logging_mixin.py:154} INFO - [2023-12-04T22:09:37.858+0000] {dag.py:3722} INFO - Setting next_dagrun for a_foobar_bash_dag to None, run_after=None
[2023-12-04T22:09:37.966+0000] {processor.py:179} INFO - Processing /opt/airflow/dags/a_foobar_bash_dag.py took 0.429 seconds
[2023-12-04T22:43:36.431+0000] {processor.py:157} INFO - Started process (PID=3524) to work on /opt/airflow/dags/a_foobar_bash_dag.py
[2023-12-04T22:43:36.433+0000] {processor.py:829} INFO - Processing file /opt/airflow/dags/a_foobar_bash_dag.py for tasks to queue
[2023-12-04T22:43:36.435+0000] {logging_mixin.py:154} INFO - [2023-12-04T22:43:36.435+0000] {dagbag.py:536} INFO - Filling up the DagBag from /opt/airflow/dags/a_foobar_bash_dag.py
[2023-12-04T22:43:36.446+0000] {processor.py:839} INFO - DAG(s) dict_keys(['a_foobar_bash_dag']) retrieved from /opt/airflow/dags/a_foobar_bash_dag.py
[2023-12-04T22:43:36.482+0000] {logging_mixin.py:154} INFO - [2023-12-04T22:43:36.482+0000] {dag.py:2941} INFO - Sync 1 DAGs
[2023-12-04T22:43:36.501+0000] {logging_mixin.py:154} INFO - [2023-12-04T22:43:36.501+0000] {dag.py:3722} INFO - Setting next_dagrun for a_foobar_bash_dag to None, run_after=None
[2023-12-04T22:43:36.528+0000] {processor.py:179} INFO - Processing /opt/airflow/dags/a_foobar_bash_dag.py took 0.100 seconds
[2023-12-04T22:44:06.704+0000] {processor.py:157} INFO - Started process (PID=3580) to work on /opt/airflow/dags/a_foobar_bash_dag.py
[2023-12-04T22:44:06.719+0000] {processor.py:829} INFO - Processing file /opt/airflow/dags/a_foobar_bash_dag.py for tasks to queue
[2023-12-04T22:44:06.732+0000] {logging_mixin.py:154} INFO - [2023-12-04T22:44:06.730+0000] {dagbag.py:536} INFO - Filling up the DagBag from /opt/airflow/dags/a_foobar_bash_dag.py
[2023-12-04T22:44:06.788+0000] {processor.py:839} INFO - DAG(s) dict_keys(['a_foobar_bash_dag']) retrieved from /opt/airflow/dags/a_foobar_bash_dag.py
[2023-12-04T22:44:06.925+0000] {logging_mixin.py:154} INFO - [2023-12-04T22:44:06.924+0000] {dag.py:2941} INFO - Sync 1 DAGs
[2023-12-04T22:44:07.005+0000] {logging_mixin.py:154} INFO - [2023-12-04T22:44:07.004+0000] {dag.py:3722} INFO - Setting next_dagrun for a_foobar_bash_dag to None, run_after=None
[2023-12-04T22:44:07.130+0000] {processor.py:179} INFO - Processing /opt/airflow/dags/a_foobar_bash_dag.py took 0.457 seconds
