[2023-12-04T21:28:39.839+0000] {processor.py:157} INFO - Started process (PID=38) to work on /opt/airflow/dags/a_simple_bash_dag.py
[2023-12-04T21:28:39.841+0000] {processor.py:829} INFO - Processing file /opt/airflow/dags/a_simple_bash_dag.py for tasks to queue
[2023-12-04T21:28:39.845+0000] {logging_mixin.py:154} INFO - [2023-12-04T21:28:39.845+0000] {dagbag.py:536} INFO - Filling up the DagBag from /opt/airflow/dags/a_simple_bash_dag.py
[2023-12-04T21:28:39.869+0000] {processor.py:839} INFO - DAG(s) dict_keys(['a_simple_bash_dag']) retrieved from /opt/airflow/dags/a_simple_bash_dag.py
[2023-12-04T21:28:40.043+0000] {logging_mixin.py:154} INFO - [2023-12-04T21:28:40.043+0000] {manager.py:499} INFO - Created Permission View: %s
[2023-12-04T21:28:40.058+0000] {logging_mixin.py:154} INFO - [2023-12-04T21:28:40.058+0000] {manager.py:499} INFO - Created Permission View: %s
[2023-12-04T21:28:40.068+0000] {logging_mixin.py:154} INFO - [2023-12-04T21:28:40.068+0000] {manager.py:499} INFO - Created Permission View: %s
[2023-12-04T21:28:40.069+0000] {logging_mixin.py:154} INFO - [2023-12-04T21:28:40.069+0000] {dag.py:2941} INFO - Sync 1 DAGs
[2023-12-04T21:28:40.086+0000] {logging_mixin.py:154} INFO - [2023-12-04T21:28:40.085+0000] {dag.py:2963} INFO - Creating ORM DAG for a_simple_bash_dag
[2023-12-04T21:28:40.087+0000] {logging_mixin.py:154} INFO - [2023-12-04T21:28:40.087+0000] {dag.py:3722} INFO - Setting next_dagrun for a_simple_bash_dag to None, run_after=None
[2023-12-04T21:28:40.111+0000] {processor.py:179} INFO - Processing /opt/airflow/dags/a_simple_bash_dag.py took 0.277 seconds
[2023-12-04T21:29:10.500+0000] {processor.py:157} INFO - Started process (PID=94) to work on /opt/airflow/dags/a_simple_bash_dag.py
[2023-12-04T21:29:10.502+0000] {processor.py:829} INFO - Processing file /opt/airflow/dags/a_simple_bash_dag.py for tasks to queue
[2023-12-04T21:29:10.505+0000] {logging_mixin.py:154} INFO - [2023-12-04T21:29:10.505+0000] {dagbag.py:536} INFO - Filling up the DagBag from /opt/airflow/dags/a_simple_bash_dag.py
[2023-12-04T21:29:10.515+0000] {processor.py:839} INFO - DAG(s) dict_keys(['a_simple_bash_dag']) retrieved from /opt/airflow/dags/a_simple_bash_dag.py
[2023-12-04T21:29:10.540+0000] {logging_mixin.py:154} INFO - [2023-12-04T21:29:10.540+0000] {dag.py:2941} INFO - Sync 1 DAGs
[2023-12-04T21:29:10.557+0000] {logging_mixin.py:154} INFO - [2023-12-04T21:29:10.556+0000] {dag.py:3722} INFO - Setting next_dagrun for a_simple_bash_dag to None, run_after=None
[2023-12-04T21:29:10.581+0000] {processor.py:179} INFO - Processing /opt/airflow/dags/a_simple_bash_dag.py took 0.085 seconds
[2023-12-04T21:29:40.998+0000] {processor.py:157} INFO - Started process (PID=149) to work on /opt/airflow/dags/a_simple_bash_dag.py
[2023-12-04T21:29:41.000+0000] {processor.py:829} INFO - Processing file /opt/airflow/dags/a_simple_bash_dag.py for tasks to queue
[2023-12-04T21:29:41.003+0000] {logging_mixin.py:154} INFO - [2023-12-04T21:29:41.003+0000] {dagbag.py:536} INFO - Filling up the DagBag from /opt/airflow/dags/a_simple_bash_dag.py
[2023-12-04T21:29:41.013+0000] {processor.py:839} INFO - DAG(s) dict_keys(['a_simple_bash_dag']) retrieved from /opt/airflow/dags/a_simple_bash_dag.py
[2023-12-04T21:29:41.039+0000] {logging_mixin.py:154} INFO - [2023-12-04T21:29:41.039+0000] {dag.py:2941} INFO - Sync 1 DAGs
[2023-12-04T21:29:41.056+0000] {logging_mixin.py:154} INFO - [2023-12-04T21:29:41.056+0000] {dag.py:3722} INFO - Setting next_dagrun for a_simple_bash_dag to None, run_after=None
[2023-12-04T21:29:41.083+0000] {processor.py:179} INFO - Processing /opt/airflow/dags/a_simple_bash_dag.py took 0.090 seconds
[2023-12-04T21:30:11.523+0000] {processor.py:157} INFO - Started process (PID=204) to work on /opt/airflow/dags/a_simple_bash_dag.py
[2023-12-04T21:30:11.525+0000] {processor.py:829} INFO - Processing file /opt/airflow/dags/a_simple_bash_dag.py for tasks to queue
[2023-12-04T21:30:11.528+0000] {logging_mixin.py:154} INFO - [2023-12-04T21:30:11.527+0000] {dagbag.py:536} INFO - Filling up the DagBag from /opt/airflow/dags/a_simple_bash_dag.py
[2023-12-04T21:30:11.538+0000] {processor.py:839} INFO - DAG(s) dict_keys(['a_simple_bash_dag']) retrieved from /opt/airflow/dags/a_simple_bash_dag.py
[2023-12-04T21:30:11.564+0000] {logging_mixin.py:154} INFO - [2023-12-04T21:30:11.563+0000] {dag.py:2941} INFO - Sync 1 DAGs
[2023-12-04T21:30:11.580+0000] {logging_mixin.py:154} INFO - [2023-12-04T21:30:11.580+0000] {dag.py:3722} INFO - Setting next_dagrun for a_simple_bash_dag to None, run_after=None
[2023-12-04T21:30:11.601+0000] {processor.py:179} INFO - Processing /opt/airflow/dags/a_simple_bash_dag.py took 0.082 seconds
[2023-12-04T21:30:41.834+0000] {processor.py:157} INFO - Started process (PID=259) to work on /opt/airflow/dags/a_simple_bash_dag.py
[2023-12-04T21:30:41.835+0000] {processor.py:829} INFO - Processing file /opt/airflow/dags/a_simple_bash_dag.py for tasks to queue
[2023-12-04T21:30:41.839+0000] {logging_mixin.py:154} INFO - [2023-12-04T21:30:41.839+0000] {dagbag.py:536} INFO - Filling up the DagBag from /opt/airflow/dags/a_simple_bash_dag.py
[2023-12-04T21:30:41.849+0000] {processor.py:839} INFO - DAG(s) dict_keys(['a_simple_bash_dag']) retrieved from /opt/airflow/dags/a_simple_bash_dag.py
[2023-12-04T21:30:41.874+0000] {logging_mixin.py:154} INFO - [2023-12-04T21:30:41.874+0000] {dag.py:2941} INFO - Sync 1 DAGs
[2023-12-04T21:30:41.891+0000] {logging_mixin.py:154} INFO - [2023-12-04T21:30:41.890+0000] {dag.py:3722} INFO - Setting next_dagrun for a_simple_bash_dag to None, run_after=None
[2023-12-04T21:30:41.912+0000] {processor.py:179} INFO - Processing /opt/airflow/dags/a_simple_bash_dag.py took 0.082 seconds
[2023-12-04T21:31:12.033+0000] {processor.py:157} INFO - Started process (PID=314) to work on /opt/airflow/dags/a_simple_bash_dag.py
[2023-12-04T21:31:12.034+0000] {processor.py:829} INFO - Processing file /opt/airflow/dags/a_simple_bash_dag.py for tasks to queue
[2023-12-04T21:31:12.038+0000] {logging_mixin.py:154} INFO - [2023-12-04T21:31:12.037+0000] {dagbag.py:536} INFO - Filling up the DagBag from /opt/airflow/dags/a_simple_bash_dag.py
[2023-12-04T21:31:12.048+0000] {processor.py:839} INFO - DAG(s) dict_keys(['a_simple_bash_dag']) retrieved from /opt/airflow/dags/a_simple_bash_dag.py
[2023-12-04T21:31:12.073+0000] {logging_mixin.py:154} INFO - [2023-12-04T21:31:12.073+0000] {dag.py:2941} INFO - Sync 1 DAGs
[2023-12-04T21:31:12.091+0000] {logging_mixin.py:154} INFO - [2023-12-04T21:31:12.090+0000] {dag.py:3722} INFO - Setting next_dagrun for a_simple_bash_dag to None, run_after=None
[2023-12-04T21:31:12.113+0000] {processor.py:179} INFO - Processing /opt/airflow/dags/a_simple_bash_dag.py took 0.084 seconds
[2023-12-04T21:31:42.342+0000] {processor.py:157} INFO - Started process (PID=369) to work on /opt/airflow/dags/a_simple_bash_dag.py
[2023-12-04T21:31:42.344+0000] {processor.py:829} INFO - Processing file /opt/airflow/dags/a_simple_bash_dag.py for tasks to queue
[2023-12-04T21:31:42.348+0000] {logging_mixin.py:154} INFO - [2023-12-04T21:31:42.347+0000] {dagbag.py:536} INFO - Filling up the DagBag from /opt/airflow/dags/a_simple_bash_dag.py
[2023-12-04T21:31:42.358+0000] {processor.py:839} INFO - DAG(s) dict_keys(['a_simple_bash_dag']) retrieved from /opt/airflow/dags/a_simple_bash_dag.py
[2023-12-04T21:31:42.385+0000] {logging_mixin.py:154} INFO - [2023-12-04T21:31:42.385+0000] {dag.py:2941} INFO - Sync 1 DAGs
[2023-12-04T21:31:42.404+0000] {logging_mixin.py:154} INFO - [2023-12-04T21:31:42.404+0000] {dag.py:3722} INFO - Setting next_dagrun for a_simple_bash_dag to None, run_after=None
[2023-12-04T21:31:42.432+0000] {processor.py:179} INFO - Processing /opt/airflow/dags/a_simple_bash_dag.py took 0.095 seconds
[2023-12-04T21:32:12.902+0000] {processor.py:157} INFO - Started process (PID=424) to work on /opt/airflow/dags/a_simple_bash_dag.py
[2023-12-04T21:32:12.904+0000] {processor.py:829} INFO - Processing file /opt/airflow/dags/a_simple_bash_dag.py for tasks to queue
[2023-12-04T21:32:12.907+0000] {logging_mixin.py:154} INFO - [2023-12-04T21:32:12.907+0000] {dagbag.py:536} INFO - Filling up the DagBag from /opt/airflow/dags/a_simple_bash_dag.py
[2023-12-04T21:32:12.917+0000] {processor.py:839} INFO - DAG(s) dict_keys(['a_simple_bash_dag']) retrieved from /opt/airflow/dags/a_simple_bash_dag.py
[2023-12-04T21:32:12.948+0000] {logging_mixin.py:154} INFO - [2023-12-04T21:32:12.948+0000] {dag.py:2941} INFO - Sync 1 DAGs
[2023-12-04T21:32:12.965+0000] {logging_mixin.py:154} INFO - [2023-12-04T21:32:12.965+0000] {dag.py:3722} INFO - Setting next_dagrun for a_simple_bash_dag to None, run_after=None
[2023-12-04T21:32:12.988+0000] {processor.py:179} INFO - Processing /opt/airflow/dags/a_simple_bash_dag.py took 0.090 seconds
[2023-12-04T21:32:43.253+0000] {processor.py:157} INFO - Started process (PID=480) to work on /opt/airflow/dags/a_simple_bash_dag.py
[2023-12-04T21:32:43.254+0000] {processor.py:829} INFO - Processing file /opt/airflow/dags/a_simple_bash_dag.py for tasks to queue
[2023-12-04T21:32:43.258+0000] {logging_mixin.py:154} INFO - [2023-12-04T21:32:43.257+0000] {dagbag.py:536} INFO - Filling up the DagBag from /opt/airflow/dags/a_simple_bash_dag.py
[2023-12-04T21:32:43.267+0000] {processor.py:839} INFO - DAG(s) dict_keys(['a_simple_bash_dag']) retrieved from /opt/airflow/dags/a_simple_bash_dag.py
[2023-12-04T21:32:43.292+0000] {logging_mixin.py:154} INFO - [2023-12-04T21:32:43.292+0000] {dag.py:2941} INFO - Sync 1 DAGs
[2023-12-04T21:32:43.310+0000] {logging_mixin.py:154} INFO - [2023-12-04T21:32:43.310+0000] {dag.py:3722} INFO - Setting next_dagrun for a_simple_bash_dag to None, run_after=None
[2023-12-04T21:32:43.333+0000] {processor.py:179} INFO - Processing /opt/airflow/dags/a_simple_bash_dag.py took 0.084 seconds
[2023-12-04T21:33:13.465+0000] {processor.py:157} INFO - Started process (PID=535) to work on /opt/airflow/dags/a_simple_bash_dag.py
[2023-12-04T21:33:13.468+0000] {processor.py:829} INFO - Processing file /opt/airflow/dags/a_simple_bash_dag.py for tasks to queue
[2023-12-04T21:33:13.471+0000] {logging_mixin.py:154} INFO - [2023-12-04T21:33:13.471+0000] {dagbag.py:536} INFO - Filling up the DagBag from /opt/airflow/dags/a_simple_bash_dag.py
[2023-12-04T21:33:13.481+0000] {processor.py:839} INFO - DAG(s) dict_keys(['a_simple_bash_dag']) retrieved from /opt/airflow/dags/a_simple_bash_dag.py
[2023-12-04T21:33:13.505+0000] {logging_mixin.py:154} INFO - [2023-12-04T21:33:13.505+0000] {dag.py:2941} INFO - Sync 1 DAGs
[2023-12-04T21:33:13.521+0000] {logging_mixin.py:154} INFO - [2023-12-04T21:33:13.521+0000] {dag.py:3722} INFO - Setting next_dagrun for a_simple_bash_dag to None, run_after=None
[2023-12-04T21:33:13.543+0000] {processor.py:179} INFO - Processing /opt/airflow/dags/a_simple_bash_dag.py took 0.082 seconds
[2023-12-04T21:33:44.112+0000] {processor.py:157} INFO - Started process (PID=590) to work on /opt/airflow/dags/a_simple_bash_dag.py
[2023-12-04T21:33:44.114+0000] {processor.py:829} INFO - Processing file /opt/airflow/dags/a_simple_bash_dag.py for tasks to queue
[2023-12-04T21:33:44.116+0000] {logging_mixin.py:154} INFO - [2023-12-04T21:33:44.116+0000] {dagbag.py:536} INFO - Filling up the DagBag from /opt/airflow/dags/a_simple_bash_dag.py
[2023-12-04T21:33:44.124+0000] {processor.py:839} INFO - DAG(s) dict_keys(['a_simple_bash_dag']) retrieved from /opt/airflow/dags/a_simple_bash_dag.py
[2023-12-04T21:33:44.146+0000] {logging_mixin.py:154} INFO - [2023-12-04T21:33:44.146+0000] {dag.py:2941} INFO - Sync 1 DAGs
[2023-12-04T21:33:44.160+0000] {logging_mixin.py:154} INFO - [2023-12-04T21:33:44.160+0000] {dag.py:3722} INFO - Setting next_dagrun for a_simple_bash_dag to None, run_after=None
[2023-12-04T21:33:44.181+0000] {processor.py:179} INFO - Processing /opt/airflow/dags/a_simple_bash_dag.py took 0.072 seconds
[2023-12-04T21:34:14.313+0000] {processor.py:157} INFO - Started process (PID=645) to work on /opt/airflow/dags/a_simple_bash_dag.py
[2023-12-04T21:34:14.315+0000] {processor.py:829} INFO - Processing file /opt/airflow/dags/a_simple_bash_dag.py for tasks to queue
[2023-12-04T21:34:14.318+0000] {logging_mixin.py:154} INFO - [2023-12-04T21:34:14.317+0000] {dagbag.py:536} INFO - Filling up the DagBag from /opt/airflow/dags/a_simple_bash_dag.py
[2023-12-04T21:34:14.328+0000] {processor.py:839} INFO - DAG(s) dict_keys(['a_simple_bash_dag']) retrieved from /opt/airflow/dags/a_simple_bash_dag.py
[2023-12-04T21:34:14.353+0000] {logging_mixin.py:154} INFO - [2023-12-04T21:34:14.353+0000] {dag.py:2941} INFO - Sync 1 DAGs
[2023-12-04T21:34:14.370+0000] {logging_mixin.py:154} INFO - [2023-12-04T21:34:14.370+0000] {dag.py:3722} INFO - Setting next_dagrun for a_simple_bash_dag to None, run_after=None
[2023-12-04T21:34:14.393+0000] {processor.py:179} INFO - Processing /opt/airflow/dags/a_simple_bash_dag.py took 0.085 seconds
[2023-12-04T21:34:44.793+0000] {processor.py:157} INFO - Started process (PID=700) to work on /opt/airflow/dags/a_simple_bash_dag.py
[2023-12-04T21:34:44.794+0000] {processor.py:829} INFO - Processing file /opt/airflow/dags/a_simple_bash_dag.py for tasks to queue
[2023-12-04T21:34:44.798+0000] {logging_mixin.py:154} INFO - [2023-12-04T21:34:44.798+0000] {dagbag.py:536} INFO - Filling up the DagBag from /opt/airflow/dags/a_simple_bash_dag.py
[2023-12-04T21:34:44.809+0000] {processor.py:839} INFO - DAG(s) dict_keys(['a_simple_bash_dag']) retrieved from /opt/airflow/dags/a_simple_bash_dag.py
[2023-12-04T21:34:44.835+0000] {logging_mixin.py:154} INFO - [2023-12-04T21:34:44.835+0000] {dag.py:2941} INFO - Sync 1 DAGs
[2023-12-04T21:34:44.854+0000] {logging_mixin.py:154} INFO - [2023-12-04T21:34:44.853+0000] {dag.py:3722} INFO - Setting next_dagrun for a_simple_bash_dag to None, run_after=None
[2023-12-04T21:34:44.878+0000] {processor.py:179} INFO - Processing /opt/airflow/dags/a_simple_bash_dag.py took 0.090 seconds
[2023-12-04T21:35:15.277+0000] {processor.py:157} INFO - Started process (PID=755) to work on /opt/airflow/dags/a_simple_bash_dag.py
[2023-12-04T21:35:15.279+0000] {processor.py:829} INFO - Processing file /opt/airflow/dags/a_simple_bash_dag.py for tasks to queue
[2023-12-04T21:35:15.282+0000] {logging_mixin.py:154} INFO - [2023-12-04T21:35:15.282+0000] {dagbag.py:536} INFO - Filling up the DagBag from /opt/airflow/dags/a_simple_bash_dag.py
[2023-12-04T21:35:15.293+0000] {processor.py:839} INFO - DAG(s) dict_keys(['a_simple_bash_dag']) retrieved from /opt/airflow/dags/a_simple_bash_dag.py
[2023-12-04T21:35:15.318+0000] {logging_mixin.py:154} INFO - [2023-12-04T21:35:15.318+0000] {dag.py:2941} INFO - Sync 1 DAGs
[2023-12-04T21:35:15.335+0000] {logging_mixin.py:154} INFO - [2023-12-04T21:35:15.335+0000] {dag.py:3722} INFO - Setting next_dagrun for a_simple_bash_dag to None, run_after=None
[2023-12-04T21:35:15.358+0000] {processor.py:179} INFO - Processing /opt/airflow/dags/a_simple_bash_dag.py took 0.085 seconds
[2023-12-04T21:35:45.437+0000] {processor.py:157} INFO - Started process (PID=810) to work on /opt/airflow/dags/a_simple_bash_dag.py
[2023-12-04T21:35:45.439+0000] {processor.py:829} INFO - Processing file /opt/airflow/dags/a_simple_bash_dag.py for tasks to queue
[2023-12-04T21:35:45.442+0000] {logging_mixin.py:154} INFO - [2023-12-04T21:35:45.441+0000] {dagbag.py:536} INFO - Filling up the DagBag from /opt/airflow/dags/a_simple_bash_dag.py
[2023-12-04T21:35:45.452+0000] {processor.py:839} INFO - DAG(s) dict_keys(['a_simple_bash_dag']) retrieved from /opt/airflow/dags/a_simple_bash_dag.py
[2023-12-04T21:35:45.480+0000] {logging_mixin.py:154} INFO - [2023-12-04T21:35:45.479+0000] {dag.py:2941} INFO - Sync 1 DAGs
[2023-12-04T21:35:45.498+0000] {logging_mixin.py:154} INFO - [2023-12-04T21:35:45.497+0000] {dag.py:3722} INFO - Setting next_dagrun for a_simple_bash_dag to None, run_after=None
[2023-12-04T21:35:45.524+0000] {processor.py:179} INFO - Processing /opt/airflow/dags/a_simple_bash_dag.py took 0.090 seconds
[2023-12-04T21:36:15.673+0000] {processor.py:157} INFO - Started process (PID=865) to work on /opt/airflow/dags/a_simple_bash_dag.py
[2023-12-04T21:36:15.674+0000] {processor.py:829} INFO - Processing file /opt/airflow/dags/a_simple_bash_dag.py for tasks to queue
[2023-12-04T21:36:15.677+0000] {logging_mixin.py:154} INFO - [2023-12-04T21:36:15.677+0000] {dagbag.py:536} INFO - Filling up the DagBag from /opt/airflow/dags/a_simple_bash_dag.py
[2023-12-04T21:36:15.686+0000] {processor.py:839} INFO - DAG(s) dict_keys(['a_simple_bash_dag']) retrieved from /opt/airflow/dags/a_simple_bash_dag.py
[2023-12-04T21:36:15.713+0000] {logging_mixin.py:154} INFO - [2023-12-04T21:36:15.713+0000] {dag.py:2941} INFO - Sync 1 DAGs
[2023-12-04T21:36:15.730+0000] {logging_mixin.py:154} INFO - [2023-12-04T21:36:15.730+0000] {dag.py:3722} INFO - Setting next_dagrun for a_simple_bash_dag to None, run_after=None
[2023-12-04T21:36:15.755+0000] {processor.py:179} INFO - Processing /opt/airflow/dags/a_simple_bash_dag.py took 0.087 seconds
[2023-12-04T21:36:45.983+0000] {processor.py:157} INFO - Started process (PID=920) to work on /opt/airflow/dags/a_simple_bash_dag.py
[2023-12-04T21:36:45.984+0000] {processor.py:829} INFO - Processing file /opt/airflow/dags/a_simple_bash_dag.py for tasks to queue
[2023-12-04T21:36:45.988+0000] {logging_mixin.py:154} INFO - [2023-12-04T21:36:45.988+0000] {dagbag.py:536} INFO - Filling up the DagBag from /opt/airflow/dags/a_simple_bash_dag.py
[2023-12-04T21:36:45.999+0000] {processor.py:839} INFO - DAG(s) dict_keys(['a_simple_bash_dag']) retrieved from /opt/airflow/dags/a_simple_bash_dag.py
[2023-12-04T21:36:46.027+0000] {logging_mixin.py:154} INFO - [2023-12-04T21:36:46.026+0000] {dag.py:2941} INFO - Sync 1 DAGs
[2023-12-04T21:36:46.048+0000] {logging_mixin.py:154} INFO - [2023-12-04T21:36:46.048+0000] {dag.py:3722} INFO - Setting next_dagrun for a_simple_bash_dag to None, run_after=None
[2023-12-04T21:36:46.080+0000] {processor.py:179} INFO - Processing /opt/airflow/dags/a_simple_bash_dag.py took 0.101 seconds
[2023-12-04T21:37:16.405+0000] {processor.py:157} INFO - Started process (PID=975) to work on /opt/airflow/dags/a_simple_bash_dag.py
[2023-12-04T21:37:16.406+0000] {processor.py:829} INFO - Processing file /opt/airflow/dags/a_simple_bash_dag.py for tasks to queue
[2023-12-04T21:37:16.409+0000] {logging_mixin.py:154} INFO - [2023-12-04T21:37:16.409+0000] {dagbag.py:536} INFO - Filling up the DagBag from /opt/airflow/dags/a_simple_bash_dag.py
[2023-12-04T21:37:16.419+0000] {processor.py:839} INFO - DAG(s) dict_keys(['a_simple_bash_dag']) retrieved from /opt/airflow/dags/a_simple_bash_dag.py
[2023-12-04T21:37:16.446+0000] {logging_mixin.py:154} INFO - [2023-12-04T21:37:16.445+0000] {dag.py:2941} INFO - Sync 1 DAGs
[2023-12-04T21:37:16.463+0000] {logging_mixin.py:154} INFO - [2023-12-04T21:37:16.463+0000] {dag.py:3722} INFO - Setting next_dagrun for a_simple_bash_dag to None, run_after=None
[2023-12-04T21:37:16.486+0000] {processor.py:179} INFO - Processing /opt/airflow/dags/a_simple_bash_dag.py took 0.086 seconds
[2023-12-04T21:37:46.757+0000] {processor.py:157} INFO - Started process (PID=1030) to work on /opt/airflow/dags/a_simple_bash_dag.py
[2023-12-04T21:37:46.759+0000] {processor.py:829} INFO - Processing file /opt/airflow/dags/a_simple_bash_dag.py for tasks to queue
[2023-12-04T21:37:46.763+0000] {logging_mixin.py:154} INFO - [2023-12-04T21:37:46.762+0000] {dagbag.py:536} INFO - Filling up the DagBag from /opt/airflow/dags/a_simple_bash_dag.py
[2023-12-04T21:37:46.773+0000] {processor.py:839} INFO - DAG(s) dict_keys(['a_simple_bash_dag']) retrieved from /opt/airflow/dags/a_simple_bash_dag.py
[2023-12-04T21:37:46.802+0000] {logging_mixin.py:154} INFO - [2023-12-04T21:37:46.802+0000] {dag.py:2941} INFO - Sync 1 DAGs
[2023-12-04T21:37:46.822+0000] {logging_mixin.py:154} INFO - [2023-12-04T21:37:46.822+0000] {dag.py:3722} INFO - Setting next_dagrun for a_simple_bash_dag to None, run_after=None
[2023-12-04T21:37:46.850+0000] {processor.py:179} INFO - Processing /opt/airflow/dags/a_simple_bash_dag.py took 0.097 seconds
[2023-12-04T21:38:17.083+0000] {processor.py:157} INFO - Started process (PID=1086) to work on /opt/airflow/dags/a_simple_bash_dag.py
[2023-12-04T21:38:17.085+0000] {processor.py:829} INFO - Processing file /opt/airflow/dags/a_simple_bash_dag.py for tasks to queue
[2023-12-04T21:38:17.088+0000] {logging_mixin.py:154} INFO - [2023-12-04T21:38:17.087+0000] {dagbag.py:536} INFO - Filling up the DagBag from /opt/airflow/dags/a_simple_bash_dag.py
[2023-12-04T21:38:17.098+0000] {processor.py:839} INFO - DAG(s) dict_keys(['a_simple_bash_dag']) retrieved from /opt/airflow/dags/a_simple_bash_dag.py
[2023-12-04T21:38:17.125+0000] {logging_mixin.py:154} INFO - [2023-12-04T21:38:17.125+0000] {dag.py:2941} INFO - Sync 1 DAGs
[2023-12-04T21:38:17.142+0000] {logging_mixin.py:154} INFO - [2023-12-04T21:38:17.142+0000] {dag.py:3722} INFO - Setting next_dagrun for a_simple_bash_dag to None, run_after=None
[2023-12-04T21:38:17.168+0000] {processor.py:179} INFO - Processing /opt/airflow/dags/a_simple_bash_dag.py took 0.090 seconds
[2023-12-04T21:38:47.512+0000] {processor.py:157} INFO - Started process (PID=1141) to work on /opt/airflow/dags/a_simple_bash_dag.py
[2023-12-04T21:38:47.514+0000] {processor.py:829} INFO - Processing file /opt/airflow/dags/a_simple_bash_dag.py for tasks to queue
[2023-12-04T21:38:47.518+0000] {logging_mixin.py:154} INFO - [2023-12-04T21:38:47.518+0000] {dagbag.py:536} INFO - Filling up the DagBag from /opt/airflow/dags/a_simple_bash_dag.py
[2023-12-04T21:38:47.529+0000] {processor.py:839} INFO - DAG(s) dict_keys(['a_simple_bash_dag']) retrieved from /opt/airflow/dags/a_simple_bash_dag.py
[2023-12-04T21:38:47.555+0000] {logging_mixin.py:154} INFO - [2023-12-04T21:38:47.555+0000] {dag.py:2941} INFO - Sync 1 DAGs
[2023-12-04T21:38:47.574+0000] {logging_mixin.py:154} INFO - [2023-12-04T21:38:47.574+0000] {dag.py:3722} INFO - Setting next_dagrun for a_simple_bash_dag to None, run_after=None
[2023-12-04T21:38:47.604+0000] {processor.py:179} INFO - Processing /opt/airflow/dags/a_simple_bash_dag.py took 0.097 seconds
[2023-12-04T21:39:17.901+0000] {processor.py:157} INFO - Started process (PID=1196) to work on /opt/airflow/dags/a_simple_bash_dag.py
[2023-12-04T21:39:17.903+0000] {processor.py:829} INFO - Processing file /opt/airflow/dags/a_simple_bash_dag.py for tasks to queue
[2023-12-04T21:39:17.907+0000] {logging_mixin.py:154} INFO - [2023-12-04T21:39:17.906+0000] {dagbag.py:536} INFO - Filling up the DagBag from /opt/airflow/dags/a_simple_bash_dag.py
[2023-12-04T21:39:17.917+0000] {processor.py:839} INFO - DAG(s) dict_keys(['a_simple_bash_dag']) retrieved from /opt/airflow/dags/a_simple_bash_dag.py
[2023-12-04T21:39:17.946+0000] {logging_mixin.py:154} INFO - [2023-12-04T21:39:17.946+0000] {dag.py:2941} INFO - Sync 1 DAGs
[2023-12-04T21:39:17.967+0000] {logging_mixin.py:154} INFO - [2023-12-04T21:39:17.967+0000] {dag.py:3722} INFO - Setting next_dagrun for a_simple_bash_dag to None, run_after=None
[2023-12-04T21:39:17.993+0000] {processor.py:179} INFO - Processing /opt/airflow/dags/a_simple_bash_dag.py took 0.096 seconds
[2023-12-04T21:39:48.319+0000] {processor.py:157} INFO - Started process (PID=1251) to work on /opt/airflow/dags/a_simple_bash_dag.py
[2023-12-04T21:39:48.321+0000] {processor.py:829} INFO - Processing file /opt/airflow/dags/a_simple_bash_dag.py for tasks to queue
[2023-12-04T21:39:48.327+0000] {logging_mixin.py:154} INFO - [2023-12-04T21:39:48.327+0000] {dagbag.py:536} INFO - Filling up the DagBag from /opt/airflow/dags/a_simple_bash_dag.py
[2023-12-04T21:39:48.339+0000] {processor.py:839} INFO - DAG(s) dict_keys(['a_simple_bash_dag']) retrieved from /opt/airflow/dags/a_simple_bash_dag.py
[2023-12-04T21:39:48.365+0000] {logging_mixin.py:154} INFO - [2023-12-04T21:39:48.365+0000] {dag.py:2941} INFO - Sync 1 DAGs
[2023-12-04T21:39:48.383+0000] {logging_mixin.py:154} INFO - [2023-12-04T21:39:48.382+0000] {dag.py:3722} INFO - Setting next_dagrun for a_simple_bash_dag to None, run_after=None
[2023-12-04T21:39:48.411+0000] {processor.py:179} INFO - Processing /opt/airflow/dags/a_simple_bash_dag.py took 0.096 seconds
[2023-12-04T21:40:18.532+0000] {processor.py:157} INFO - Started process (PID=1306) to work on /opt/airflow/dags/a_simple_bash_dag.py
[2023-12-04T21:40:18.534+0000] {processor.py:829} INFO - Processing file /opt/airflow/dags/a_simple_bash_dag.py for tasks to queue
[2023-12-04T21:40:18.537+0000] {logging_mixin.py:154} INFO - [2023-12-04T21:40:18.537+0000] {dagbag.py:536} INFO - Filling up the DagBag from /opt/airflow/dags/a_simple_bash_dag.py
[2023-12-04T21:40:18.547+0000] {processor.py:839} INFO - DAG(s) dict_keys(['a_simple_bash_dag']) retrieved from /opt/airflow/dags/a_simple_bash_dag.py
[2023-12-04T21:40:18.573+0000] {logging_mixin.py:154} INFO - [2023-12-04T21:40:18.573+0000] {dag.py:2941} INFO - Sync 1 DAGs
[2023-12-04T21:40:18.590+0000] {logging_mixin.py:154} INFO - [2023-12-04T21:40:18.590+0000] {dag.py:3722} INFO - Setting next_dagrun for a_simple_bash_dag to None, run_after=None
[2023-12-04T21:40:18.615+0000] {processor.py:179} INFO - Processing /opt/airflow/dags/a_simple_bash_dag.py took 0.087 seconds
[2023-12-04T21:40:48.876+0000] {processor.py:157} INFO - Started process (PID=1361) to work on /opt/airflow/dags/a_simple_bash_dag.py
[2023-12-04T21:40:48.877+0000] {processor.py:829} INFO - Processing file /opt/airflow/dags/a_simple_bash_dag.py for tasks to queue
[2023-12-04T21:40:48.880+0000] {logging_mixin.py:154} INFO - [2023-12-04T21:40:48.880+0000] {dagbag.py:536} INFO - Filling up the DagBag from /opt/airflow/dags/a_simple_bash_dag.py
[2023-12-04T21:40:48.889+0000] {processor.py:839} INFO - DAG(s) dict_keys(['a_simple_bash_dag']) retrieved from /opt/airflow/dags/a_simple_bash_dag.py
[2023-12-04T21:40:48.918+0000] {logging_mixin.py:154} INFO - [2023-12-04T21:40:48.918+0000] {dag.py:2941} INFO - Sync 1 DAGs
[2023-12-04T21:40:48.934+0000] {logging_mixin.py:154} INFO - [2023-12-04T21:40:48.933+0000] {dag.py:3722} INFO - Setting next_dagrun for a_simple_bash_dag to None, run_after=None
[2023-12-04T21:40:48.960+0000] {processor.py:179} INFO - Processing /opt/airflow/dags/a_simple_bash_dag.py took 0.088 seconds
[2023-12-04T21:41:19.333+0000] {processor.py:157} INFO - Started process (PID=1416) to work on /opt/airflow/dags/a_simple_bash_dag.py
[2023-12-04T21:41:19.335+0000] {processor.py:829} INFO - Processing file /opt/airflow/dags/a_simple_bash_dag.py for tasks to queue
[2023-12-04T21:41:19.339+0000] {logging_mixin.py:154} INFO - [2023-12-04T21:41:19.339+0000] {dagbag.py:536} INFO - Filling up the DagBag from /opt/airflow/dags/a_simple_bash_dag.py
[2023-12-04T21:41:19.348+0000] {processor.py:839} INFO - DAG(s) dict_keys(['a_simple_bash_dag']) retrieved from /opt/airflow/dags/a_simple_bash_dag.py
[2023-12-04T21:41:19.374+0000] {logging_mixin.py:154} INFO - [2023-12-04T21:41:19.373+0000] {dag.py:2941} INFO - Sync 1 DAGs
[2023-12-04T21:41:19.391+0000] {logging_mixin.py:154} INFO - [2023-12-04T21:41:19.391+0000] {dag.py:3722} INFO - Setting next_dagrun for a_simple_bash_dag to None, run_after=None
[2023-12-04T21:41:19.415+0000] {processor.py:179} INFO - Processing /opt/airflow/dags/a_simple_bash_dag.py took 0.087 seconds
[2023-12-04T21:41:49.587+0000] {processor.py:157} INFO - Started process (PID=1471) to work on /opt/airflow/dags/a_simple_bash_dag.py
[2023-12-04T21:41:49.588+0000] {processor.py:829} INFO - Processing file /opt/airflow/dags/a_simple_bash_dag.py for tasks to queue
[2023-12-04T21:41:49.592+0000] {logging_mixin.py:154} INFO - [2023-12-04T21:41:49.592+0000] {dagbag.py:536} INFO - Filling up the DagBag from /opt/airflow/dags/a_simple_bash_dag.py
[2023-12-04T21:41:49.601+0000] {processor.py:839} INFO - DAG(s) dict_keys(['a_simple_bash_dag']) retrieved from /opt/airflow/dags/a_simple_bash_dag.py
[2023-12-04T21:41:49.628+0000] {logging_mixin.py:154} INFO - [2023-12-04T21:41:49.628+0000] {dag.py:2941} INFO - Sync 1 DAGs
[2023-12-04T21:41:49.645+0000] {logging_mixin.py:154} INFO - [2023-12-04T21:41:49.645+0000] {dag.py:3722} INFO - Setting next_dagrun for a_simple_bash_dag to None, run_after=None
[2023-12-04T21:41:49.671+0000] {processor.py:179} INFO - Processing /opt/airflow/dags/a_simple_bash_dag.py took 0.088 seconds
[2023-12-04T21:42:19.791+0000] {processor.py:157} INFO - Started process (PID=1526) to work on /opt/airflow/dags/a_simple_bash_dag.py
[2023-12-04T21:42:19.792+0000] {processor.py:829} INFO - Processing file /opt/airflow/dags/a_simple_bash_dag.py for tasks to queue
[2023-12-04T21:42:19.796+0000] {logging_mixin.py:154} INFO - [2023-12-04T21:42:19.795+0000] {dagbag.py:536} INFO - Filling up the DagBag from /opt/airflow/dags/a_simple_bash_dag.py
[2023-12-04T21:42:19.805+0000] {processor.py:839} INFO - DAG(s) dict_keys(['a_simple_bash_dag']) retrieved from /opt/airflow/dags/a_simple_bash_dag.py
[2023-12-04T21:42:19.830+0000] {logging_mixin.py:154} INFO - [2023-12-04T21:42:19.830+0000] {dag.py:2941} INFO - Sync 1 DAGs
[2023-12-04T21:42:19.848+0000] {logging_mixin.py:154} INFO - [2023-12-04T21:42:19.848+0000] {dag.py:3722} INFO - Setting next_dagrun for a_simple_bash_dag to None, run_after=None
[2023-12-04T21:42:19.873+0000] {processor.py:179} INFO - Processing /opt/airflow/dags/a_simple_bash_dag.py took 0.087 seconds
[2023-12-04T21:42:50.105+0000] {processor.py:157} INFO - Started process (PID=1581) to work on /opt/airflow/dags/a_simple_bash_dag.py
[2023-12-04T21:42:50.106+0000] {processor.py:829} INFO - Processing file /opt/airflow/dags/a_simple_bash_dag.py for tasks to queue
[2023-12-04T21:42:50.109+0000] {logging_mixin.py:154} INFO - [2023-12-04T21:42:50.109+0000] {dagbag.py:536} INFO - Filling up the DagBag from /opt/airflow/dags/a_simple_bash_dag.py
[2023-12-04T21:42:50.119+0000] {processor.py:839} INFO - DAG(s) dict_keys(['a_simple_bash_dag']) retrieved from /opt/airflow/dags/a_simple_bash_dag.py
[2023-12-04T21:42:50.144+0000] {logging_mixin.py:154} INFO - [2023-12-04T21:42:50.143+0000] {dag.py:2941} INFO - Sync 1 DAGs
[2023-12-04T21:42:50.161+0000] {logging_mixin.py:154} INFO - [2023-12-04T21:42:50.160+0000] {dag.py:3722} INFO - Setting next_dagrun for a_simple_bash_dag to None, run_after=None
[2023-12-04T21:42:50.185+0000] {processor.py:179} INFO - Processing /opt/airflow/dags/a_simple_bash_dag.py took 0.084 seconds
[2023-12-04T21:43:20.223+0000] {processor.py:157} INFO - Started process (PID=1636) to work on /opt/airflow/dags/a_simple_bash_dag.py
[2023-12-04T21:43:20.224+0000] {processor.py:829} INFO - Processing file /opt/airflow/dags/a_simple_bash_dag.py for tasks to queue
[2023-12-04T21:43:20.228+0000] {logging_mixin.py:154} INFO - [2023-12-04T21:43:20.227+0000] {dagbag.py:536} INFO - Filling up the DagBag from /opt/airflow/dags/a_simple_bash_dag.py
[2023-12-04T21:43:20.238+0000] {processor.py:839} INFO - DAG(s) dict_keys(['a_simple_bash_dag']) retrieved from /opt/airflow/dags/a_simple_bash_dag.py
[2023-12-04T21:43:20.266+0000] {logging_mixin.py:154} INFO - [2023-12-04T21:43:20.266+0000] {dag.py:2941} INFO - Sync 1 DAGs
[2023-12-04T21:43:20.286+0000] {logging_mixin.py:154} INFO - [2023-12-04T21:43:20.286+0000] {dag.py:3722} INFO - Setting next_dagrun for a_simple_bash_dag to None, run_after=None
[2023-12-04T21:43:20.310+0000] {processor.py:179} INFO - Processing /opt/airflow/dags/a_simple_bash_dag.py took 0.092 seconds
[2023-12-04T21:43:51.038+0000] {processor.py:157} INFO - Started process (PID=1692) to work on /opt/airflow/dags/a_simple_bash_dag.py
[2023-12-04T21:43:51.040+0000] {processor.py:829} INFO - Processing file /opt/airflow/dags/a_simple_bash_dag.py for tasks to queue
[2023-12-04T21:43:51.043+0000] {logging_mixin.py:154} INFO - [2023-12-04T21:43:51.042+0000] {dagbag.py:536} INFO - Filling up the DagBag from /opt/airflow/dags/a_simple_bash_dag.py
[2023-12-04T21:43:51.053+0000] {processor.py:839} INFO - DAG(s) dict_keys(['a_simple_bash_dag']) retrieved from /opt/airflow/dags/a_simple_bash_dag.py
[2023-12-04T21:43:51.081+0000] {logging_mixin.py:154} INFO - [2023-12-04T21:43:51.081+0000] {dag.py:2941} INFO - Sync 1 DAGs
[2023-12-04T21:43:51.102+0000] {logging_mixin.py:154} INFO - [2023-12-04T21:43:51.101+0000] {dag.py:3722} INFO - Setting next_dagrun for a_simple_bash_dag to None, run_after=None
[2023-12-04T21:43:51.128+0000] {processor.py:179} INFO - Processing /opt/airflow/dags/a_simple_bash_dag.py took 0.095 seconds
[2023-12-04T21:44:21.428+0000] {processor.py:157} INFO - Started process (PID=1749) to work on /opt/airflow/dags/a_simple_bash_dag.py
[2023-12-04T21:44:21.430+0000] {processor.py:829} INFO - Processing file /opt/airflow/dags/a_simple_bash_dag.py for tasks to queue
[2023-12-04T21:44:21.434+0000] {logging_mixin.py:154} INFO - [2023-12-04T21:44:21.433+0000] {dagbag.py:536} INFO - Filling up the DagBag from /opt/airflow/dags/a_simple_bash_dag.py
[2023-12-04T21:44:21.444+0000] {processor.py:839} INFO - DAG(s) dict_keys(['a_simple_bash_dag']) retrieved from /opt/airflow/dags/a_simple_bash_dag.py
[2023-12-04T21:44:21.470+0000] {logging_mixin.py:154} INFO - [2023-12-04T21:44:21.470+0000] {dag.py:2941} INFO - Sync 1 DAGs
[2023-12-04T21:44:21.487+0000] {logging_mixin.py:154} INFO - [2023-12-04T21:44:21.486+0000] {dag.py:3722} INFO - Setting next_dagrun for a_simple_bash_dag to None, run_after=None
[2023-12-04T21:44:21.509+0000] {processor.py:179} INFO - Processing /opt/airflow/dags/a_simple_bash_dag.py took 0.085 seconds
[2023-12-04T21:44:52.050+0000] {processor.py:157} INFO - Started process (PID=1805) to work on /opt/airflow/dags/a_simple_bash_dag.py
[2023-12-04T21:44:52.051+0000] {processor.py:829} INFO - Processing file /opt/airflow/dags/a_simple_bash_dag.py for tasks to queue
[2023-12-04T21:44:52.054+0000] {logging_mixin.py:154} INFO - [2023-12-04T21:44:52.054+0000] {dagbag.py:536} INFO - Filling up the DagBag from /opt/airflow/dags/a_simple_bash_dag.py
[2023-12-04T21:44:52.064+0000] {processor.py:839} INFO - DAG(s) dict_keys(['a_simple_bash_dag']) retrieved from /opt/airflow/dags/a_simple_bash_dag.py
[2023-12-04T21:44:52.089+0000] {logging_mixin.py:154} INFO - [2023-12-04T21:44:52.089+0000] {dag.py:2941} INFO - Sync 1 DAGs
[2023-12-04T21:44:52.105+0000] {logging_mixin.py:154} INFO - [2023-12-04T21:44:52.105+0000] {dag.py:3722} INFO - Setting next_dagrun for a_simple_bash_dag to None, run_after=None
[2023-12-04T21:44:52.128+0000] {processor.py:179} INFO - Processing /opt/airflow/dags/a_simple_bash_dag.py took 0.083 seconds
[2023-12-04T21:45:22.410+0000] {processor.py:157} INFO - Started process (PID=1861) to work on /opt/airflow/dags/a_simple_bash_dag.py
[2023-12-04T21:45:22.411+0000] {processor.py:829} INFO - Processing file /opt/airflow/dags/a_simple_bash_dag.py for tasks to queue
[2023-12-04T21:45:22.414+0000] {logging_mixin.py:154} INFO - [2023-12-04T21:45:22.414+0000] {dagbag.py:536} INFO - Filling up the DagBag from /opt/airflow/dags/a_simple_bash_dag.py
[2023-12-04T21:45:22.425+0000] {processor.py:839} INFO - DAG(s) dict_keys(['a_simple_bash_dag']) retrieved from /opt/airflow/dags/a_simple_bash_dag.py
[2023-12-04T21:45:22.450+0000] {logging_mixin.py:154} INFO - [2023-12-04T21:45:22.449+0000] {dag.py:2941} INFO - Sync 1 DAGs
[2023-12-04T21:45:22.467+0000] {logging_mixin.py:154} INFO - [2023-12-04T21:45:22.467+0000] {dag.py:3722} INFO - Setting next_dagrun for a_simple_bash_dag to None, run_after=None
[2023-12-04T21:45:22.492+0000] {processor.py:179} INFO - Processing /opt/airflow/dags/a_simple_bash_dag.py took 0.087 seconds
[2023-12-04T21:45:52.878+0000] {processor.py:157} INFO - Started process (PID=1917) to work on /opt/airflow/dags/a_simple_bash_dag.py
[2023-12-04T21:45:52.879+0000] {processor.py:829} INFO - Processing file /opt/airflow/dags/a_simple_bash_dag.py for tasks to queue
[2023-12-04T21:45:52.882+0000] {logging_mixin.py:154} INFO - [2023-12-04T21:45:52.882+0000] {dagbag.py:536} INFO - Filling up the DagBag from /opt/airflow/dags/a_simple_bash_dag.py
[2023-12-04T21:45:52.892+0000] {processor.py:839} INFO - DAG(s) dict_keys(['a_simple_bash_dag']) retrieved from /opt/airflow/dags/a_simple_bash_dag.py
[2023-12-04T21:45:52.917+0000] {logging_mixin.py:154} INFO - [2023-12-04T21:45:52.916+0000] {dag.py:2941} INFO - Sync 1 DAGs
[2023-12-04T21:45:52.934+0000] {logging_mixin.py:154} INFO - [2023-12-04T21:45:52.933+0000] {dag.py:3722} INFO - Setting next_dagrun for a_simple_bash_dag to None, run_after=None
[2023-12-04T21:45:52.955+0000] {processor.py:179} INFO - Processing /opt/airflow/dags/a_simple_bash_dag.py took 0.082 seconds
[2023-12-04T21:46:23.369+0000] {processor.py:157} INFO - Started process (PID=1973) to work on /opt/airflow/dags/a_simple_bash_dag.py
[2023-12-04T21:46:23.372+0000] {processor.py:829} INFO - Processing file /opt/airflow/dags/a_simple_bash_dag.py for tasks to queue
[2023-12-04T21:46:23.375+0000] {logging_mixin.py:154} INFO - [2023-12-04T21:46:23.375+0000] {dagbag.py:536} INFO - Filling up the DagBag from /opt/airflow/dags/a_simple_bash_dag.py
[2023-12-04T21:46:23.385+0000] {processor.py:839} INFO - DAG(s) dict_keys(['a_simple_bash_dag']) retrieved from /opt/airflow/dags/a_simple_bash_dag.py
[2023-12-04T21:46:23.412+0000] {logging_mixin.py:154} INFO - [2023-12-04T21:46:23.412+0000] {dag.py:2941} INFO - Sync 1 DAGs
[2023-12-04T21:46:23.434+0000] {logging_mixin.py:154} INFO - [2023-12-04T21:46:23.433+0000] {dag.py:3722} INFO - Setting next_dagrun for a_simple_bash_dag to None, run_after=None
[2023-12-04T21:46:23.616+0000] {processor.py:179} INFO - Processing /opt/airflow/dags/a_simple_bash_dag.py took 0.251 seconds
[2023-12-04T21:46:53.847+0000] {processor.py:157} INFO - Started process (PID=2030) to work on /opt/airflow/dags/a_simple_bash_dag.py
[2023-12-04T21:46:53.849+0000] {processor.py:829} INFO - Processing file /opt/airflow/dags/a_simple_bash_dag.py for tasks to queue
[2023-12-04T21:46:53.851+0000] {logging_mixin.py:154} INFO - [2023-12-04T21:46:53.851+0000] {dagbag.py:536} INFO - Filling up the DagBag from /opt/airflow/dags/a_simple_bash_dag.py
[2023-12-04T21:46:53.860+0000] {processor.py:839} INFO - DAG(s) dict_keys(['a_simple_bash_dag']) retrieved from /opt/airflow/dags/a_simple_bash_dag.py
[2023-12-04T21:46:53.885+0000] {logging_mixin.py:154} INFO - [2023-12-04T21:46:53.884+0000] {dag.py:2941} INFO - Sync 1 DAGs
[2023-12-04T21:46:53.901+0000] {logging_mixin.py:154} INFO - [2023-12-04T21:46:53.900+0000] {dag.py:3722} INFO - Setting next_dagrun for a_simple_bash_dag to None, run_after=None
[2023-12-04T21:46:53.922+0000] {processor.py:179} INFO - Processing /opt/airflow/dags/a_simple_bash_dag.py took 0.079 seconds
[2023-12-04T21:47:23.954+0000] {processor.py:157} INFO - Started process (PID=2086) to work on /opt/airflow/dags/a_simple_bash_dag.py
[2023-12-04T21:47:23.955+0000] {processor.py:829} INFO - Processing file /opt/airflow/dags/a_simple_bash_dag.py for tasks to queue
[2023-12-04T21:47:23.958+0000] {logging_mixin.py:154} INFO - [2023-12-04T21:47:23.958+0000] {dagbag.py:536} INFO - Filling up the DagBag from /opt/airflow/dags/a_simple_bash_dag.py
[2023-12-04T21:47:23.968+0000] {processor.py:839} INFO - DAG(s) dict_keys(['a_simple_bash_dag']) retrieved from /opt/airflow/dags/a_simple_bash_dag.py
[2023-12-04T21:47:23.992+0000] {logging_mixin.py:154} INFO - [2023-12-04T21:47:23.992+0000] {dag.py:2941} INFO - Sync 1 DAGs
[2023-12-04T21:47:24.008+0000] {logging_mixin.py:154} INFO - [2023-12-04T21:47:24.008+0000] {dag.py:3722} INFO - Setting next_dagrun for a_simple_bash_dag to None, run_after=None
[2023-12-04T21:47:24.029+0000] {processor.py:179} INFO - Processing /opt/airflow/dags/a_simple_bash_dag.py took 0.079 seconds
[2023-12-04T21:47:54.262+0000] {processor.py:157} INFO - Started process (PID=2142) to work on /opt/airflow/dags/a_simple_bash_dag.py
[2023-12-04T21:47:54.264+0000] {processor.py:829} INFO - Processing file /opt/airflow/dags/a_simple_bash_dag.py for tasks to queue
[2023-12-04T21:47:54.267+0000] {logging_mixin.py:154} INFO - [2023-12-04T21:47:54.267+0000] {dagbag.py:536} INFO - Filling up the DagBag from /opt/airflow/dags/a_simple_bash_dag.py
[2023-12-04T21:47:54.278+0000] {processor.py:839} INFO - DAG(s) dict_keys(['a_simple_bash_dag']) retrieved from /opt/airflow/dags/a_simple_bash_dag.py
[2023-12-04T21:47:54.306+0000] {logging_mixin.py:154} INFO - [2023-12-04T21:47:54.306+0000] {dag.py:2941} INFO - Sync 1 DAGs
[2023-12-04T21:47:54.325+0000] {logging_mixin.py:154} INFO - [2023-12-04T21:47:54.325+0000] {dag.py:3722} INFO - Setting next_dagrun for a_simple_bash_dag to None, run_after=None
[2023-12-04T21:47:54.349+0000] {processor.py:179} INFO - Processing /opt/airflow/dags/a_simple_bash_dag.py took 0.092 seconds
[2023-12-04T21:48:24.919+0000] {processor.py:157} INFO - Started process (PID=2198) to work on /opt/airflow/dags/a_simple_bash_dag.py
[2023-12-04T21:48:24.920+0000] {processor.py:829} INFO - Processing file /opt/airflow/dags/a_simple_bash_dag.py for tasks to queue
[2023-12-04T21:48:24.923+0000] {logging_mixin.py:154} INFO - [2023-12-04T21:48:24.923+0000] {dagbag.py:536} INFO - Filling up the DagBag from /opt/airflow/dags/a_simple_bash_dag.py
[2023-12-04T21:48:24.934+0000] {processor.py:839} INFO - DAG(s) dict_keys(['a_simple_bash_dag']) retrieved from /opt/airflow/dags/a_simple_bash_dag.py
[2023-12-04T21:48:24.960+0000] {logging_mixin.py:154} INFO - [2023-12-04T21:48:24.960+0000] {dag.py:2941} INFO - Sync 1 DAGs
[2023-12-04T21:48:25.132+0000] {logging_mixin.py:154} INFO - [2023-12-04T21:48:25.131+0000] {dag.py:3722} INFO - Setting next_dagrun for a_simple_bash_dag to None, run_after=None
[2023-12-04T21:48:25.153+0000] {processor.py:179} INFO - Processing /opt/airflow/dags/a_simple_bash_dag.py took 0.239 seconds
[2023-12-04T21:48:55.548+0000] {processor.py:157} INFO - Started process (PID=2254) to work on /opt/airflow/dags/a_simple_bash_dag.py
[2023-12-04T21:48:55.550+0000] {processor.py:829} INFO - Processing file /opt/airflow/dags/a_simple_bash_dag.py for tasks to queue
[2023-12-04T21:48:55.553+0000] {logging_mixin.py:154} INFO - [2023-12-04T21:48:55.552+0000] {dagbag.py:536} INFO - Filling up the DagBag from /opt/airflow/dags/a_simple_bash_dag.py
[2023-12-04T21:48:55.562+0000] {processor.py:839} INFO - DAG(s) dict_keys(['a_simple_bash_dag']) retrieved from /opt/airflow/dags/a_simple_bash_dag.py
[2023-12-04T21:48:55.586+0000] {logging_mixin.py:154} INFO - [2023-12-04T21:48:55.586+0000] {dag.py:2941} INFO - Sync 1 DAGs
[2023-12-04T21:48:55.604+0000] {logging_mixin.py:154} INFO - [2023-12-04T21:48:55.603+0000] {dag.py:3722} INFO - Setting next_dagrun for a_simple_bash_dag to None, run_after=None
[2023-12-04T21:48:55.625+0000] {processor.py:179} INFO - Processing /opt/airflow/dags/a_simple_bash_dag.py took 0.082 seconds
[2023-12-04T21:49:25.996+0000] {processor.py:157} INFO - Started process (PID=2310) to work on /opt/airflow/dags/a_simple_bash_dag.py
[2023-12-04T21:49:25.998+0000] {processor.py:829} INFO - Processing file /opt/airflow/dags/a_simple_bash_dag.py for tasks to queue
[2023-12-04T21:49:26.001+0000] {logging_mixin.py:154} INFO - [2023-12-04T21:49:26.000+0000] {dagbag.py:536} INFO - Filling up the DagBag from /opt/airflow/dags/a_simple_bash_dag.py
[2023-12-04T21:49:26.011+0000] {processor.py:839} INFO - DAG(s) dict_keys(['a_simple_bash_dag']) retrieved from /opt/airflow/dags/a_simple_bash_dag.py
[2023-12-04T21:49:26.036+0000] {logging_mixin.py:154} INFO - [2023-12-04T21:49:26.035+0000] {dag.py:2941} INFO - Sync 1 DAGs
[2023-12-04T21:49:26.052+0000] {logging_mixin.py:154} INFO - [2023-12-04T21:49:26.052+0000] {dag.py:3722} INFO - Setting next_dagrun for a_simple_bash_dag to None, run_after=None
[2023-12-04T21:49:26.078+0000] {processor.py:179} INFO - Processing /opt/airflow/dags/a_simple_bash_dag.py took 0.086 seconds
[2023-12-04T21:49:56.190+0000] {processor.py:157} INFO - Started process (PID=2364) to work on /opt/airflow/dags/a_simple_bash_dag.py
[2023-12-04T21:49:56.191+0000] {processor.py:829} INFO - Processing file /opt/airflow/dags/a_simple_bash_dag.py for tasks to queue
[2023-12-04T21:49:56.195+0000] {logging_mixin.py:154} INFO - [2023-12-04T21:49:56.194+0000] {dagbag.py:536} INFO - Filling up the DagBag from /opt/airflow/dags/a_simple_bash_dag.py
[2023-12-04T21:49:56.204+0000] {processor.py:839} INFO - DAG(s) dict_keys(['a_simple_bash_dag']) retrieved from /opt/airflow/dags/a_simple_bash_dag.py
[2023-12-04T21:49:56.230+0000] {logging_mixin.py:154} INFO - [2023-12-04T21:49:56.230+0000] {dag.py:2941} INFO - Sync 1 DAGs
[2023-12-04T21:49:56.248+0000] {logging_mixin.py:154} INFO - [2023-12-04T21:49:56.248+0000] {dag.py:3722} INFO - Setting next_dagrun for a_simple_bash_dag to None, run_after=None
[2023-12-04T21:49:56.272+0000] {processor.py:179} INFO - Processing /opt/airflow/dags/a_simple_bash_dag.py took 0.087 seconds
[2023-12-04T21:50:26.404+0000] {processor.py:157} INFO - Started process (PID=2420) to work on /opt/airflow/dags/a_simple_bash_dag.py
[2023-12-04T21:50:26.406+0000] {processor.py:829} INFO - Processing file /opt/airflow/dags/a_simple_bash_dag.py for tasks to queue
[2023-12-04T21:50:26.409+0000] {logging_mixin.py:154} INFO - [2023-12-04T21:50:26.409+0000] {dagbag.py:536} INFO - Filling up the DagBag from /opt/airflow/dags/a_simple_bash_dag.py
[2023-12-04T21:50:26.419+0000] {processor.py:839} INFO - DAG(s) dict_keys(['a_simple_bash_dag']) retrieved from /opt/airflow/dags/a_simple_bash_dag.py
[2023-12-04T21:50:26.444+0000] {logging_mixin.py:154} INFO - [2023-12-04T21:50:26.444+0000] {dag.py:2941} INFO - Sync 1 DAGs
[2023-12-04T21:50:26.462+0000] {logging_mixin.py:154} INFO - [2023-12-04T21:50:26.461+0000] {dag.py:3722} INFO - Setting next_dagrun for a_simple_bash_dag to None, run_after=None
[2023-12-04T21:50:26.485+0000] {processor.py:179} INFO - Processing /opt/airflow/dags/a_simple_bash_dag.py took 0.085 seconds
[2023-12-04T21:50:56.682+0000] {processor.py:157} INFO - Started process (PID=2476) to work on /opt/airflow/dags/a_simple_bash_dag.py
[2023-12-04T21:50:56.684+0000] {processor.py:829} INFO - Processing file /opt/airflow/dags/a_simple_bash_dag.py for tasks to queue
[2023-12-04T21:50:56.687+0000] {logging_mixin.py:154} INFO - [2023-12-04T21:50:56.687+0000] {dagbag.py:536} INFO - Filling up the DagBag from /opt/airflow/dags/a_simple_bash_dag.py
[2023-12-04T21:50:56.696+0000] {processor.py:839} INFO - DAG(s) dict_keys(['a_simple_bash_dag']) retrieved from /opt/airflow/dags/a_simple_bash_dag.py
[2023-12-04T21:50:56.723+0000] {logging_mixin.py:154} INFO - [2023-12-04T21:50:56.722+0000] {dag.py:2941} INFO - Sync 1 DAGs
[2023-12-04T21:50:56.741+0000] {logging_mixin.py:154} INFO - [2023-12-04T21:50:56.741+0000] {dag.py:3722} INFO - Setting next_dagrun for a_simple_bash_dag to None, run_after=None
[2023-12-04T21:50:56.766+0000] {processor.py:179} INFO - Processing /opt/airflow/dags/a_simple_bash_dag.py took 0.088 seconds
[2023-12-04T21:51:26.925+0000] {processor.py:157} INFO - Started process (PID=2532) to work on /opt/airflow/dags/a_simple_bash_dag.py
[2023-12-04T21:51:26.927+0000] {processor.py:829} INFO - Processing file /opt/airflow/dags/a_simple_bash_dag.py for tasks to queue
[2023-12-04T21:51:26.931+0000] {logging_mixin.py:154} INFO - [2023-12-04T21:51:26.930+0000] {dagbag.py:536} INFO - Filling up the DagBag from /opt/airflow/dags/a_simple_bash_dag.py
[2023-12-04T21:51:26.941+0000] {processor.py:839} INFO - DAG(s) dict_keys(['a_simple_bash_dag']) retrieved from /opt/airflow/dags/a_simple_bash_dag.py
[2023-12-04T21:51:26.966+0000] {logging_mixin.py:154} INFO - [2023-12-04T21:51:26.966+0000] {dag.py:2941} INFO - Sync 1 DAGs
[2023-12-04T21:51:26.985+0000] {logging_mixin.py:154} INFO - [2023-12-04T21:51:26.984+0000] {dag.py:3722} INFO - Setting next_dagrun for a_simple_bash_dag to None, run_after=None
[2023-12-04T21:51:27.008+0000] {processor.py:179} INFO - Processing /opt/airflow/dags/a_simple_bash_dag.py took 0.087 seconds
[2023-12-04T21:51:57.079+0000] {processor.py:157} INFO - Started process (PID=2588) to work on /opt/airflow/dags/a_simple_bash_dag.py
[2023-12-04T21:51:57.080+0000] {processor.py:829} INFO - Processing file /opt/airflow/dags/a_simple_bash_dag.py for tasks to queue
[2023-12-04T21:51:57.084+0000] {logging_mixin.py:154} INFO - [2023-12-04T21:51:57.084+0000] {dagbag.py:536} INFO - Filling up the DagBag from /opt/airflow/dags/a_simple_bash_dag.py
[2023-12-04T21:51:57.095+0000] {processor.py:839} INFO - DAG(s) dict_keys(['a_simple_bash_dag']) retrieved from /opt/airflow/dags/a_simple_bash_dag.py
[2023-12-04T21:51:57.121+0000] {logging_mixin.py:154} INFO - [2023-12-04T21:51:57.121+0000] {dag.py:2941} INFO - Sync 1 DAGs
[2023-12-04T21:51:57.141+0000] {logging_mixin.py:154} INFO - [2023-12-04T21:51:57.141+0000] {dag.py:3722} INFO - Setting next_dagrun for a_simple_bash_dag to None, run_after=None
[2023-12-04T21:51:57.177+0000] {processor.py:179} INFO - Processing /opt/airflow/dags/a_simple_bash_dag.py took 0.103 seconds
[2023-12-04T21:52:27.698+0000] {processor.py:157} INFO - Started process (PID=2644) to work on /opt/airflow/dags/a_simple_bash_dag.py
[2023-12-04T21:52:27.700+0000] {processor.py:829} INFO - Processing file /opt/airflow/dags/a_simple_bash_dag.py for tasks to queue
[2023-12-04T21:52:27.703+0000] {logging_mixin.py:154} INFO - [2023-12-04T21:52:27.703+0000] {dagbag.py:536} INFO - Filling up the DagBag from /opt/airflow/dags/a_simple_bash_dag.py
[2023-12-04T21:52:27.713+0000] {processor.py:839} INFO - DAG(s) dict_keys(['a_simple_bash_dag']) retrieved from /opt/airflow/dags/a_simple_bash_dag.py
[2023-12-04T21:52:27.738+0000] {logging_mixin.py:154} INFO - [2023-12-04T21:52:27.738+0000] {dag.py:2941} INFO - Sync 1 DAGs
[2023-12-04T21:52:27.756+0000] {logging_mixin.py:154} INFO - [2023-12-04T21:52:27.755+0000] {dag.py:3722} INFO - Setting next_dagrun for a_simple_bash_dag to None, run_after=None
[2023-12-04T21:52:27.780+0000] {processor.py:179} INFO - Processing /opt/airflow/dags/a_simple_bash_dag.py took 0.086 seconds
[2023-12-04T21:52:58.197+0000] {processor.py:157} INFO - Started process (PID=2700) to work on /opt/airflow/dags/a_simple_bash_dag.py
[2023-12-04T21:52:58.198+0000] {processor.py:829} INFO - Processing file /opt/airflow/dags/a_simple_bash_dag.py for tasks to queue
[2023-12-04T21:52:58.202+0000] {logging_mixin.py:154} INFO - [2023-12-04T21:52:58.202+0000] {dagbag.py:536} INFO - Filling up the DagBag from /opt/airflow/dags/a_simple_bash_dag.py
[2023-12-04T21:52:58.212+0000] {processor.py:839} INFO - DAG(s) dict_keys(['a_simple_bash_dag']) retrieved from /opt/airflow/dags/a_simple_bash_dag.py
[2023-12-04T21:52:58.239+0000] {logging_mixin.py:154} INFO - [2023-12-04T21:52:58.239+0000] {dag.py:2941} INFO - Sync 1 DAGs
[2023-12-04T21:52:58.256+0000] {logging_mixin.py:154} INFO - [2023-12-04T21:52:58.256+0000] {dag.py:3722} INFO - Setting next_dagrun for a_simple_bash_dag to None, run_after=None
[2023-12-04T21:52:58.279+0000] {processor.py:179} INFO - Processing /opt/airflow/dags/a_simple_bash_dag.py took 0.087 seconds
[2023-12-04T21:53:28.512+0000] {processor.py:157} INFO - Started process (PID=2756) to work on /opt/airflow/dags/a_simple_bash_dag.py
[2023-12-04T21:53:28.513+0000] {processor.py:829} INFO - Processing file /opt/airflow/dags/a_simple_bash_dag.py for tasks to queue
[2023-12-04T21:53:28.517+0000] {logging_mixin.py:154} INFO - [2023-12-04T21:53:28.517+0000] {dagbag.py:536} INFO - Filling up the DagBag from /opt/airflow/dags/a_simple_bash_dag.py
[2023-12-04T21:53:28.526+0000] {processor.py:839} INFO - DAG(s) dict_keys(['a_simple_bash_dag']) retrieved from /opt/airflow/dags/a_simple_bash_dag.py
[2023-12-04T21:53:28.552+0000] {logging_mixin.py:154} INFO - [2023-12-04T21:53:28.552+0000] {dag.py:2941} INFO - Sync 1 DAGs
[2023-12-04T21:53:28.569+0000] {logging_mixin.py:154} INFO - [2023-12-04T21:53:28.569+0000] {dag.py:3722} INFO - Setting next_dagrun for a_simple_bash_dag to None, run_after=None
[2023-12-04T21:53:28.592+0000] {processor.py:179} INFO - Processing /opt/airflow/dags/a_simple_bash_dag.py took 0.085 seconds
[2023-12-04T21:53:58.708+0000] {processor.py:157} INFO - Started process (PID=2812) to work on /opt/airflow/dags/a_simple_bash_dag.py
[2023-12-04T21:53:58.709+0000] {processor.py:829} INFO - Processing file /opt/airflow/dags/a_simple_bash_dag.py for tasks to queue
[2023-12-04T21:53:58.712+0000] {logging_mixin.py:154} INFO - [2023-12-04T21:53:58.711+0000] {dagbag.py:536} INFO - Filling up the DagBag from /opt/airflow/dags/a_simple_bash_dag.py
[2023-12-04T21:53:58.719+0000] {processor.py:839} INFO - DAG(s) dict_keys(['a_simple_bash_dag']) retrieved from /opt/airflow/dags/a_simple_bash_dag.py
[2023-12-04T21:53:58.742+0000] {logging_mixin.py:154} INFO - [2023-12-04T21:53:58.741+0000] {dag.py:2941} INFO - Sync 1 DAGs
[2023-12-04T21:53:58.758+0000] {logging_mixin.py:154} INFO - [2023-12-04T21:53:58.757+0000] {dag.py:3722} INFO - Setting next_dagrun for a_simple_bash_dag to None, run_after=None
[2023-12-04T21:53:58.778+0000] {processor.py:179} INFO - Processing /opt/airflow/dags/a_simple_bash_dag.py took 0.074 seconds
[2023-12-04T21:54:28.980+0000] {processor.py:157} INFO - Started process (PID=2868) to work on /opt/airflow/dags/a_simple_bash_dag.py
[2023-12-04T21:54:28.981+0000] {processor.py:829} INFO - Processing file /opt/airflow/dags/a_simple_bash_dag.py for tasks to queue
[2023-12-04T21:54:28.985+0000] {logging_mixin.py:154} INFO - [2023-12-04T21:54:28.984+0000] {dagbag.py:536} INFO - Filling up the DagBag from /opt/airflow/dags/a_simple_bash_dag.py
[2023-12-04T21:54:28.994+0000] {processor.py:839} INFO - DAG(s) dict_keys(['a_simple_bash_dag']) retrieved from /opt/airflow/dags/a_simple_bash_dag.py
[2023-12-04T21:54:29.018+0000] {logging_mixin.py:154} INFO - [2023-12-04T21:54:29.018+0000] {dag.py:2941} INFO - Sync 1 DAGs
[2023-12-04T21:54:29.035+0000] {logging_mixin.py:154} INFO - [2023-12-04T21:54:29.034+0000] {dag.py:3722} INFO - Setting next_dagrun for a_simple_bash_dag to None, run_after=None
[2023-12-04T21:54:29.058+0000] {processor.py:179} INFO - Processing /opt/airflow/dags/a_simple_bash_dag.py took 0.083 seconds
[2023-12-04T21:54:59.382+0000] {processor.py:157} INFO - Started process (PID=2924) to work on /opt/airflow/dags/a_simple_bash_dag.py
[2023-12-04T21:54:59.383+0000] {processor.py:829} INFO - Processing file /opt/airflow/dags/a_simple_bash_dag.py for tasks to queue
[2023-12-04T21:54:59.388+0000] {logging_mixin.py:154} INFO - [2023-12-04T21:54:59.387+0000] {dagbag.py:536} INFO - Filling up the DagBag from /opt/airflow/dags/a_simple_bash_dag.py
[2023-12-04T21:54:59.398+0000] {processor.py:839} INFO - DAG(s) dict_keys(['a_simple_bash_dag']) retrieved from /opt/airflow/dags/a_simple_bash_dag.py
[2023-12-04T21:54:59.424+0000] {logging_mixin.py:154} INFO - [2023-12-04T21:54:59.424+0000] {dag.py:2941} INFO - Sync 1 DAGs
[2023-12-04T21:54:59.443+0000] {logging_mixin.py:154} INFO - [2023-12-04T21:54:59.443+0000] {dag.py:3722} INFO - Setting next_dagrun for a_simple_bash_dag to None, run_after=None
[2023-12-04T21:54:59.470+0000] {processor.py:179} INFO - Processing /opt/airflow/dags/a_simple_bash_dag.py took 0.095 seconds
[2023-12-04T21:55:29.795+0000] {processor.py:157} INFO - Started process (PID=2980) to work on /opt/airflow/dags/a_simple_bash_dag.py
[2023-12-04T21:55:29.796+0000] {processor.py:829} INFO - Processing file /opt/airflow/dags/a_simple_bash_dag.py for tasks to queue
[2023-12-04T21:55:29.800+0000] {logging_mixin.py:154} INFO - [2023-12-04T21:55:29.799+0000] {dagbag.py:536} INFO - Filling up the DagBag from /opt/airflow/dags/a_simple_bash_dag.py
[2023-12-04T21:55:29.811+0000] {processor.py:839} INFO - DAG(s) dict_keys(['a_simple_bash_dag']) retrieved from /opt/airflow/dags/a_simple_bash_dag.py
[2023-12-04T21:55:29.837+0000] {logging_mixin.py:154} INFO - [2023-12-04T21:55:29.837+0000] {dag.py:2941} INFO - Sync 1 DAGs
[2023-12-04T21:55:29.855+0000] {logging_mixin.py:154} INFO - [2023-12-04T21:55:29.855+0000] {dag.py:3722} INFO - Setting next_dagrun for a_simple_bash_dag to None, run_after=None
[2023-12-04T21:55:29.877+0000] {processor.py:179} INFO - Processing /opt/airflow/dags/a_simple_bash_dag.py took 0.088 seconds
[2023-12-04T21:56:00.104+0000] {processor.py:157} INFO - Started process (PID=3036) to work on /opt/airflow/dags/a_simple_bash_dag.py
[2023-12-04T21:56:00.106+0000] {processor.py:829} INFO - Processing file /opt/airflow/dags/a_simple_bash_dag.py for tasks to queue
[2023-12-04T21:56:00.109+0000] {logging_mixin.py:154} INFO - [2023-12-04T21:56:00.109+0000] {dagbag.py:536} INFO - Filling up the DagBag from /opt/airflow/dags/a_simple_bash_dag.py
[2023-12-04T21:56:00.118+0000] {processor.py:839} INFO - DAG(s) dict_keys(['a_simple_bash_dag']) retrieved from /opt/airflow/dags/a_simple_bash_dag.py
[2023-12-04T21:56:00.142+0000] {logging_mixin.py:154} INFO - [2023-12-04T21:56:00.142+0000] {dag.py:2941} INFO - Sync 1 DAGs
[2023-12-04T21:56:00.159+0000] {logging_mixin.py:154} INFO - [2023-12-04T21:56:00.159+0000] {dag.py:3722} INFO - Setting next_dagrun for a_simple_bash_dag to None, run_after=None
[2023-12-04T21:56:00.181+0000] {processor.py:179} INFO - Processing /opt/airflow/dags/a_simple_bash_dag.py took 0.081 seconds
[2023-12-04T21:56:30.465+0000] {processor.py:157} INFO - Started process (PID=3092) to work on /opt/airflow/dags/a_simple_bash_dag.py
[2023-12-04T21:56:30.466+0000] {processor.py:829} INFO - Processing file /opt/airflow/dags/a_simple_bash_dag.py for tasks to queue
[2023-12-04T21:56:30.470+0000] {logging_mixin.py:154} INFO - [2023-12-04T21:56:30.470+0000] {dagbag.py:536} INFO - Filling up the DagBag from /opt/airflow/dags/a_simple_bash_dag.py
[2023-12-04T21:56:30.480+0000] {processor.py:839} INFO - DAG(s) dict_keys(['a_simple_bash_dag']) retrieved from /opt/airflow/dags/a_simple_bash_dag.py
[2023-12-04T21:56:30.506+0000] {logging_mixin.py:154} INFO - [2023-12-04T21:56:30.506+0000] {dag.py:2941} INFO - Sync 1 DAGs
[2023-12-04T21:56:30.524+0000] {logging_mixin.py:154} INFO - [2023-12-04T21:56:30.524+0000] {dag.py:3722} INFO - Setting next_dagrun for a_simple_bash_dag to None, run_after=None
[2023-12-04T21:56:30.548+0000] {processor.py:179} INFO - Processing /opt/airflow/dags/a_simple_bash_dag.py took 0.088 seconds
[2023-12-04T21:57:00.684+0000] {processor.py:157} INFO - Started process (PID=3148) to work on /opt/airflow/dags/a_simple_bash_dag.py
[2023-12-04T21:57:00.685+0000] {processor.py:829} INFO - Processing file /opt/airflow/dags/a_simple_bash_dag.py for tasks to queue
[2023-12-04T21:57:00.688+0000] {logging_mixin.py:154} INFO - [2023-12-04T21:57:00.688+0000] {dagbag.py:536} INFO - Filling up the DagBag from /opt/airflow/dags/a_simple_bash_dag.py
[2023-12-04T21:57:00.697+0000] {processor.py:839} INFO - DAG(s) dict_keys(['a_simple_bash_dag']) retrieved from /opt/airflow/dags/a_simple_bash_dag.py
[2023-12-04T21:57:00.721+0000] {logging_mixin.py:154} INFO - [2023-12-04T21:57:00.721+0000] {dag.py:2941} INFO - Sync 1 DAGs
[2023-12-04T21:57:00.737+0000] {logging_mixin.py:154} INFO - [2023-12-04T21:57:00.737+0000] {dag.py:3722} INFO - Setting next_dagrun for a_simple_bash_dag to None, run_after=None
[2023-12-04T21:57:00.760+0000] {processor.py:179} INFO - Processing /opt/airflow/dags/a_simple_bash_dag.py took 0.080 seconds
[2023-12-04T21:57:30.935+0000] {processor.py:157} INFO - Started process (PID=3204) to work on /opt/airflow/dags/a_simple_bash_dag.py
[2023-12-04T21:57:30.936+0000] {processor.py:829} INFO - Processing file /opt/airflow/dags/a_simple_bash_dag.py for tasks to queue
[2023-12-04T21:57:30.940+0000] {logging_mixin.py:154} INFO - [2023-12-04T21:57:30.940+0000] {dagbag.py:536} INFO - Filling up the DagBag from /opt/airflow/dags/a_simple_bash_dag.py
[2023-12-04T21:57:30.950+0000] {processor.py:839} INFO - DAG(s) dict_keys(['a_simple_bash_dag']) retrieved from /opt/airflow/dags/a_simple_bash_dag.py
[2023-12-04T21:57:30.976+0000] {logging_mixin.py:154} INFO - [2023-12-04T21:57:30.976+0000] {dag.py:2941} INFO - Sync 1 DAGs
[2023-12-04T21:57:30.993+0000] {logging_mixin.py:154} INFO - [2023-12-04T21:57:30.993+0000] {dag.py:3722} INFO - Setting next_dagrun for a_simple_bash_dag to None, run_after=None
[2023-12-04T21:57:31.029+0000] {processor.py:179} INFO - Processing /opt/airflow/dags/a_simple_bash_dag.py took 0.099 seconds
[2023-12-04T21:58:01.115+0000] {processor.py:157} INFO - Started process (PID=3260) to work on /opt/airflow/dags/a_simple_bash_dag.py
[2023-12-04T21:58:01.117+0000] {processor.py:829} INFO - Processing file /opt/airflow/dags/a_simple_bash_dag.py for tasks to queue
[2023-12-04T21:58:01.121+0000] {logging_mixin.py:154} INFO - [2023-12-04T21:58:01.120+0000] {dagbag.py:536} INFO - Filling up the DagBag from /opt/airflow/dags/a_simple_bash_dag.py
[2023-12-04T21:58:01.130+0000] {processor.py:839} INFO - DAG(s) dict_keys(['a_simple_bash_dag']) retrieved from /opt/airflow/dags/a_simple_bash_dag.py
[2023-12-04T21:58:01.160+0000] {logging_mixin.py:154} INFO - [2023-12-04T21:58:01.160+0000] {dag.py:2941} INFO - Sync 1 DAGs
[2023-12-04T21:58:01.178+0000] {logging_mixin.py:154} INFO - [2023-12-04T21:58:01.178+0000] {dag.py:3722} INFO - Setting next_dagrun for a_simple_bash_dag to None, run_after=None
[2023-12-04T21:58:01.206+0000] {processor.py:179} INFO - Processing /opt/airflow/dags/a_simple_bash_dag.py took 0.095 seconds
[2023-12-04T22:07:13.620+0000] {processor.py:157} INFO - Started process (PID=3316) to work on /opt/airflow/dags/a_simple_bash_dag.py
[2023-12-04T22:07:13.754+0000] {processor.py:829} INFO - Processing file /opt/airflow/dags/a_simple_bash_dag.py for tasks to queue
[2023-12-04T22:07:13.769+0000] {logging_mixin.py:154} INFO - [2023-12-04T22:07:13.768+0000] {dagbag.py:536} INFO - Filling up the DagBag from /opt/airflow/dags/a_simple_bash_dag.py
[2023-12-04T22:07:13.896+0000] {processor.py:839} INFO - DAG(s) dict_keys(['a_simple_bash_dag']) retrieved from /opt/airflow/dags/a_simple_bash_dag.py
[2023-12-04T22:07:13.935+0000] {logging_mixin.py:154} INFO - [2023-12-04T22:07:13.935+0000] {dag.py:2941} INFO - Sync 1 DAGs
[2023-12-04T22:07:14.006+0000] {logging_mixin.py:154} INFO - [2023-12-04T22:07:14.005+0000] {dag.py:3722} INFO - Setting next_dagrun for a_simple_bash_dag to None, run_after=None
[2023-12-04T22:07:14.079+0000] {processor.py:179} INFO - Processing /opt/airflow/dags/a_simple_bash_dag.py took 0.465 seconds
[2023-12-04T22:08:24.160+0000] {processor.py:157} INFO - Started process (PID=3372) to work on /opt/airflow/dags/a_simple_bash_dag.py
[2023-12-04T22:08:24.168+0000] {processor.py:829} INFO - Processing file /opt/airflow/dags/a_simple_bash_dag.py for tasks to queue
[2023-12-04T22:08:24.189+0000] {logging_mixin.py:154} INFO - [2023-12-04T22:08:24.189+0000] {dagbag.py:536} INFO - Filling up the DagBag from /opt/airflow/dags/a_simple_bash_dag.py
[2023-12-04T22:08:24.407+0000] {processor.py:839} INFO - DAG(s) dict_keys(['a_simple_bash_dag']) retrieved from /opt/airflow/dags/a_simple_bash_dag.py
[2023-12-04T22:08:24.457+0000] {logging_mixin.py:154} INFO - [2023-12-04T22:08:24.457+0000] {dag.py:2941} INFO - Sync 1 DAGs
[2023-12-04T22:08:24.503+0000] {logging_mixin.py:154} INFO - [2023-12-04T22:08:24.502+0000] {dag.py:3722} INFO - Setting next_dagrun for a_simple_bash_dag to None, run_after=None
[2023-12-04T22:08:24.546+0000] {processor.py:179} INFO - Processing /opt/airflow/dags/a_simple_bash_dag.py took 0.394 seconds
[2023-12-04T22:09:06.554+0000] {processor.py:157} INFO - Started process (PID=3433) to work on /opt/airflow/dags/a_simple_bash_dag.py
[2023-12-04T22:09:06.783+0000] {processor.py:829} INFO - Processing file /opt/airflow/dags/a_simple_bash_dag.py for tasks to queue
[2023-12-04T22:09:06.789+0000] {logging_mixin.py:154} INFO - [2023-12-04T22:09:06.788+0000] {dagbag.py:536} INFO - Filling up the DagBag from /opt/airflow/dags/a_simple_bash_dag.py
[2023-12-04T22:09:06.801+0000] {processor.py:839} INFO - DAG(s) dict_keys(['a_simple_bash_dag']) retrieved from /opt/airflow/dags/a_simple_bash_dag.py
[2023-12-04T22:09:06.836+0000] {logging_mixin.py:154} INFO - [2023-12-04T22:09:06.836+0000] {dag.py:2941} INFO - Sync 1 DAGs
[2023-12-04T22:09:06.852+0000] {logging_mixin.py:154} INFO - [2023-12-04T22:09:06.852+0000] {dag.py:3722} INFO - Setting next_dagrun for a_simple_bash_dag to None, run_after=None
[2023-12-04T22:09:06.894+0000] {processor.py:179} INFO - Processing /opt/airflow/dags/a_simple_bash_dag.py took 0.347 seconds
[2023-12-04T22:09:37.610+0000] {processor.py:157} INFO - Started process (PID=3490) to work on /opt/airflow/dags/a_simple_bash_dag.py
[2023-12-04T22:09:37.617+0000] {processor.py:829} INFO - Processing file /opt/airflow/dags/a_simple_bash_dag.py for tasks to queue
[2023-12-04T22:09:37.629+0000] {logging_mixin.py:154} INFO - [2023-12-04T22:09:37.628+0000] {dagbag.py:536} INFO - Filling up the DagBag from /opt/airflow/dags/a_simple_bash_dag.py
[2023-12-04T22:09:37.670+0000] {processor.py:839} INFO - DAG(s) dict_keys(['a_simple_bash_dag']) retrieved from /opt/airflow/dags/a_simple_bash_dag.py
[2023-12-04T22:09:37.802+0000] {logging_mixin.py:154} INFO - [2023-12-04T22:09:37.801+0000] {dag.py:2941} INFO - Sync 1 DAGs
[2023-12-04T22:09:37.896+0000] {logging_mixin.py:154} INFO - [2023-12-04T22:09:37.895+0000] {dag.py:3722} INFO - Setting next_dagrun for a_simple_bash_dag to None, run_after=None
[2023-12-04T22:09:37.990+0000] {processor.py:179} INFO - Processing /opt/airflow/dags/a_simple_bash_dag.py took 0.399 seconds
[2023-12-04T22:43:36.442+0000] {processor.py:157} INFO - Started process (PID=3525) to work on /opt/airflow/dags/a_simple_bash_dag.py
[2023-12-04T22:43:36.444+0000] {processor.py:829} INFO - Processing file /opt/airflow/dags/a_simple_bash_dag.py for tasks to queue
[2023-12-04T22:43:36.446+0000] {logging_mixin.py:154} INFO - [2023-12-04T22:43:36.446+0000] {dagbag.py:536} INFO - Filling up the DagBag from /opt/airflow/dags/a_simple_bash_dag.py
[2023-12-04T22:43:36.456+0000] {processor.py:839} INFO - DAG(s) dict_keys(['a_simple_bash_dag']) retrieved from /opt/airflow/dags/a_simple_bash_dag.py
[2023-12-04T22:43:36.489+0000] {logging_mixin.py:154} INFO - [2023-12-04T22:43:36.489+0000] {dag.py:2941} INFO - Sync 1 DAGs
[2023-12-04T22:43:36.505+0000] {logging_mixin.py:154} INFO - [2023-12-04T22:43:36.505+0000] {dag.py:3722} INFO - Setting next_dagrun for a_simple_bash_dag to None, run_after=None
[2023-12-04T22:43:36.531+0000] {processor.py:179} INFO - Processing /opt/airflow/dags/a_simple_bash_dag.py took 0.094 seconds
[2023-12-04T22:44:06.768+0000] {processor.py:157} INFO - Started process (PID=3581) to work on /opt/airflow/dags/a_simple_bash_dag.py
[2023-12-04T22:44:06.779+0000] {processor.py:829} INFO - Processing file /opt/airflow/dags/a_simple_bash_dag.py for tasks to queue
[2023-12-04T22:44:06.785+0000] {logging_mixin.py:154} INFO - [2023-12-04T22:44:06.783+0000] {dagbag.py:536} INFO - Filling up the DagBag from /opt/airflow/dags/a_simple_bash_dag.py
[2023-12-04T22:44:06.835+0000] {processor.py:839} INFO - DAG(s) dict_keys(['a_simple_bash_dag']) retrieved from /opt/airflow/dags/a_simple_bash_dag.py
[2023-12-04T22:44:06.954+0000] {logging_mixin.py:154} INFO - [2023-12-04T22:44:06.953+0000] {dag.py:2941} INFO - Sync 1 DAGs
[2023-12-04T22:44:07.041+0000] {logging_mixin.py:154} INFO - [2023-12-04T22:44:07.040+0000] {dag.py:3722} INFO - Setting next_dagrun for a_simple_bash_dag to None, run_after=None
[2023-12-04T22:44:07.172+0000] {processor.py:179} INFO - Processing /opt/airflow/dags/a_simple_bash_dag.py took 0.439 seconds
